<?xml version="1.0" encoding="utf-8"?>
<!DOCTYPE PubmedArticleSet SYSTEM "http://dtd.nlm.nih.gov/ncbi/pubmed/out/pubmed_190101.dtd">
<PubmedArticleSet>
  <PubmedArticle>
    <MedlineCitation Status="MEDLINE" Owner="NLM">
      <PMID Version="1">1</PMID>
      <DateCompleted>
        <Year>1976</Year>
        <Month>01</Month>
        <Day>16</Day>
      </DateCompleted>
      <DateRevised>
        <Year>2019</Year>
        <Month>02</Month>
        <Day>08</Day>
      </DateRevised>
      <Article PubModel="Print">
        <Journal>
          <ISSN IssnType="Print">0006-2944</ISSN>
          <JournalIssue CitedMedium="Print">
            <Volume>13</Volume>
            <Issue>2</Issue>
            <PubDate>
              <Year>1975</Year>
              <Month>Jun</Month>
            </PubDate>
          </JournalIssue>
          <Title>Biochemical medicine</Title>
          <ISOAbbreviation>Biochem Med</ISOAbbreviation>
        </Journal>
        <ArticleTitle>Formate assay in body fluids: application in methanol poisoning.</ArticleTitle>
        <Pagination>
          <MedlinePgn>117-26</MedlinePgn>
        </Pagination>
        <AuthorList CompleteYN="Y">
          <Author ValidYN="Y">
            <LastName>Makar</LastName>
            <ForeName>A B</ForeName>
            <Initials>AB</Initials>
          </Author>
          <Author ValidYN="Y">
            <LastName>McMartin</LastName>
            <ForeName>K E</ForeName>
            <Initials>KE</Initials>
          </Author>
          <Author ValidYN="Y">
            <LastName>Palese</LastName>
            <ForeName>M</ForeName>
            <Initials>M</Initials>
          </Author>
          <Author ValidYN="Y">
            <LastName>Tephly</LastName>
            <ForeName>T R</ForeName>
            <Initials>TR</Initials>
          </Author>
        </AuthorList>
        <Language>eng</Language>
        <GrantList CompleteYN="Y">
          <Grant>
            <GrantID>MC_UU_12013/5</GrantID>
            <Agency>MRC</Agency>
            <Country>United Kingdom</Country>
          </Grant>
        </GrantList>
        <PublicationTypeList>
          <PublicationType UI="D016428">Journal Article</PublicationType>
          <PublicationType UI="D013487">Research Support, U.S. Gov't, P.H.S.</PublicationType>
        </PublicationTypeList>
      </Article>
      <MedlineJournalInfo>
        <Country>United States</Country>
        <MedlineTA>Biochem Med</MedlineTA>
        <NlmUniqueID>0151424</NlmUniqueID>
        <ISSNLinking>0006-2944</ISSNLinking>
      </MedlineJournalInfo>
      <ChemicalList>
        <Chemical>
          <RegistryNumber>0</RegistryNumber>
          <NameOfSubstance UI="D005561">Formates</NameOfSubstance>
        </Chemical>
        <Chemical>
          <RegistryNumber>142M471B3J</RegistryNumber>
          <NameOfSubstance UI="D002245">Carbon Dioxide</NameOfSubstance>
        </Chemical>
        <Chemical>
          <RegistryNumber>EC 1.2.-</RegistryNumber>
          <NameOfSubstance UI="D000445">Aldehyde Oxidoreductases</NameOfSubstance>
        </Chemical>
        <Chemical>
          <RegistryNumber>Y4S76JWI15</RegistryNumber>
          <NameOfSubstance UI="D000432">Methanol</NameOfSubstance>
        </Chemical>
      </ChemicalList>
      <CitationSubset>IM</CitationSubset>
      <MeshHeadingList>
        <MeshHeading>
          <DescriptorName UI="D000445" MajorTopicYN="N">Aldehyde Oxidoreductases</DescriptorName>
          <QualifierName UI="Q000378" MajorTopicYN="N">metabolism</QualifierName>
        </MeshHeading>
        <MeshHeading>
          <DescriptorName UI="D000818" MajorTopicYN="N">Animals</DescriptorName>
        </MeshHeading>
        <MeshHeading>
          <DescriptorName UI="D001826" MajorTopicYN="N">Body Fluids</DescriptorName>
          <QualifierName UI="Q000032" MajorTopicYN="Y">analysis</QualifierName>
        </MeshHeading>
        <MeshHeading>
          <DescriptorName UI="D002245" MajorTopicYN="N">Carbon Dioxide</DescriptorName>
          <QualifierName UI="Q000097" MajorTopicYN="N">blood</QualifierName>
        </MeshHeading>
        <MeshHeading>
          <DescriptorName UI="D005561" MajorTopicYN="N">Formates</DescriptorName>
          <QualifierName UI="Q000097" MajorTopicYN="N">blood</QualifierName>
          <QualifierName UI="Q000506" MajorTopicYN="Y">poisoning</QualifierName>
        </MeshHeading>
        <MeshHeading>
          <DescriptorName UI="D000882" MajorTopicYN="N">Haplorhini</DescriptorName>
        </MeshHeading>
        <MeshHeading>
          <DescriptorName UI="D006801" MajorTopicYN="N">Humans</DescriptorName>
        </MeshHeading>
        <MeshHeading>
          <DescriptorName UI="D006863" MajorTopicYN="N">Hydrogen-Ion Concentration</DescriptorName>
        </MeshHeading>
        <MeshHeading>
          <DescriptorName UI="D007700" MajorTopicYN="N">Kinetics</DescriptorName>
        </MeshHeading>
        <MeshHeading>
          <DescriptorName UI="D000432" MajorTopicYN="N">Methanol</DescriptorName>
          <QualifierName UI="Q000097" MajorTopicYN="N">blood</QualifierName>
        </MeshHeading>
        <MeshHeading>
          <DescriptorName UI="D008722" MajorTopicYN="N">Methods</DescriptorName>
        </MeshHeading>
        <MeshHeading>
          <DescriptorName UI="D011549" MajorTopicYN="N">Pseudomonas</DescriptorName>
          <QualifierName UI="Q000201" MajorTopicYN="N">enzymology</QualifierName>
        </MeshHeading>
      </MeshHeadingList>
    </MedlineCitation>
    <PubmedData>
      <History>
        <PubMedPubDate PubStatus="pubmed">
          <Year>1975</Year>
          <Month>6</Month>
          <Day>1</Day>
        </PubMedPubDate>
        <PubMedPubDate PubStatus="medline">
          <Year>1975</Year>
          <Month>6</Month>
          <Day>1</Day>
          <Hour>0</Hour>
          <Minute>1</Minute>
        </PubMedPubDate>
        <PubMedPubDate PubStatus="entrez">
          <Year>1975</Year>
          <Month>6</Month>
          <Day>1</Day>
          <Hour>0</Hour>
          <Minute>0</Minute>
        </PubMedPubDate>
      </History>
      <PublicationStatus>ppublish</PublicationStatus>
      <ArticleIdList>
        <ArticleId IdType="pubmed">1</ArticleId>
        <ArticleId IdType="doi">10.1016/0006-2944(75)90147-7</ArticleId>
      </ArticleIdList>
    </PubmedData>
  </PubmedArticle>
  <PubmedArticle>
    <MedlineCitation Status="MEDLINE" Owner="NLM">
      <PMID Version="1">2</PMID>
      <DateCompleted>
        <Year>1976</Year>
        <Month>01</Month>
        <Day>10</Day>
      </DateCompleted>
      <DateRevised>
        <Year>2019</Year>
        <Month>06</Month>
        <Day>12</Day>
      </DateRevised>
      <Article PubModel="Print">
        <Journal>
          <ISSN IssnType="Electronic">1090-2104</ISSN>
          <JournalIssue CitedMedium="Internet">
            <Volume>66</Volume>
            <Issue>4</Issue>
            <PubDate>
              <Year>1975</Year>
              <Month>Oct</Month>
              <Day>27</Day>
            </PubDate>
          </JournalIssue>
          <Title>Biochemical and biophysical research communications</Title>
          <ISOAbbreviation>Biochem Biophys Res Commun</ISOAbbreviation>
        </Journal>
        <ArticleTitle>Delineation of the intimate details of the backbone conformation of pyridine nucleotide coenzymes in aqueous solution.</ArticleTitle>
        <Pagination>
          <MedlinePgn>1173-9</MedlinePgn>
        </Pagination>
        <AuthorList CompleteYN="Y">
          <Author ValidYN="Y">
            <LastName>Bose</LastName>
            <ForeName>K S</ForeName>
            <Initials>KS</Initials>
          </Author>
          <Author ValidYN="Y">
            <LastName>Sarma</LastName>
            <ForeName>R H</ForeName>
            <Initials>RH</Initials>
          </Author>
        </AuthorList>
        <Language>eng</Language>
        <PublicationTypeList>
          <PublicationType UI="D016428">Journal Article</PublicationType>
          <PublicationType UI="D013486">Research Support, U.S. Gov't, Non-P.H.S.</PublicationType>
          <PublicationType UI="D013487">Research Support, U.S. Gov't, P.H.S.</PublicationType>
        </PublicationTypeList>
      </Article>
      <MedlineJournalInfo>
        <Country>United States</Country>
        <MedlineTA>Biochem Biophys Res Commun</MedlineTA>
        <NlmUniqueID>0372516</NlmUniqueID>
        <ISSNLinking>0006-291X</ISSNLinking>
      </MedlineJournalInfo>
      <ChemicalList>
        <Chemical>
          <RegistryNumber>0U46U6E8UK</RegistryNumber>
          <NameOfSubstance UI="D009243">NAD</NameOfSubstance>
        </Chemical>
        <Chemical>
          <RegistryNumber>53-59-8</RegistryNumber>
          <NameOfSubstance UI="D009249">NADP</NameOfSubstance>
        </Chemical>
      </ChemicalList>
      <CitationSubset>IM</CitationSubset>
      <CommentsCorrectionsList>
        <CommentsCorrections RefType="ErratumIn">
          <RefSource>Biochem Pharmacol. 1975 Aug 15;24(16):1517-21</RefSource>
          <PMID Version="1">8</PMID>
        </CommentsCorrections>
      </CommentsCorrectionsList>
      <MeshHeadingList>
        <MeshHeading>
          <DescriptorName UI="D005583" MajorTopicYN="N">Fourier Analysis</DescriptorName>
        </MeshHeading>
        <MeshHeading>
          <DescriptorName UI="D009682" MajorTopicYN="N">Magnetic Resonance Spectroscopy</DescriptorName>
        </MeshHeading>
        <MeshHeading>
          <DescriptorName UI="D008958" MajorTopicYN="N">Models, Molecular</DescriptorName>
        </MeshHeading>
        <MeshHeading>
          <DescriptorName UI="D008968" MajorTopicYN="N">Molecular Conformation</DescriptorName>
        </MeshHeading>
        <MeshHeading>
          <DescriptorName UI="D009243" MajorTopicYN="Y">NAD</DescriptorName>
          <QualifierName UI="Q000031" MajorTopicYN="N">analogs &amp; derivatives</QualifierName>
        </MeshHeading>
        <MeshHeading>
          <DescriptorName UI="D009249" MajorTopicYN="Y">NADP</DescriptorName>
        </MeshHeading>
        <MeshHeading>
          <DescriptorName UI="D013329" MajorTopicYN="N">Structure-Activity Relationship</DescriptorName>
        </MeshHeading>
        <MeshHeading>
          <DescriptorName UI="D013696" MajorTopicYN="N">Temperature</DescriptorName>
        </MeshHeading>
      </MeshHeadingList>
    </MedlineCitation>
    <PubmedData>
      <History>
        <PubMedPubDate PubStatus="pubmed">
          <Year>1975</Year>
          <Month>10</Month>
          <Day>27</Day>
        </PubMedPubDate>
        <PubMedPubDate PubStatus="medline">
          <Year>1975</Year>
          <Month>10</Month>
          <Day>27</Day>
          <Hour>0</Hour>
          <Minute>1</Minute>
        </PubMedPubDate>
        <PubMedPubDate PubStatus="entrez">
          <Year>1975</Year>
          <Month>10</Month>
          <Day>27</Day>
          <Hour>0</Hour>
          <Minute>0</Minute>
        </PubMedPubDate>
      </History>
      <PublicationStatus>ppublish</PublicationStatus>
      <ArticleIdList>
        <ArticleId IdType="pubmed">2</ArticleId>
        <ArticleId IdType="pii">0006-291X(75)90482-9</ArticleId>
        <ArticleId IdType="doi">10.1016/0006-291x(75)90482-9</ArticleId>
      </ArticleIdList>
    </PubmedData>
  </PubmedArticle>
  <PubmedArticle>
    <MedlineCitation Status="MEDLINE" Owner="NLM">
      <PMID Version="1">3</PMID>
      <DateCompleted>
        <Year>1976</Year>
        <Month>01</Month>
        <Day>10</Day>
      </DateCompleted>
      <DateRevised>
        <Year>2019</Year>
        <Month>06</Month>
        <Day>12</Day>
      </DateRevised>
      <Article PubModel="Print">
        <Journal>
          <ISSN IssnType="Print">0006-291X</ISSN>
          <JournalIssue CitedMedium="Print">
            <Volume>66</Volume>
            <Issue>4</Issue>
            <PubDate>
              <Year>1975</Year>
              <Month>Oct</Month>
              <Day>27</Day>
            </PubDate>
          </JournalIssue>
          <Title>Biochemical and biophysical research communications</Title>
          <ISOAbbreviation>Biochem Biophys Res Commun</ISOAbbreviation>
        </Journal>
        <ArticleTitle>Metal substitutions incarbonic anhydrase: a halide ion probe study.</ArticleTitle>
        <Pagination>
          <MedlinePgn>1281-6</MedlinePgn>
        </Pagination>
        <AuthorList CompleteYN="Y">
          <Author ValidYN="Y">
            <LastName>Smith</LastName>
            <ForeName>R J</ForeName>
            <Initials>RJ</Initials>
          </Author>
          <Author ValidYN="Y">
            <LastName>Bryant</LastName>
            <ForeName>R G</ForeName>
            <Initials>RG</Initials>
          </Author>
        </AuthorList>
        <Language>eng</Language>
        <PublicationTypeList>
          <PublicationType UI="D016428">Journal Article</PublicationType>
          <PublicationType UI="D013487">Research Support, U.S. Gov't, P.H.S.</PublicationType>
        </PublicationTypeList>
      </Article>
      <MedlineJournalInfo>
        <Country>United States</Country>
        <MedlineTA>Biochem Biophys Res Commun</MedlineTA>
        <NlmUniqueID>0372516</NlmUniqueID>
        <ISSNLinking>0006-291X</ISSNLinking>
      </MedlineJournalInfo>
      <ChemicalList>
        <Chemical>
          <RegistryNumber>00BH33GNGH</RegistryNumber>
          <NameOfSubstance UI="D002104">Cadmium</NameOfSubstance>
        </Chemical>
        <Chemical>
          <RegistryNumber>EC 4.2.1.1</RegistryNumber>
          <NameOfSubstance UI="D002256">Carbonic Anhydrases</NameOfSubstance>
        </Chemical>
        <Chemical>
          <RegistryNumber>FXS1BY2PGL</RegistryNumber>
          <NameOfSubstance UI="D008628">Mercury</NameOfSubstance>
        </Chemical>
        <Chemical>
          <RegistryNumber>J41CSQ7QDS</RegistryNumber>
          <NameOfSubstance UI="D015032">Zinc</NameOfSubstance>
        </Chemical>
      </ChemicalList>
      <CitationSubset>IM</CitationSubset>
      <MeshHeadingList>
        <MeshHeading>
          <DescriptorName UI="D000818" MajorTopicYN="N">Animals</DescriptorName>
        </MeshHeading>
        <MeshHeading>
          <DescriptorName UI="D001665" MajorTopicYN="N">Binding Sites</DescriptorName>
        </MeshHeading>
        <MeshHeading>
          <DescriptorName UI="D002104" MajorTopicYN="Y">Cadmium</DescriptorName>
        </MeshHeading>
        <MeshHeading>
          <DescriptorName UI="D002256" MajorTopicYN="Y">Carbonic Anhydrases</DescriptorName>
          <QualifierName UI="Q000378" MajorTopicYN="N">metabolism</QualifierName>
        </MeshHeading>
        <MeshHeading>
          <DescriptorName UI="D002417" MajorTopicYN="N">Cattle</DescriptorName>
        </MeshHeading>
        <MeshHeading>
          <DescriptorName UI="D006801" MajorTopicYN="N">Humans</DescriptorName>
        </MeshHeading>
        <MeshHeading>
          <DescriptorName UI="D006863" MajorTopicYN="N">Hydrogen-Ion Concentration</DescriptorName>
        </MeshHeading>
        <MeshHeading>
          <DescriptorName UI="D009682" MajorTopicYN="N">Magnetic Resonance Spectroscopy</DescriptorName>
        </MeshHeading>
        <MeshHeading>
          <DescriptorName UI="D008628" MajorTopicYN="Y">Mercury</DescriptorName>
        </MeshHeading>
        <MeshHeading>
          <DescriptorName UI="D011485" MajorTopicYN="N">Protein Binding</DescriptorName>
        </MeshHeading>
        <MeshHeading>
          <DescriptorName UI="D011487" MajorTopicYN="N">Protein Conformation</DescriptorName>
        </MeshHeading>
        <MeshHeading>
          <DescriptorName UI="D015032" MajorTopicYN="Y">Zinc</DescriptorName>
          <QualifierName UI="Q000494" MajorTopicYN="N">pharmacology</QualifierName>
        </MeshHeading>
      </MeshHeadingList>
    </MedlineCitation>
    <PubmedData>
      <History>
        <PubMedPubDate PubStatus="pubmed">
          <Year>1975</Year>
          <Month>10</Month>
          <Day>27</Day>
        </PubMedPubDate>
        <PubMedPubDate PubStatus="medline">
          <Year>1975</Year>
          <Month>10</Month>
          <Day>27</Day>
          <Hour>0</Hour>
          <Minute>1</Minute>
        </PubMedPubDate>
        <PubMedPubDate PubStatus="entrez">
          <Year>1975</Year>
          <Month>10</Month>
          <Day>27</Day>
          <Hour>0</Hour>
          <Minute>0</Minute>
        </PubMedPubDate>
      </History>
      <PublicationStatus>ppublish</PublicationStatus>
      <ArticleIdList>
        <ArticleId IdType="pubmed">3</ArticleId>
        <ArticleId IdType="pii">0006-291X(75)90498-2</ArticleId>
        <ArticleId IdType="doi">10.1016/0006-291x(75)90498-2</ArticleId>
      </ArticleIdList>
    </PubmedData>
  </PubmedArticle>
  <PubmedArticle>
    <MedlineCitation Status="MEDLINE" Owner="NLM">
      <PMID Version="1">4</PMID>
      <DateCompleted>
        <Year>1976</Year>
        <Month>01</Month>
        <Day>10</Day>
      </DateCompleted>
      <DateRevised>
        <Year>2019</Year>
        <Month>06</Month>
        <Day>12</Day>
      </DateRevised>
      <Article PubModel="Print">
        <Journal>
          <ISSN IssnType="Electronic">1090-2104</ISSN>
          <JournalIssue CitedMedium="Internet">
            <Volume>66</Volume>
            <Issue>4</Issue>
            <PubDate>
              <Year>1975</Year>
              <Month>Oct</Month>
              <Day>27</Day>
            </PubDate>
          </JournalIssue>
          <Title>Biochemical and biophysical research communications</Title>
          <ISOAbbreviation>Biochem Biophys Res Commun</ISOAbbreviation>
        </Journal>
        <ArticleTitle>Effect of chloroquine on cultured fibroblasts: release of lysosomal hydrolases and inhibition of their uptake.</ArticleTitle>
        <Pagination>
          <MedlinePgn>1338-43</MedlinePgn>
        </Pagination>
        <AuthorList CompleteYN="Y">
          <Author ValidYN="Y">
            <LastName>Wiesmann</LastName>
            <ForeName>U N</ForeName>
            <Initials>UN</Initials>
          </Author>
          <Author ValidYN="Y">
            <LastName>DiDonato</LastName>
            <ForeName>S</ForeName>
            <Initials>S</Initials>
          </Author>
          <Author ValidYN="Y">
            <LastName>Herschkowitz</LastName>
            <ForeName>N N</ForeName>
            <Initials>NN</Initials>
          </Author>
        </AuthorList>
        <Language>eng</Language>
        <GrantList CompleteYN="Y">
          <Grant>
            <GrantID>BB/C008219/1</GrantID>
            <Agency>Biotechnology and Biological Sciences Research Council</Agency>
            <Country>United Kingdom</Country>
          </Grant>
          <Grant>
            <GrantID>G1100377</GrantID>
            <Agency>Medical Research Council</Agency>
            <Country>United Kingdom</Country>
          </Grant>
          <Grant>
            <GrantID>G1100377</GrantID>
            <Agency>MRC</Agency>
            <Country>United Kingdom</Country>
          </Grant>
        </GrantList>
        <PublicationTypeList>
          <PublicationType UI="D016428">Journal Article</PublicationType>
        </PublicationTypeList>
      </Article>
      <MedlineJournalInfo>
        <Country>United States</Country>
        <MedlineTA>Biochem Biophys Res Commun</MedlineTA>
        <NlmUniqueID>0372516</NlmUniqueID>
        <ISSNLinking>0006-291X</ISSNLinking>
      </MedlineJournalInfo>
      <ChemicalList>
        <Chemical>
          <RegistryNumber>0</RegistryNumber>
          <NameOfSubstance UI="D003911">Dextrans</NameOfSubstance>
        </Chemical>
        <Chemical>
          <RegistryNumber>886U3H6UFF</RegistryNumber>
          <NameOfSubstance UI="D002738">Chloroquine</NameOfSubstance>
        </Chemical>
        <Chemical>
          <RegistryNumber>EC 3.1.6.-</RegistryNumber>
          <NameOfSubstance UI="D013429">Sulfatases</NameOfSubstance>
        </Chemical>
        <Chemical>
          <RegistryNumber>EC 3.1.6.8</RegistryNumber>
          <NameOfSubstance UI="D002553">Cerebroside-Sulfatase</NameOfSubstance>
        </Chemical>
        <Chemical>
          <RegistryNumber>EC 3.2.1.31</RegistryNumber>
          <NameOfSubstance UI="D005966">Glucuronidase</NameOfSubstance>
        </Chemical>
      </ChemicalList>
      <CitationSubset>IM</CitationSubset>
      <MeshHeadingList>
        <MeshHeading>
          <DescriptorName UI="D001692" MajorTopicYN="N">Biological Transport</DescriptorName>
        </MeshHeading>
        <MeshHeading>
          <DescriptorName UI="D002478" MajorTopicYN="N">Cells, Cultured</DescriptorName>
        </MeshHeading>
        <MeshHeading>
          <DescriptorName UI="D002553" MajorTopicYN="N">Cerebroside-Sulfatase</DescriptorName>
          <QualifierName UI="Q000378" MajorTopicYN="Y">metabolism</QualifierName>
        </MeshHeading>
        <MeshHeading>
          <DescriptorName UI="D002738" MajorTopicYN="N">Chloroquine</DescriptorName>
          <QualifierName UI="Q000494" MajorTopicYN="Y">pharmacology</QualifierName>
        </MeshHeading>
        <MeshHeading>
          <DescriptorName UI="D003911" MajorTopicYN="N">Dextrans</DescriptorName>
          <QualifierName UI="Q000378" MajorTopicYN="N">metabolism</QualifierName>
        </MeshHeading>
        <MeshHeading>
          <DescriptorName UI="D005347" MajorTopicYN="N">Fibroblasts</DescriptorName>
          <QualifierName UI="Q000201" MajorTopicYN="N">enzymology</QualifierName>
          <QualifierName UI="Q000378" MajorTopicYN="N">metabolism</QualifierName>
        </MeshHeading>
        <MeshHeading>
          <DescriptorName UI="D005966" MajorTopicYN="N">Glucuronidase</DescriptorName>
          <QualifierName UI="Q000378" MajorTopicYN="Y">metabolism</QualifierName>
        </MeshHeading>
        <MeshHeading>
          <DescriptorName UI="D006801" MajorTopicYN="N">Humans</DescriptorName>
        </MeshHeading>
        <MeshHeading>
          <DescriptorName UI="D007966" MajorTopicYN="N">Leukodystrophy, Metachromatic</DescriptorName>
          <QualifierName UI="Q000201" MajorTopicYN="N">enzymology</QualifierName>
        </MeshHeading>
        <MeshHeading>
          <DescriptorName UI="D008247" MajorTopicYN="N">Lysosomes</DescriptorName>
          <QualifierName UI="Q000187" MajorTopicYN="N">drug effects</QualifierName>
          <QualifierName UI="Q000201" MajorTopicYN="Y">enzymology</QualifierName>
        </MeshHeading>
        <MeshHeading>
          <DescriptorName UI="D010873" MajorTopicYN="N">Pinocytosis</DescriptorName>
          <QualifierName UI="Q000187" MajorTopicYN="N">drug effects</QualifierName>
        </MeshHeading>
        <MeshHeading>
          <DescriptorName UI="D012867" MajorTopicYN="N">Skin</DescriptorName>
          <QualifierName UI="Q000201" MajorTopicYN="N">enzymology</QualifierName>
        </MeshHeading>
        <MeshHeading>
          <DescriptorName UI="D013429" MajorTopicYN="N">Sulfatases</DescriptorName>
          <QualifierName UI="Q000378" MajorTopicYN="Y">metabolism</QualifierName>
        </MeshHeading>
      </MeshHeadingList>
    </MedlineCitation>
    <PubmedData>
      <History>
        <PubMedPubDate PubStatus="pubmed">
          <Year>1975</Year>
          <Month>10</Month>
          <Day>27</Day>
        </PubMedPubDate>
        <PubMedPubDate PubStatus="medline">
          <Year>1975</Year>
          <Month>10</Month>
          <Day>27</Day>
          <Hour>0</Hour>
          <Minute>1</Minute>
        </PubMedPubDate>
        <PubMedPubDate PubStatus="entrez">
          <Year>1975</Year>
          <Month>10</Month>
          <Day>27</Day>
          <Hour>0</Hour>
          <Minute>0</Minute>
        </PubMedPubDate>
      </History>
      <PublicationStatus>ppublish</PublicationStatus>
      <ArticleIdList>
        <ArticleId IdType="pubmed">4</ArticleId>
        <ArticleId IdType="pii">0006-291X(75)90506-9</ArticleId>
        <ArticleId IdType="doi">10.1016/0006-291x(75)90506-9</ArticleId>
      </ArticleIdList>
    </PubmedData>
  </PubmedArticle>
  <PubmedArticle>
    <MedlineCitation Status="MEDLINE" Owner="NLM">
      <PMID Version="1">5</PMID>
      <DateCompleted>
        <Year>1976</Year>
        <Month>01</Month>
        <Day>10</Day>
      </DateCompleted>
      <DateRevised>
        <Year>2019</Year>
        <Month>06</Month>
        <Day>12</Day>
      </DateRevised>
      <Article PubModel="Print">
        <Journal>
          <ISSN IssnType="Electronic">1090-2104</ISSN>
          <JournalIssue CitedMedium="Internet">
            <Volume>66</Volume>
            <Issue>4</Issue>
            <PubDate>
              <Year>1975</Year>
              <Month>Oct</Month>
              <Day>27</Day>
            </PubDate>
          </JournalIssue>
          <Title>Biochemical and biophysical research communications</Title>
          <ISOAbbreviation>Biochem Biophys Res Commun</ISOAbbreviation>
        </Journal>
        <ArticleTitle>Atomic models for the polypeptide backbones of myohemerythrin and hemerythrin.</ArticleTitle>
        <Pagination>
          <MedlinePgn>1349-56</MedlinePgn>
        </Pagination>
        <AuthorList CompleteYN="Y">
          <Author ValidYN="Y">
            <LastName>Hendrickson</LastName>
            <ForeName>W A</ForeName>
            <Initials>WA</Initials>
          </Author>
          <Author ValidYN="Y">
            <LastName>Ward</LastName>
            <ForeName>K B</ForeName>
            <Initials>KB</Initials>
          </Author>
        </AuthorList>
        <Language>eng</Language>
        <PublicationTypeList>
          <PublicationType UI="D016428">Journal Article</PublicationType>
        </PublicationTypeList>
      </Article>
      <MedlineJournalInfo>
        <Country>United States</Country>
        <MedlineTA>Biochem Biophys Res Commun</MedlineTA>
        <NlmUniqueID>0372516</NlmUniqueID>
        <ISSNLinking>0006-291X</ISSNLinking>
      </MedlineJournalInfo>
      <ChemicalList>
        <Chemical>
          <RegistryNumber>0</RegistryNumber>
          <NameOfSubstance UI="D006422">Hemerythrin</NameOfSubstance>
        </Chemical>
        <Chemical>
          <RegistryNumber>0</RegistryNumber>
          <NameOfSubstance UI="D008667">Metalloproteins</NameOfSubstance>
        </Chemical>
        <Chemical>
          <RegistryNumber>0</RegistryNumber>
          <NameOfSubstance UI="D009124">Muscle Proteins</NameOfSubstance>
        </Chemical>
      </ChemicalList>
      <CitationSubset>IM</CitationSubset>
      <MeshHeadingList>
        <MeshHeading>
          <DescriptorName UI="D000818" MajorTopicYN="N">Animals</DescriptorName>
        </MeshHeading>
        <MeshHeading>
          <DescriptorName UI="D003063" MajorTopicYN="N">Cnidaria</DescriptorName>
        </MeshHeading>
        <MeshHeading>
          <DescriptorName UI="D003201" MajorTopicYN="N">Computers</DescriptorName>
        </MeshHeading>
        <MeshHeading>
          <DescriptorName UI="D006422" MajorTopicYN="Y">Hemerythrin</DescriptorName>
        </MeshHeading>
        <MeshHeading>
          <DescriptorName UI="D008667" MajorTopicYN="Y">Metalloproteins</DescriptorName>
        </MeshHeading>
        <MeshHeading>
          <DescriptorName UI="D008958" MajorTopicYN="N">Models, Molecular</DescriptorName>
        </MeshHeading>
        <MeshHeading>
          <DescriptorName UI="D009124" MajorTopicYN="Y">Muscle Proteins</DescriptorName>
        </MeshHeading>
        <MeshHeading>
          <DescriptorName UI="D011487" MajorTopicYN="N">Protein Conformation</DescriptorName>
        </MeshHeading>
        <MeshHeading>
          <DescriptorName UI="D013045" MajorTopicYN="N">Species Specificity</DescriptorName>
        </MeshHeading>
      </MeshHeadingList>
    </MedlineCitation>
    <PubmedData>
      <History>
        <PubMedPubDate PubStatus="pubmed">
          <Year>1975</Year>
          <Month>10</Month>
          <Day>27</Day>
        </PubMedPubDate>
        <PubMedPubDate PubStatus="medline">
          <Year>1975</Year>
          <Month>10</Month>
          <Day>27</Day>
          <Hour>0</Hour>
          <Minute>1</Minute>
        </PubMedPubDate>
        <PubMedPubDate PubStatus="entrez">
          <Year>1975</Year>
          <Month>10</Month>
          <Day>27</Day>
          <Hour>0</Hour>
          <Minute>0</Minute>
        </PubMedPubDate>
      </History>
      <PublicationStatus>ppublish</PublicationStatus>
      <ArticleIdList>
        <ArticleId IdType="pubmed">5</ArticleId>
        <ArticleId IdType="pii">0006-291X(75)90508-2</ArticleId>
        <ArticleId IdType="doi">10.1016/0006-291x(75)90508-2</ArticleId>
      </ArticleIdList>
    </PubmedData>
  </PubmedArticle>
  <PubmedArticle>
    <MedlineCitation Status="MEDLINE" Owner="NLM">
      <PMID Version="1">6</PMID>
      <DateCompleted>
        <Year>1976</Year>
        <Month>01</Month>
        <Day>10</Day>
      </DateCompleted>
      <DateRevised>
        <Year>2019</Year>
        <Month>06</Month>
        <Day>12</Day>
      </DateRevised>
      <Article PubModel="Print">
        <Journal>
          <ISSN IssnType="Print">0006-291X</ISSN>
          <JournalIssue CitedMedium="Print">
            <Volume>66</Volume>
            <Issue>4</Issue>
            <PubDate>
              <Year>1975</Year>
              <Month>Oct</Month>
              <Day>27</Day>
            </PubDate>
          </JournalIssue>
          <Title>Biochemical and biophysical research communications</Title>
          <ISOAbbreviation>Biochem Biophys Res Commun</ISOAbbreviation>
        </Journal>
        <ArticleTitle>Studies of oxygen binding energy to hemoglobin molecule.</ArticleTitle>
        <Pagination>
          <MedlinePgn>1424-31</MedlinePgn>
        </Pagination>
        <AuthorList CompleteYN="Y">
          <Author ValidYN="Y">
            <LastName>Chow</LastName>
            <ForeName>Y W</ForeName>
            <Initials>YW</Initials>
          </Author>
          <Author ValidYN="Y">
            <LastName>Pietranico</LastName>
            <ForeName>R</ForeName>
            <Initials>R</Initials>
          </Author>
          <Author ValidYN="Y">
            <LastName>Mukerji</LastName>
            <ForeName>A</ForeName>
            <Initials>A</Initials>
          </Author>
        </AuthorList>
        <Language>eng</Language>
        <PublicationTypeList>
          <PublicationType UI="D016428">Journal Article</PublicationType>
          <PublicationType UI="D013486">Research Support, U.S. Gov't, Non-P.H.S.</PublicationType>
        </PublicationTypeList>
      </Article>
      <MedlineJournalInfo>
        <Country>United States</Country>
        <MedlineTA>Biochem Biophys Res Commun</MedlineTA>
        <NlmUniqueID>0372516</NlmUniqueID>
        <ISSNLinking>0006-291X</ISSNLinking>
      </MedlineJournalInfo>
      <ChemicalList>
        <Chemical>
          <RegistryNumber>0</RegistryNumber>
          <NameOfSubstance UI="D006454">Hemoglobins</NameOfSubstance>
        </Chemical>
        <Chemical>
          <RegistryNumber>0</RegistryNumber>
          <NameOfSubstance UI="D008024">Ligands</NameOfSubstance>
        </Chemical>
        <Chemical>
          <RegistryNumber>0</RegistryNumber>
          <NameOfSubstance UI="D010108">Oxyhemoglobins</NameOfSubstance>
        </Chemical>
        <Chemical>
          <RegistryNumber>3G0H8C9362</RegistryNumber>
          <NameOfSubstance UI="D003035">Cobalt</NameOfSubstance>
        </Chemical>
        <Chemical>
          <RegistryNumber>E1UOL152H7</RegistryNumber>
          <NameOfSubstance UI="D007501">Iron</NameOfSubstance>
        </Chemical>
        <Chemical>
          <RegistryNumber>S88TT14065</RegistryNumber>
          <NameOfSubstance UI="D010100">Oxygen</NameOfSubstance>
        </Chemical>
      </ChemicalList>
      <CitationSubset>IM</CitationSubset>
      <MeshHeadingList>
        <MeshHeading>
          <DescriptorName UI="D001665" MajorTopicYN="N">Binding Sites</DescriptorName>
        </MeshHeading>
        <MeshHeading>
          <DescriptorName UI="D003035" MajorTopicYN="N">Cobalt</DescriptorName>
          <QualifierName UI="Q000097" MajorTopicYN="N">blood</QualifierName>
        </MeshHeading>
        <MeshHeading>
          <DescriptorName UI="D006454" MajorTopicYN="Y">Hemoglobins</DescriptorName>
        </MeshHeading>
        <MeshHeading>
          <DescriptorName UI="D006801" MajorTopicYN="N">Humans</DescriptorName>
        </MeshHeading>
        <MeshHeading>
          <DescriptorName UI="D006863" MajorTopicYN="N">Hydrogen-Ion Concentration</DescriptorName>
        </MeshHeading>
        <MeshHeading>
          <DescriptorName UI="D007501" MajorTopicYN="N">Iron</DescriptorName>
          <QualifierName UI="Q000097" MajorTopicYN="N">blood</QualifierName>
        </MeshHeading>
        <MeshHeading>
          <DescriptorName UI="D008024" MajorTopicYN="N">Ligands</DescriptorName>
        </MeshHeading>
        <MeshHeading>
          <DescriptorName UI="D008433" MajorTopicYN="N">Mathematics</DescriptorName>
        </MeshHeading>
        <MeshHeading>
          <DescriptorName UI="D010100" MajorTopicYN="N">Oxygen</DescriptorName>
          <QualifierName UI="Q000097" MajorTopicYN="Y">blood</QualifierName>
        </MeshHeading>
        <MeshHeading>
          <DescriptorName UI="D010108" MajorTopicYN="N">Oxyhemoglobins</DescriptorName>
        </MeshHeading>
        <MeshHeading>
          <DescriptorName UI="D011485" MajorTopicYN="N">Protein Binding</DescriptorName>
        </MeshHeading>
        <MeshHeading>
          <DescriptorName UI="D013057" MajorTopicYN="N">Spectrum Analysis</DescriptorName>
        </MeshHeading>
      </MeshHeadingList>
    </MedlineCitation>
    <PubmedData>
      <History>
        <PubMedPubDate PubStatus="pubmed">
          <Year>1975</Year>
          <Month>10</Month>
          <Day>27</Day>
        </PubMedPubDate>
        <PubMedPubDate PubStatus="medline">
          <Year>1975</Year>
          <Month>10</Month>
          <Day>27</Day>
          <Hour>0</Hour>
          <Minute>1</Minute>
        </PubMedPubDate>
        <PubMedPubDate PubStatus="entrez">
          <Year>1975</Year>
          <Month>10</Month>
          <Day>27</Day>
          <Hour>0</Hour>
          <Minute>0</Minute>
        </PubMedPubDate>
      </History>
      <PublicationStatus>ppublish</PublicationStatus>
      <ArticleIdList>
        <ArticleId IdType="pubmed">6</ArticleId>
        <ArticleId IdType="pii">0006-291X(75)90518-5</ArticleId>
        <ArticleId IdType="doi">10.1016/0006-291x(75)90518-5</ArticleId>
      </ArticleIdList>
    </PubmedData>
  </PubmedArticle>
  <PubmedArticle>
    <MedlineCitation Status="MEDLINE" Owner="NLM">
      <PMID Version="1">7</PMID>
      <DateCompleted>
        <Year>1976</Year>
        <Month>01</Month>
        <Day>26</Day>
      </DateCompleted>
      <DateRevised>
        <Year>2020</Year>
        <Month>02</Month>
        <Day>25</Day>
      </DateRevised>
      <Article PubModel="Print">
        <Journal>
          <ISSN IssnType="Electronic">1873-2968</ISSN>
          <JournalIssue CitedMedium="Internet">
            <Volume>24</Volume>
            <Issue>16</Issue>
            <PubDate>
              <Year>1975</Year>
              <Month>Aug</Month>
              <Day>15</Day>
            </PubDate>
          </JournalIssue>
          <Title>Biochemical pharmacology</Title>
          <ISOAbbreviation>Biochem Pharmacol</ISOAbbreviation>
        </Journal>
        <ArticleTitle>Maturation of the adrenal medulla--IV. Effects of morphine.</ArticleTitle>
        <Pagination>
          <MedlinePgn>1469-74</MedlinePgn>
        </Pagination>
        <AuthorList CompleteYN="Y">
          <Author ValidYN="Y">
            <LastName>Anderson</LastName>
            <ForeName>T R</ForeName>
            <Initials>TR</Initials>
          </Author>
          <Author ValidYN="Y">
            <LastName>Slotkin</LastName>
            <ForeName>T A</ForeName>
            <Initials>TA</Initials>
          </Author>
        </AuthorList>
        <Language>eng</Language>
        <GrantList CompleteYN="Y">
          <Grant>
            <GrantID>MC_U147585819</GrantID>
            <Agency>MRC</Agency>
            <Country>United Kingdom</Country>
          </Grant>
          <Grant>
            <GrantID>MC_UU_12011/1</GrantID>
            <Agency>MRC</Agency>
            <Country>United Kingdom</Country>
          </Grant>
          <Grant>
            <GrantID>MC_UP_A620_1014</GrantID>
            <Agency>MRC</Agency>
            <Country>United Kingdom</Country>
          </Grant>
        </GrantList>
        <PublicationTypeList>
          <PublicationType UI="D016428">Journal Article</PublicationType>
          <PublicationType UI="D013486">Research Support, U.S. Gov't, Non-P.H.S.</PublicationType>
        </PublicationTypeList>
      </Article>
      <MedlineJournalInfo>
        <Country>England</Country>
        <MedlineTA>Biochem Pharmacol</MedlineTA>
        <NlmUniqueID>0101032</NlmUniqueID>
        <ISSNLinking>0006-2952</ISSNLinking>
      </MedlineJournalInfo>
      <ChemicalList>
        <Chemical>
          <RegistryNumber>0</RegistryNumber>
          <NameOfSubstance UI="D002395">Catecholamines</NameOfSubstance>
        </Chemical>
        <Chemical>
          <RegistryNumber>76I7G6D29C</RegistryNumber>
          <NameOfSubstance UI="D009020">Morphine</NameOfSubstance>
        </Chemical>
        <Chemical>
          <RegistryNumber>818U2PZ2EH</RegistryNumber>
          <NameOfSubstance UI="D008680">Metaraminol</NameOfSubstance>
        </Chemical>
        <Chemical>
          <RegistryNumber>EC 1.14.16.2</RegistryNumber>
          <NameOfSubstance UI="D014446">Tyrosine 3-Monooxygenase</NameOfSubstance>
        </Chemical>
        <Chemical>
          <RegistryNumber>EC 1.14.17.1</RegistryNumber>
          <NameOfSubstance UI="D004299">Dopamine beta-Hydroxylase</NameOfSubstance>
        </Chemical>
        <Chemical>
          <RegistryNumber>YKH834O4BH</RegistryNumber>
          <NameOfSubstance UI="D004837">Epinephrine</NameOfSubstance>
        </Chemical>
      </ChemicalList>
      <CitationSubset>IM</CitationSubset>
      <MeshHeadingList>
        <MeshHeading>
          <DescriptorName UI="D000313" MajorTopicYN="N">Adrenal Medulla</DescriptorName>
          <QualifierName UI="Q000201" MajorTopicYN="N">enzymology</QualifierName>
          <QualifierName UI="Q000254" MajorTopicYN="Y">growth &amp; development</QualifierName>
          <QualifierName UI="Q000378" MajorTopicYN="N">metabolism</QualifierName>
        </MeshHeading>
        <MeshHeading>
          <DescriptorName UI="D000375" MajorTopicYN="N">Aging</DescriptorName>
        </MeshHeading>
        <MeshHeading>
          <DescriptorName UI="D000818" MajorTopicYN="N">Animals</DescriptorName>
        </MeshHeading>
        <MeshHeading>
          <DescriptorName UI="D000831" MajorTopicYN="N">Animals, Newborn</DescriptorName>
        </MeshHeading>
        <MeshHeading>
          <DescriptorName UI="D001835" MajorTopicYN="N">Body Weight</DescriptorName>
          <QualifierName UI="Q000187" MajorTopicYN="N">drug effects</QualifierName>
        </MeshHeading>
        <MeshHeading>
          <DescriptorName UI="D002395" MajorTopicYN="N">Catecholamines</DescriptorName>
          <QualifierName UI="Q000378" MajorTopicYN="N">metabolism</QualifierName>
        </MeshHeading>
        <MeshHeading>
          <DescriptorName UI="D004299" MajorTopicYN="N">Dopamine beta-Hydroxylase</DescriptorName>
          <QualifierName UI="Q000378" MajorTopicYN="N">metabolism</QualifierName>
        </MeshHeading>
        <MeshHeading>
          <DescriptorName UI="D004837" MajorTopicYN="N">Epinephrine</DescriptorName>
          <QualifierName UI="Q000378" MajorTopicYN="N">metabolism</QualifierName>
        </MeshHeading>
        <MeshHeading>
          <DescriptorName UI="D005260" MajorTopicYN="N">Female</DescriptorName>
        </MeshHeading>
        <MeshHeading>
          <DescriptorName UI="D006801" MajorTopicYN="N">Humans</DescriptorName>
        </MeshHeading>
        <MeshHeading>
          <DescriptorName UI="D066298" MajorTopicYN="N">In Vitro Techniques</DescriptorName>
        </MeshHeading>
        <MeshHeading>
          <DescriptorName UI="D008431" MajorTopicYN="N">Maternal-Fetal Exchange</DescriptorName>
        </MeshHeading>
        <MeshHeading>
          <DescriptorName UI="D008680" MajorTopicYN="N">Metaraminol</DescriptorName>
          <QualifierName UI="Q000378" MajorTopicYN="N">metabolism</QualifierName>
        </MeshHeading>
        <MeshHeading>
          <DescriptorName UI="D009020" MajorTopicYN="N">Morphine</DescriptorName>
          <QualifierName UI="Q000494" MajorTopicYN="Y">pharmacology</QualifierName>
        </MeshHeading>
        <MeshHeading>
          <DescriptorName UI="D009021" MajorTopicYN="N">Morphine Dependence</DescriptorName>
          <QualifierName UI="Q000378" MajorTopicYN="N">metabolism</QualifierName>
        </MeshHeading>
        <MeshHeading>
          <DescriptorName UI="D011247" MajorTopicYN="N">Pregnancy</DescriptorName>
        </MeshHeading>
        <MeshHeading>
          <DescriptorName UI="D051381" MajorTopicYN="N">Rats</DescriptorName>
        </MeshHeading>
        <MeshHeading>
          <DescriptorName UI="D014446" MajorTopicYN="N">Tyrosine 3-Monooxygenase</DescriptorName>
          <QualifierName UI="Q000378" MajorTopicYN="N">metabolism</QualifierName>
        </MeshHeading>
      </MeshHeadingList>
    </MedlineCitation>
    <PubmedData>
      <History>
        <PubMedPubDate PubStatus="pubmed">
          <Year>1975</Year>
          <Month>8</Month>
          <Day>15</Day>
        </PubMedPubDate>
        <PubMedPubDate PubStatus="medline">
          <Year>1975</Year>
          <Month>8</Month>
          <Day>15</Day>
          <Hour>0</Hour>
          <Minute>1</Minute>
        </PubMedPubDate>
        <PubMedPubDate PubStatus="entrez">
          <Year>1975</Year>
          <Month>8</Month>
          <Day>15</Day>
          <Hour>0</Hour>
          <Minute>0</Minute>
        </PubMedPubDate>
      </History>
      <PublicationStatus>ppublish</PublicationStatus>
      <ArticleIdList>
        <ArticleId IdType="pubmed">7</ArticleId>
        <ArticleId IdType="pii">0006-2952(75)90020-9</ArticleId>
        <ArticleId IdType="doi">10.1016/0006-2952(75)90020-9</ArticleId>
      </ArticleIdList>
      <ReferenceList>
        <Reference>
          <Citation>Br J Gen Pract. 1999 Oct;49(447):823-8</Citation>
          <ArticleIdList>
            <ArticleId IdType="pubmed">10885091</ArticleId>
          </ArticleIdList>
        </Reference>
        <Reference>
          <Citation>J Gastroenterol Hepatol. 2000 Oct;15(10):1093-9</Citation>
          <ArticleIdList>
            <ArticleId IdType="pubmed">11106086</ArticleId>
          </ArticleIdList>
        </Reference>
        <Reference>
          <Citation>Ann Intern Med. 2001 Jul 3;135(1):68-9</Citation>
          <ArticleIdList>
            <ArticleId IdType="pubmed">11434754</ArticleId>
          </ArticleIdList>
        </Reference>
        <Reference>
          <Citation>J Viral Hepat. 2001 Sep;8(5):358-66</Citation>
          <ArticleIdList>
            <ArticleId IdType="pubmed">11555193</ArticleId>
          </ArticleIdList>
        </Reference>
        <Reference>
          <Citation>BJOG. 2002 Mar;109(3):227-35</Citation>
          <ArticleIdList>
            <ArticleId IdType="pubmed">11950176</ArticleId>
          </ArticleIdList>
        </Reference>
        <Reference>
          <Citation>Drug Saf. 2002;25(5):323-44</Citation>
          <ArticleIdList>
            <ArticleId IdType="pubmed">12020172</ArticleId>
          </ArticleIdList>
        </Reference>
        <Reference>
          <Citation>Am J Med. 2002 Oct 15;113(6):506-15</Citation>
          <ArticleIdList>
            <ArticleId IdType="pubmed">12427501</ArticleId>
          </ArticleIdList>
        </Reference>
        <Reference>
          <Citation>J Altern Complement Med. 2003 Feb;9(1):161-8</Citation>
          <ArticleIdList>
            <ArticleId IdType="pubmed">12676044</ArticleId>
          </ArticleIdList>
        </Reference>
        <Reference>
          <Citation>Psychosomatics. 2003 Jul-Aug;44(4):271-82</Citation>
          <ArticleIdList>
            <ArticleId IdType="pubmed">12832592</ArticleId>
          </ArticleIdList>
        </Reference>
        <Reference>
          <Citation>Aliment Pharmacol Ther. 2003 Sep 1;18(5):451-71</Citation>
          <ArticleIdList>
            <ArticleId IdType="pubmed">12950418</ArticleId>
          </ArticleIdList>
        </Reference>
        <Reference>
          <Citation>Dig Dis Sci. 2003 Oct;48(10):1925-8</Citation>
          <ArticleIdList>
            <ArticleId IdType="pubmed">14627335</ArticleId>
          </ArticleIdList>
        </Reference>
        <Reference>
          <Citation>Cochrane Database Syst Rev. 2004;(1):CD002286</Citation>
          <ArticleIdList>
            <ArticleId IdType="pubmed">14973986</ArticleId>
          </ArticleIdList>
        </Reference>
        <Reference>
          <Citation>Mycoses. 2004 Apr;47(3-4):87-92</Citation>
          <ArticleIdList>
            <ArticleId IdType="pubmed">15078424</ArticleId>
          </ArticleIdList>
        </Reference>
        <Reference>
          <Citation>Planta Med. 2004 Apr;70(4):293-8</Citation>
          <ArticleIdList>
            <ArticleId IdType="pubmed">15095142</ArticleId>
          </ArticleIdList>
        </Reference>
        <Reference>
          <Citation>J Herb Pharmacother. 2004;4(1):49-67</Citation>
          <ArticleIdList>
            <ArticleId IdType="pubmed">15273078</ArticleId>
          </ArticleIdList>
        </Reference>
        <Reference>
          <Citation>J Herb Pharmacother. 2003;3(2):69-90</Citation>
          <ArticleIdList>
            <ArticleId IdType="pubmed">15277068</ArticleId>
          </ArticleIdList>
        </Reference>
        <Reference>
          <Citation>J Herb Pharmacother. 2003;3(1):121-33</Citation>
          <ArticleIdList>
            <ArticleId IdType="pubmed">15277076</ArticleId>
          </ArticleIdList>
        </Reference>
        <Reference>
          <Citation>J Herb Pharmacother. 2002;2(3):49-72</Citation>
          <ArticleIdList>
            <ArticleId IdType="pubmed">15277090</ArticleId>
          </ArticleIdList>
        </Reference>
        <Reference>
          <Citation>J Herb Pharmacother. 2002;2(1):71-85</Citation>
          <ArticleIdList>
            <ArticleId IdType="pubmed">15277109</ArticleId>
          </ArticleIdList>
        </Reference>
        <Reference>
          <Citation>J Herb Pharmacother. 2004;4(2):63-78</Citation>
          <ArticleIdList>
            <ArticleId IdType="pubmed">15364646</ArticleId>
          </ArticleIdList>
        </Reference>
        <Reference>
          <Citation>Expert Opin Pharmacother. 2004 Dec;5(12):2485-501</Citation>
          <ArticleIdList>
            <ArticleId IdType="pubmed">15571467</ArticleId>
          </ArticleIdList>
        </Reference>
        <Reference>
          <Citation>Drug Saf. 2005;28(4):319-32</Citation>
          <ArticleIdList>
            <ArticleId IdType="pubmed">15783241</ArticleId>
          </ArticleIdList>
        </Reference>
        <Reference>
          <Citation>Obstet Gynecol. 2005 Apr;105(4):849-56</Citation>
          <ArticleIdList>
            <ArticleId IdType="pubmed">15802416</ArticleId>
          </ArticleIdList>
        </Reference>
        <Reference>
          <Citation>J Herb Pharmacother. 2004;4(3):63-83</Citation>
          <ArticleIdList>
            <ArticleId IdType="pubmed">15829470</ArticleId>
          </ArticleIdList>
        </Reference>
        <Reference>
          <Citation>Obes Rev. 2005 May;6(2):93-111</Citation>
          <ArticleIdList>
            <ArticleId IdType="pubmed">15836459</ArticleId>
          </ArticleIdList>
        </Reference>
        <Reference>
          <Citation>Drug Saf. 2005;28(5):387-400</Citation>
          <ArticleIdList>
            <ArticleId IdType="pubmed">15853441</ArticleId>
          </ArticleIdList>
        </Reference>
        <Reference>
          <Citation>J Herb Pharmacother. 2004;4(4):61-90</Citation>
          <ArticleIdList>
            <ArticleId IdType="pubmed">15927926</ArticleId>
          </ArticleIdList>
        </Reference>
        <Reference>
          <Citation>Semin Arthritis Rheum. 2005 Jun;34(6):773-84</Citation>
          <ArticleIdList>
            <ArticleId IdType="pubmed">15942912</ArticleId>
          </ArticleIdList>
        </Reference>
        <Reference>
          <Citation>Expert Opin Drug Saf. 2005 Jul;4(4):779-94</Citation>
          <ArticleIdList>
            <ArticleId IdType="pubmed">16011454</ArticleId>
          </ArticleIdList>
        </Reference>
        <Reference>
          <Citation>J Herb Pharmacother. 2005;5(1):79-93</Citation>
          <ArticleIdList>
            <ArticleId IdType="pubmed">16093238</ArticleId>
          </ArticleIdList>
        </Reference>
        <Reference>
          <Citation>Complement Ther Med. 2005 Dec;13(4):279-90</Citation>
          <ArticleIdList>
            <ArticleId IdType="pubmed">16338199</ArticleId>
          </ArticleIdList>
        </Reference>
        <Reference>
          <Citation>Phytomedicine. 2006 May;13(5):371-7</Citation>
          <ArticleIdList>
            <ArticleId IdType="pubmed">16487688</ArticleId>
          </ArticleIdList>
        </Reference>
        <Reference>
          <Citation>J Herb Pharmacother. 2005;5(3):119-43</Citation>
          <ArticleIdList>
            <ArticleId IdType="pubmed">16520304</ArticleId>
          </ArticleIdList>
        </Reference>
        <Reference>
          <Citation>J Herb Pharmacother. 2005;5(4):71-114</Citation>
          <ArticleIdList>
            <ArticleId IdType="pubmed">16635970</ArticleId>
          </ArticleIdList>
        </Reference>
        <Reference>
          <Citation>Drug Saf. 2006;29(6):523-35</Citation>
          <ArticleIdList>
            <ArticleId IdType="pubmed">16752934</ArticleId>
          </ArticleIdList>
        </Reference>
        <Reference>
          <Citation>Mov Disord. 2006 Oct;21(10):1709-15</Citation>
          <ArticleIdList>
            <ArticleId IdType="pubmed">16830309</ArticleId>
          </ArticleIdList>
        </Reference>
        <Reference>
          <Citation>Eur Respir J. 2006 Aug;28(2):330-8</Citation>
          <ArticleIdList>
            <ArticleId IdType="pubmed">16880367</ArticleId>
          </ArticleIdList>
        </Reference>
        <Reference>
          <Citation>J Herb Pharmacother. 2006;6(1):89-126</Citation>
          <ArticleIdList>
            <ArticleId IdType="pubmed">17135164</ArticleId>
          </ArticleIdList>
        </Reference>
        <Reference>
          <Citation>J Herb Pharmacother. 2006;6(2):101-22</Citation>
          <ArticleIdList>
            <ArticleId IdType="pubmed">17182489</ArticleId>
          </ArticleIdList>
        </Reference>
        <Reference>
          <Citation>J Herb Pharmacother. 2006;6(3-4):135-59</Citation>
          <ArticleIdList>
            <ArticleId IdType="pubmed">17317655</ArticleId>
          </ArticleIdList>
        </Reference>
        <Reference>
          <Citation>Int J Toxicol. 2007;26 Suppl 1:3-106</Citation>
          <ArticleIdList>
            <ArticleId IdType="pubmed">17365137</ArticleId>
          </ArticleIdList>
        </Reference>
        <Reference>
          <Citation>Br J Psychiatry. 2007 May;190:379-84</Citation>
          <ArticleIdList>
            <ArticleId IdType="pubmed">17470951</ArticleId>
          </ArticleIdList>
        </Reference>
        <Reference>
          <Citation>Sleep Med Rev. 2007 Jun;11(3):209-30</Citation>
          <ArticleIdList>
            <ArticleId IdType="pubmed">17517355</ArticleId>
          </ArticleIdList>
        </Reference>
        <Reference>
          <Citation>J Herb Pharmacother. 2007;7(1):99-113</Citation>
          <ArticleIdList>
            <ArticleId IdType="pubmed">17594991</ArticleId>
          </ArticleIdList>
        </Reference>
        <Reference>
          <Citation>Cochrane Database Syst Rev. 2007 Oct 17;(4):CD004559</Citation>
          <ArticleIdList>
            <ArticleId IdType="pubmed">17943819</ArticleId>
          </ArticleIdList>
        </Reference>
        <Reference>
          <Citation>Can J Physiol Pharmacol. 2007 Sep;85(9):837-47</Citation>
          <ArticleIdList>
            <ArticleId IdType="pubmed">18066129</ArticleId>
          </ArticleIdList>
        </Reference>
        <Reference>
          <Citation>World J Gastroenterol. 2008 Jan 21;14(3):454-62</Citation>
          <ArticleIdList>
            <ArticleId IdType="pubmed">18200670</ArticleId>
          </ArticleIdList>
        </Reference>
        <Reference>
          <Citation>Can J Clin Pharmacol. 2008 Winter;15(1):e66-73</Citation>
          <ArticleIdList>
            <ArticleId IdType="pubmed">18204101</ArticleId>
          </ArticleIdList>
        </Reference>
        <Reference>
          <Citation>J Herb Pharmacother. 2007;7(2):91-143</Citation>
          <ArticleIdList>
            <ArticleId IdType="pubmed">18285310</ArticleId>
          </ArticleIdList>
        </Reference>
        <Reference>
          <Citation>J Clin Epidemiol. 1991;44(11):1271-8</Citation>
          <ArticleIdList>
            <ArticleId IdType="pubmed">1834807</ArticleId>
          </ArticleIdList>
        </Reference>
        <Reference>
          <Citation>Cochrane Database Syst Rev. 2008 Apr 16;(2):CD005288</Citation>
          <ArticleIdList>
            <ArticleId IdType="pubmed">18425916</ArticleId>
          </ArticleIdList>
        </Reference>
        <Reference>
          <Citation>Drug Saf. 2008;31(6):469-84</Citation>
          <ArticleIdList>
            <ArticleId IdType="pubmed">18484782</ArticleId>
          </ArticleIdList>
        </Reference>
        <Reference>
          <Citation>Cell Mol Neurobiol. 2009 Feb;29(1):17-25</Citation>
          <ArticleIdList>
            <ArticleId IdType="pubmed">18584321</ArticleId>
          </ArticleIdList>
        </Reference>
        <Reference>
          <Citation>J Herb Pharmacother. 2007;7(3-4):143-77</Citation>
          <ArticleIdList>
            <ArticleId IdType="pubmed">18928139</ArticleId>
          </ArticleIdList>
        </Reference>
        <Reference>
          <Citation>J Herb Pharmacother. 2007;7(3-4):279-323</Citation>
          <ArticleIdList>
            <ArticleId IdType="pubmed">18928148</ArticleId>
          </ArticleIdList>
        </Reference>
        <Reference>
          <Citation>Evid Based Complement Alternat Med. 2009 Mar;6(1):99-105</Citation>
          <ArticleIdList>
            <ArticleId IdType="pubmed">18955223</ArticleId>
          </ArticleIdList>
        </Reference>
        <Reference>
          <Citation>Am J Obstet Gynecol. 2008 Nov;199(5):455-66</Citation>
          <ArticleIdList>
            <ArticleId IdType="pubmed">18984078</ArticleId>
          </ArticleIdList>
        </Reference>
        <Reference>
          <Citation>Phytother Res. 2009 Apr;23(4):447-59</Citation>
          <ArticleIdList>
            <ArticleId IdType="pubmed">19086008</ArticleId>
          </ArticleIdList>
        </Reference>
        <Reference>
          <Citation>J Soc Integr Oncol. 2009 Spring;7(2):73-80</Citation>
          <ArticleIdList>
            <ArticleId IdType="pubmed">19476742</ArticleId>
          </ArticleIdList>
        </Reference>
        <Reference>
          <Citation>Cochrane Database Syst Rev. 2009 Jul 08;(3):CD006568</Citation>
          <ArticleIdList>
            <ArticleId IdType="pubmed">19588398</ArticleId>
          </ArticleIdList>
        </Reference>
        <Reference>
          <Citation>Drug Saf. 2009;32(8):637-47</Citation>
          <ArticleIdList>
            <ArticleId IdType="pubmed">19591529</ArticleId>
          </ArticleIdList>
        </Reference>
        <Reference>
          <Citation>Curr Gastroenterol Rep. 2009 Aug;11(4):317-24</Citation>
          <ArticleIdList>
            <ArticleId IdType="pubmed">19615308</ArticleId>
          </ArticleIdList>
        </Reference>
        <Reference>
          <Citation>World J Gastroenterol. 2009 Oct 21;15(39):4886-95</Citation>
          <ArticleIdList>
            <ArticleId IdType="pubmed">19842218</ArticleId>
          </ArticleIdList>
        </Reference>
        <Reference>
          <Citation>Rev Recent Clin Trials. 2009 Sep;4(3):168-74</Citation>
          <ArticleIdList>
            <ArticleId IdType="pubmed">20028328</ArticleId>
          </ArticleIdList>
        </Reference>
        <Reference>
          <Citation>Cochrane Database Syst Rev. 2010 Jan 20;(1):CD006556</Citation>
          <ArticleIdList>
            <ArticleId IdType="pubmed">20091597</ArticleId>
          </ArticleIdList>
        </Reference>
        <Reference>
          <Citation>Cardiovasc Hematol Agents Med Chem. 2010 Apr;8(2):113-27</Citation>
          <ArticleIdList>
            <ArticleId IdType="pubmed">20370653</ArticleId>
          </ArticleIdList>
        </Reference>
        <Reference>
          <Citation>Menopause. 2011 Apr;18(4):366-75</Citation>
          <ArticleIdList>
            <ArticleId IdType="pubmed">21228727</ArticleId>
          </ArticleIdList>
        </Reference>
        <Reference>
          <Citation>Planta Med. 2011 Jul;77(11):1149-60</Citation>
          <ArticleIdList>
            <ArticleId IdType="pubmed">21259185</ArticleId>
          </ArticleIdList>
        </Reference>
        <Reference>
          <Citation>Cochrane Database Syst Rev. 2011 Feb 16;(2):CD002948</Citation>
          <ArticleIdList>
            <ArticleId IdType="pubmed">21328257</ArticleId>
          </ArticleIdList>
        </Reference>
        <Reference>
          <Citation>Maturitas. 2011 Sep;70(1):37-41</Citation>
          <ArticleIdList>
            <ArticleId IdType="pubmed">21782365</ArticleId>
          </ArticleIdList>
        </Reference>
        <Reference>
          <Citation>J Psychiatr Res. 2011 Nov;45(11):1518-24</Citation>
          <ArticleIdList>
            <ArticleId IdType="pubmed">21820672</ArticleId>
          </ArticleIdList>
        </Reference>
        <Reference>
          <Citation>BMC Complement Altern Med. 2011 Aug 28;11:72</Citation>
          <ArticleIdList>
            <ArticleId IdType="pubmed">21871125</ArticleId>
          </ArticleIdList>
        </Reference>
        <Reference>
          <Citation>J Diet Suppl. 2010 Sep;7(3):283-302</Citation>
          <ArticleIdList>
            <ArticleId IdType="pubmed">22432518</ArticleId>
          </ArticleIdList>
        </Reference>
        <Reference>
          <Citation>J Diet Suppl. 2010 Dec;7(4):351-413</Citation>
          <ArticleIdList>
            <ArticleId IdType="pubmed">22432564</ArticleId>
          </ArticleIdList>
        </Reference>
        <Reference>
          <Citation>J Diet Suppl. 2011 Mar;8(1):58-114</Citation>
          <ArticleIdList>
            <ArticleId IdType="pubmed">22432635</ArticleId>
          </ArticleIdList>
        </Reference>
        <Reference>
          <Citation>J Diet Suppl. 2011 Jun;8(2):189-238</Citation>
          <ArticleIdList>
            <ArticleId IdType="pubmed">22432689</ArticleId>
          </ArticleIdList>
        </Reference>
        <Reference>
          <Citation>J Diet Suppl. 2011 Sep;8(3):311-30</Citation>
          <ArticleIdList>
            <ArticleId IdType="pubmed">22432729</ArticleId>
          </ArticleIdList>
        </Reference>
        <Reference>
          <Citation>J Diet Suppl. 2009;6(1):54-90</Citation>
          <ArticleIdList>
            <ArticleId IdType="pubmed">22435354</ArticleId>
          </ArticleIdList>
        </Reference>
        <Reference>
          <Citation>J Diet Suppl. 2009;6(2):162-200</Citation>
          <ArticleIdList>
            <ArticleId IdType="pubmed">22435415</ArticleId>
          </ArticleIdList>
        </Reference>
        <Reference>
          <Citation>J Diet Suppl. 2010 Jun;7(2):179-215</Citation>
          <ArticleIdList>
            <ArticleId IdType="pubmed">22435615</ArticleId>
          </ArticleIdList>
        </Reference>
      </ReferenceList>
    </PubmedData>
  </PubmedArticle>
  <PubmedArticle>
    <MedlineCitation Status="MEDLINE" Owner="NLM">
      <PMID Version="1">8</PMID>
      <DateCompleted>
        <Year>1976</Year>
        <Month>01</Month>
        <Day>26</Day>
      </DateCompleted>
      <DateRevised>
        <Year>2020</Year>
        <Month>02</Month>
        <Day>25</Day>
      </DateRevised>
      <Article PubModel="Print">
        <Journal>
          <ISSN IssnType="Electronic">1873-2968</ISSN>
          <JournalIssue CitedMedium="Internet">
            <Volume>24</Volume>
            <Issue>16</Issue>
            <PubDate>
              <Year>1975</Year>
              <Month>Aug</Month>
              <Day>15</Day>
            </PubDate>
          </JournalIssue>
          <Title>Biochemical pharmacology</Title>
          <ISOAbbreviation>Biochem Pharmacol</ISOAbbreviation>
        </Journal>
        <ArticleTitle>Comparison between procaine and isocarboxazid metabolism in vitro by a liver microsomal amidase-esterase.</ArticleTitle>
        <Pagination>
          <MedlinePgn>1517-21</MedlinePgn>
        </Pagination>
        <AuthorList CompleteYN="Y">
          <Author ValidYN="Y">
            <LastName>Moroi</LastName>
            <ForeName>K</ForeName>
            <Initials>K</Initials>
          </Author>
          <Author ValidYN="Y">
            <LastName>Sato</LastName>
            <ForeName>T</ForeName>
            <Initials>T</Initials>
          </Author>
        </AuthorList>
        <Language>eng</Language>
        <GrantList CompleteYN="Y">
          <Grant>
            <GrantID>SF19107</GrantID>
            <Agency>Biotechnology and Biological Sciences Research Council</Agency>
            <Country>United Kingdom</Country>
          </Grant>
        </GrantList>
        <PublicationTypeList>
          <PublicationType UI="D003160">Comparative Study</PublicationType>
          <PublicationType UI="D016428">Journal Article</PublicationType>
          <PublicationType UI="D016425">Published Erratum</PublicationType>
        </PublicationTypeList>
      </Article>
      <MedlineJournalInfo>
        <Country>England</Country>
        <MedlineTA>Biochem Pharmacol</MedlineTA>
        <NlmUniqueID>0101032</NlmUniqueID>
        <ISSNLinking>0006-2952</ISSNLinking>
      </MedlineJournalInfo>
      <ChemicalList>
        <Chemical>
          <RegistryNumber>0</RegistryNumber>
          <NameOfSubstance UI="D008670">Metals</NameOfSubstance>
        </Chemical>
        <Chemical>
          <RegistryNumber>0</RegistryNumber>
          <NameOfSubstance UI="D010743">Phospholipids</NameOfSubstance>
        </Chemical>
        <Chemical>
          <RegistryNumber>0</RegistryNumber>
          <NameOfSubstance UI="D011506">Proteins</NameOfSubstance>
        </Chemical>
        <Chemical>
          <RegistryNumber>34237V843T</RegistryNumber>
          <NameOfSubstance UI="D007520">Isocarboxazid</NameOfSubstance>
        </Chemical>
        <Chemical>
          <RegistryNumber>4Z8Y51M438</RegistryNumber>
          <NameOfSubstance UI="D011343">Procaine</NameOfSubstance>
        </Chemical>
        <Chemical>
          <RegistryNumber>EC 3.1.-</RegistryNumber>
          <NameOfSubstance UI="D004950">Esterases</NameOfSubstance>
        </Chemical>
        <Chemical>
          <RegistryNumber>EC 3.5.-</RegistryNumber>
          <NameOfSubstance UI="D000581">Amidohydrolases</NameOfSubstance>
        </Chemical>
      </ChemicalList>
      <CitationSubset>IM</CitationSubset>
      <CommentsCorrectionsList>
        <CommentsCorrections RefType="ErratumFor">
          <RefSource>Biochem Biophys Res Commun. 1975 Oct 27;66(4):1173-9</RefSource>
          <PMID Version="1">2</PMID>
        </CommentsCorrections>
      </CommentsCorrectionsList>
      <MeshHeadingList>
        <MeshHeading>
          <DescriptorName UI="D000581" MajorTopicYN="N">Amidohydrolases</DescriptorName>
          <QualifierName UI="Q000378" MajorTopicYN="Y">metabolism</QualifierName>
        </MeshHeading>
        <MeshHeading>
          <DescriptorName UI="D000818" MajorTopicYN="N">Animals</DescriptorName>
        </MeshHeading>
        <MeshHeading>
          <DescriptorName UI="D004950" MajorTopicYN="N">Esterases</DescriptorName>
          <QualifierName UI="Q000378" MajorTopicYN="Y">metabolism</QualifierName>
        </MeshHeading>
        <MeshHeading>
          <DescriptorName UI="D006863" MajorTopicYN="N">Hydrogen-Ion Concentration</DescriptorName>
        </MeshHeading>
        <MeshHeading>
          <DescriptorName UI="D066298" MajorTopicYN="N">In Vitro Techniques</DescriptorName>
        </MeshHeading>
        <MeshHeading>
          <DescriptorName UI="D007520" MajorTopicYN="N">Isocarboxazid</DescriptorName>
          <QualifierName UI="Q000378" MajorTopicYN="Y">metabolism</QualifierName>
        </MeshHeading>
        <MeshHeading>
          <DescriptorName UI="D007700" MajorTopicYN="N">Kinetics</DescriptorName>
        </MeshHeading>
        <MeshHeading>
          <DescriptorName UI="D008297" MajorTopicYN="N">Male</DescriptorName>
        </MeshHeading>
        <MeshHeading>
          <DescriptorName UI="D008670" MajorTopicYN="N">Metals</DescriptorName>
          <QualifierName UI="Q000494" MajorTopicYN="N">pharmacology</QualifierName>
        </MeshHeading>
        <MeshHeading>
          <DescriptorName UI="D008862" MajorTopicYN="N">Microsomes, Liver</DescriptorName>
          <QualifierName UI="Q000201" MajorTopicYN="Y">enzymology</QualifierName>
        </MeshHeading>
        <MeshHeading>
          <DescriptorName UI="D010743" MajorTopicYN="N">Phospholipids</DescriptorName>
          <QualifierName UI="Q000378" MajorTopicYN="N">metabolism</QualifierName>
        </MeshHeading>
        <MeshHeading>
          <DescriptorName UI="D011343" MajorTopicYN="N">Procaine</DescriptorName>
          <QualifierName UI="Q000378" MajorTopicYN="Y">metabolism</QualifierName>
        </MeshHeading>
        <MeshHeading>
          <DescriptorName UI="D011506" MajorTopicYN="N">Proteins</DescriptorName>
          <QualifierName UI="Q000378" MajorTopicYN="N">metabolism</QualifierName>
        </MeshHeading>
        <MeshHeading>
          <DescriptorName UI="D051381" MajorTopicYN="N">Rats</DescriptorName>
        </MeshHeading>
        <MeshHeading>
          <DescriptorName UI="D013347" MajorTopicYN="N">Subcellular Fractions</DescriptorName>
          <QualifierName UI="Q000201" MajorTopicYN="N">enzymology</QualifierName>
        </MeshHeading>
        <MeshHeading>
          <DescriptorName UI="D013696" MajorTopicYN="N">Temperature</DescriptorName>
        </MeshHeading>
      </MeshHeadingList>
    </MedlineCitation>
    <PubmedData>
      <History>
        <PubMedPubDate PubStatus="pubmed">
          <Year>1975</Year>
          <Month>8</Month>
          <Day>15</Day>
        </PubMedPubDate>
        <PubMedPubDate PubStatus="medline">
          <Year>1975</Year>
          <Month>8</Month>
          <Day>15</Day>
          <Hour>0</Hour>
          <Minute>1</Minute>
        </PubMedPubDate>
        <PubMedPubDate PubStatus="entrez">
          <Year>1975</Year>
          <Month>8</Month>
          <Day>15</Day>
          <Hour>0</Hour>
          <Minute>0</Minute>
        </PubMedPubDate>
      </History>
      <PublicationStatus>ppublish</PublicationStatus>
      <ArticleIdList>
        <ArticleId IdType="pubmed">8</ArticleId>
        <ArticleId IdType="pii">0006-2952(75)90029-5</ArticleId>
        <ArticleId IdType="doi">10.1016/0006-2952(75)90029-5</ArticleId>
      </ArticleIdList>
      <ReferenceList>
        <Reference>
          <Citation>Nature. 2001 May 31;411(6837):599-603</Citation>
          <ArticleIdList>
            <ArticleId IdType="pubmed">11385576</ArticleId>
          </ArticleIdList>
        </Reference>
        <Reference>
          <Citation>Gastroenterology. 2003 Jul;125(1):47-57</Citation>
          <ArticleIdList>
            <ArticleId IdType="pubmed">12851870</ArticleId>
          </ArticleIdList>
        </Reference>
        <Reference>
          <Citation>Best Pract Res Clin Gastroenterol. 2004 Jun;18(3):525-39</Citation>
          <ArticleIdList>
            <ArticleId IdType="pubmed">15157825</ArticleId>
          </ArticleIdList>
        </Reference>
        <Reference>
          <Citation>Gastroenterology. 2004 Oct;127(4):1051-7</Citation>
          <ArticleIdList>
            <ArticleId IdType="pubmed">15480983</ArticleId>
          </ArticleIdList>
        </Reference>
        <Reference>
          <Citation>N Engl J Med. 2004 Nov 11;351(20):2069-79</Citation>
          <ArticleIdList>
            <ArticleId IdType="pubmed">15537905</ArticleId>
          </ArticleIdList>
        </Reference>
        <Reference>
          <Citation>Nat Med. 2005 Apr;11(4):383-4</Citation>
          <ArticleIdList>
            <ArticleId IdType="pubmed">15812518</ArticleId>
          </ArticleIdList>
        </Reference>
        <Reference>
          <Citation>Int J Colorectal Dis. 2006 Dec;21(8):747-53</Citation>
          <ArticleIdList>
            <ArticleId IdType="pubmed">16228179</ArticleId>
          </ArticleIdList>
        </Reference>
        <Reference>
          <Citation>World J Gastroenterol. 2006 Apr 7;12(13):1991-9</Citation>
          <ArticleIdList>
            <ArticleId IdType="pubmed">16610046</ArticleId>
          </ArticleIdList>
        </Reference>
        <Reference>
          <Citation>Am J Gastroenterol. 2006 Jul;101(7):1559-68</Citation>
          <ArticleIdList>
            <ArticleId IdType="pubmed">16863561</ArticleId>
          </ArticleIdList>
        </Reference>
        <Reference>
          <Citation>Science. 2006 Dec 1;314(5804):1461-3</Citation>
          <ArticleIdList>
            <ArticleId IdType="pubmed">17068223</ArticleId>
          </ArticleIdList>
        </Reference>
        <Reference>
          <Citation>Int J Immunogenet. 2007 Jun;34(3):181-91</Citation>
          <ArticleIdList>
            <ArticleId IdType="pubmed">17504508</ArticleId>
          </ArticleIdList>
        </Reference>
        <Reference>
          <Citation>Nat Rev Genet. 2008 Jan;9(1):9-14</Citation>
          <ArticleIdList>
            <ArticleId IdType="pubmed">17968351</ArticleId>
          </ArticleIdList>
        </Reference>
        <Reference>
          <Citation>Nat Genet. 2008 Aug;40(8):955-62</Citation>
          <ArticleIdList>
            <ArticleId IdType="pubmed">18587394</ArticleId>
          </ArticleIdList>
        </Reference>
        <Reference>
          <Citation>Inflamm Bowel Dis. 2008 Nov;14(11):1469-82</Citation>
          <ArticleIdList>
            <ArticleId IdType="pubmed">18618634</ArticleId>
          </ArticleIdList>
        </Reference>
        <Reference>
          <Citation>Gut. 2008 Sep;57(9):1294-6</Citation>
          <ArticleIdList>
            <ArticleId IdType="pubmed">18719139</ArticleId>
          </ArticleIdList>
        </Reference>
        <Reference>
          <Citation>Nature. 2008 Nov 13;456(7219):259-63</Citation>
          <ArticleIdList>
            <ArticleId IdType="pubmed">18849966</ArticleId>
          </ArticleIdList>
        </Reference>
        <Reference>
          <Citation>Annu Rev Genomics Hum Genet. 2009;10:89-116</Citation>
          <ArticleIdList>
            <ArticleId IdType="pubmed">19453248</ArticleId>
          </ArticleIdList>
        </Reference>
        <Reference>
          <Citation>Inflamm Bowel Dis. 2009 Nov;15(11):1643-55</Citation>
          <ArticleIdList>
            <ArticleId IdType="pubmed">19462429</ArticleId>
          </ArticleIdList>
        </Reference>
        <Reference>
          <Citation>Nat Immunol. 2009 Oct;10(10):1073-80</Citation>
          <ArticleIdList>
            <ArticleId IdType="pubmed">19701189</ArticleId>
          </ArticleIdList>
        </Reference>
        <Reference>
          <Citation>Proc Natl Acad Sci U S A. 2009 Sep 15;106(37):15813-8</Citation>
          <ArticleIdList>
            <ArticleId IdType="pubmed">19805227</ArticleId>
          </ArticleIdList>
        </Reference>
        <Reference>
          <Citation>Expert Rev Gastroenterol Hepatol. 2009 Oct;3(5):513-34</Citation>
          <ArticleIdList>
            <ArticleId IdType="pubmed">19817673</ArticleId>
          </ArticleIdList>
        </Reference>
        <Reference>
          <Citation>Nat Immunol. 2010 Jan;11(1):55-62</Citation>
          <ArticleIdList>
            <ArticleId IdType="pubmed">19898471</ArticleId>
          </ArticleIdList>
        </Reference>
        <Reference>
          <Citation>Curr Gastroenterol Rep. 2009 Dec;11(6):481-7</Citation>
          <ArticleIdList>
            <ArticleId IdType="pubmed">19903424</ArticleId>
          </ArticleIdList>
        </Reference>
        <Reference>
          <Citation>Nat Med. 2010 Jan;16(1):90-7</Citation>
          <ArticleIdList>
            <ArticleId IdType="pubmed">19966812</ArticleId>
          </ArticleIdList>
        </Reference>
        <Reference>
          <Citation>Inflamm Bowel Dis. 2010 Jul;16(7):1108-17</Citation>
          <ArticleIdList>
            <ArticleId IdType="pubmed">20024904</ArticleId>
          </ArticleIdList>
        </Reference>
        <Reference>
          <Citation>Am J Gastroenterol. 2010 Aug;105(8):1811-9</Citation>
          <ArticleIdList>
            <ArticleId IdType="pubmed">20197757</ArticleId>
          </ArticleIdList>
        </Reference>
        <Reference>
          <Citation>Curr Opin Gastroenterol. 2010 Jul;26(4):327-31</Citation>
          <ArticleIdList>
            <ArticleId IdType="pubmed">20445446</ArticleId>
          </ArticleIdList>
        </Reference>
        <Reference>
          <Citation>J Immunol. 2010 Jun 15;184(12):7247-56</Citation>
          <ArticleIdList>
            <ArticleId IdType="pubmed">20483763</ArticleId>
          </ArticleIdList>
        </Reference>
        <Reference>
          <Citation>Inflamm Bowel Dis. 2011 Jan;17(1):346-61</Citation>
          <ArticleIdList>
            <ArticleId IdType="pubmed">20839313</ArticleId>
          </ArticleIdList>
        </Reference>
        <Reference>
          <Citation>Nat Genet. 2010 Dec;42(12):1118-25</Citation>
          <ArticleIdList>
            <ArticleId IdType="pubmed">21102463</ArticleId>
          </ArticleIdList>
        </Reference>
        <Reference>
          <Citation>Gastroenterology. 1989 Apr;96(4):1016-20</Citation>
          <ArticleIdList>
            <ArticleId IdType="pubmed">2925048</ArticleId>
          </ArticleIdList>
        </Reference>
        <Reference>
          <Citation>Gut. 1988 Jul;29(7):990-6</Citation>
          <ArticleIdList>
            <ArticleId IdType="pubmed">3396969</ArticleId>
          </ArticleIdList>
        </Reference>
        <Reference>
          <Citation>Nature. 1996 Feb 29;379(6568):821-3</Citation>
          <ArticleIdList>
            <ArticleId IdType="pubmed">8587604</ArticleId>
          </ArticleIdList>
        </Reference>
        <Reference>
          <Citation>Gastroenterology. 1996 Sep;111(3):597-603</Citation>
          <ArticleIdList>
            <ArticleId IdType="pubmed">8780562</ArticleId>
          </ArticleIdList>
        </Reference>
        <Reference>
          <Citation>Gut. 1996 Nov;39(5):690-7</Citation>
          <ArticleIdList>
            <ArticleId IdType="pubmed">9014768</ArticleId>
          </ArticleIdList>
        </Reference>
      </ReferenceList>
    </PubmedData>
  </PubmedArticle>
  <PubmedArticle>
    <MedlineCitation Status="MEDLINE" Owner="NLM">
      <PMID Version="1">9</PMID>
      <DateCompleted>
        <Year>1976</Year>
        <Month>01</Month>
        <Day>23</Day>
      </DateCompleted>
      <DateRevised>
        <Year>2019</Year>
        <Month>06</Month>
        <Day>23</Day>
      </DateRevised>
      <Article PubModel="Print">
        <Journal>
          <ISSN IssnType="Print">0006-2952</ISSN>
          <JournalIssue CitedMedium="Print">
            <Volume>24</Volume>
            <Issue>17</Issue>
            <PubDate>
              <Year>1975</Year>
              <Month>Sep</Month>
              <Day>01</Day>
            </PubDate>
          </JournalIssue>
          <Title>Biochemical pharmacology</Title>
          <ISOAbbreviation>Biochem Pharmacol</ISOAbbreviation>
        </Journal>
        <ArticleTitle>Radiochemical assay of glutathione S-epoxide transferase and its enhancement by phenobarbital in rat liver in vivo.</ArticleTitle>
        <Pagination>
          <MedlinePgn>1569-72</MedlinePgn>
        </Pagination>
        <AuthorList CompleteYN="Y">
          <Author ValidYN="Y">
            <LastName>Marniemi</LastName>
            <ForeName>J</ForeName>
            <Initials>J</Initials>
          </Author>
          <Author ValidYN="Y">
            <LastName>Parkki</LastName>
            <ForeName>M G</ForeName>
            <Initials>MG</Initials>
          </Author>
        </AuthorList>
        <Language>eng</Language>
        <PublicationTypeList>
          <PublicationType UI="D016428">Journal Article</PublicationType>
          <PublicationType UI="D013487">Research Support, U.S. Gov't, P.H.S.</PublicationType>
        </PublicationTypeList>
      </Article>
      <MedlineJournalInfo>
        <Country>England</Country>
        <MedlineTA>Biochem Pharmacol</MedlineTA>
        <NlmUniqueID>0101032</NlmUniqueID>
        <ISSNLinking>0006-2952</ISSNLinking>
      </MedlineJournalInfo>
      <ChemicalList>
        <Chemical>
          <RegistryNumber>0</RegistryNumber>
          <NameOfSubstance UI="D002352">Carrier Proteins</NameOfSubstance>
        </Chemical>
        <Chemical>
          <RegistryNumber>0</RegistryNumber>
          <NameOfSubstance UI="D004852">Epoxy Compounds</NameOfSubstance>
        </Chemical>
        <Chemical>
          <RegistryNumber>0</RegistryNumber>
          <NameOfSubstance UI="D013343">Styrenes</NameOfSubstance>
        </Chemical>
        <Chemical>
          <RegistryNumber>56-49-5</RegistryNumber>
          <NameOfSubstance UI="D008748">Methylcholanthrene</NameOfSubstance>
        </Chemical>
        <Chemical>
          <RegistryNumber>EC 2.5.1.18</RegistryNumber>
          <NameOfSubstance UI="D005982">Glutathione Transferase</NameOfSubstance>
        </Chemical>
        <Chemical>
          <RegistryNumber>GAN16C9B8O</RegistryNumber>
          <NameOfSubstance UI="D005978">Glutathione</NameOfSubstance>
        </Chemical>
        <Chemical>
          <RegistryNumber>YQE403BP4D</RegistryNumber>
          <NameOfSubstance UI="D010634">Phenobarbital</NameOfSubstance>
        </Chemical>
      </ChemicalList>
      <CitationSubset>IM</CitationSubset>
      <MeshHeadingList>
        <MeshHeading>
          <DescriptorName UI="D000818" MajorTopicYN="N">Animals</DescriptorName>
        </MeshHeading>
        <MeshHeading>
          <DescriptorName UI="D002352" MajorTopicYN="N">Carrier Proteins</DescriptorName>
          <QualifierName UI="Q000378" MajorTopicYN="Y">metabolism</QualifierName>
        </MeshHeading>
        <MeshHeading>
          <DescriptorName UI="D004852" MajorTopicYN="N">Epoxy Compounds</DescriptorName>
          <QualifierName UI="Q000378" MajorTopicYN="N">metabolism</QualifierName>
          <QualifierName UI="Q000494" MajorTopicYN="N">pharmacology</QualifierName>
        </MeshHeading>
        <MeshHeading>
          <DescriptorName UI="D005978" MajorTopicYN="N">Glutathione</DescriptorName>
          <QualifierName UI="Q000494" MajorTopicYN="N">pharmacology</QualifierName>
        </MeshHeading>
        <MeshHeading>
          <DescriptorName UI="D005982" MajorTopicYN="N">Glutathione Transferase</DescriptorName>
          <QualifierName UI="Q000378" MajorTopicYN="Y">metabolism</QualifierName>
        </MeshHeading>
        <MeshHeading>
          <DescriptorName UI="D006863" MajorTopicYN="N">Hydrogen-Ion Concentration</DescriptorName>
        </MeshHeading>
        <MeshHeading>
          <DescriptorName UI="D008099" MajorTopicYN="N">Liver</DescriptorName>
          <QualifierName UI="Q000201" MajorTopicYN="Y">enzymology</QualifierName>
        </MeshHeading>
        <MeshHeading>
          <DescriptorName UI="D008297" MajorTopicYN="N">Male</DescriptorName>
        </MeshHeading>
        <MeshHeading>
          <DescriptorName UI="D008748" MajorTopicYN="N">Methylcholanthrene</DescriptorName>
          <QualifierName UI="Q000494" MajorTopicYN="N">pharmacology</QualifierName>
        </MeshHeading>
        <MeshHeading>
          <DescriptorName UI="D010634" MajorTopicYN="N">Phenobarbital</DescriptorName>
          <QualifierName UI="Q000494" MajorTopicYN="Y">pharmacology</QualifierName>
        </MeshHeading>
        <MeshHeading>
          <DescriptorName UI="D051381" MajorTopicYN="N">Rats</DescriptorName>
        </MeshHeading>
        <MeshHeading>
          <DescriptorName UI="D013268" MajorTopicYN="N">Stimulation, Chemical</DescriptorName>
        </MeshHeading>
        <MeshHeading>
          <DescriptorName UI="D013343" MajorTopicYN="N">Styrenes</DescriptorName>
          <QualifierName UI="Q000494" MajorTopicYN="N">pharmacology</QualifierName>
        </MeshHeading>
      </MeshHeadingList>
    </MedlineCitation>
    <PubmedData>
      <History>
        <PubMedPubDate PubStatus="pubmed">
          <Year>1975</Year>
          <Month>9</Month>
          <Day>1</Day>
        </PubMedPubDate>
        <PubMedPubDate PubStatus="medline">
          <Year>1975</Year>
          <Month>9</Month>
          <Day>1</Day>
          <Hour>0</Hour>
          <Minute>1</Minute>
        </PubMedPubDate>
        <PubMedPubDate PubStatus="entrez">
          <Year>1975</Year>
          <Month>9</Month>
          <Day>1</Day>
          <Hour>0</Hour>
          <Minute>0</Minute>
        </PubMedPubDate>
      </History>
      <PublicationStatus>ppublish</PublicationStatus>
      <ArticleIdList>
        <ArticleId IdType="pubmed">9</ArticleId>
        <ArticleId IdType="pii">0006-2952(75)90080-5</ArticleId>
        <ArticleId IdType="doi">10.1016/0006-2952(75)90080-5</ArticleId>
      </ArticleIdList>
    </PubmedData>
  </PubmedArticle>
  <PubmedArticle>
    <MedlineCitation Status="MEDLINE" Owner="NLM">
      <PMID Version="1">10</PMID>
      <DateCompleted>
        <Year>1976</Year>
        <Month>01</Month>
        <Day>23</Day>
      </DateCompleted>
      <DateRevised>
        <Year>2020</Year>
        <Month>03</Month>
        <Day>03</Day>
      </DateRevised>
      <Article PubModel="Print">
        <Journal>
          <ISSN IssnType="Electronic">1873-2968</ISSN>
          <JournalIssue CitedMedium="Internet">
            <Volume>24</Volume>
            <Issue>17</Issue>
            <PubDate>
              <Year>1975</Year>
              <Month>Sep</Month>
              <Day>01</Day>
            </PubDate>
          </JournalIssue>
          <Title>Biochemical pharmacology</Title>
          <ISOAbbreviation>Biochem Pharmacol</ISOAbbreviation>
        </Journal>
        <ArticleTitle>Digitoxin metabolism by rat liver microsomes.</ArticleTitle>
        <Pagination>
          <MedlinePgn>1639-41</MedlinePgn>
        </Pagination>
        <AuthorList CompleteYN="Y">
          <Author ValidYN="Y">
            <LastName>Schmoldt</LastName>
            <ForeName>A</ForeName>
            <Initials>A</Initials>
          </Author>
          <Author ValidYN="Y">
            <LastName>Benthe</LastName>
            <ForeName>H F</ForeName>
            <Initials>HF</Initials>
          </Author>
          <Author ValidYN="Y">
            <LastName>Haberland</LastName>
            <ForeName>G</ForeName>
            <Initials>G</Initials>
          </Author>
        </AuthorList>
        <Language>eng</Language>
        <GrantList CompleteYN="Y">
          <Grant>
            <GrantID>K01 AG044439</GrantID>
            <Acronym>AG</Acronym>
            <Agency>NIA NIH HHS</Agency>
            <Country>United States</Country>
          </Grant>
        </GrantList>
        <PublicationTypeList>
          <PublicationType UI="D016428">Journal Article</PublicationType>
        </PublicationTypeList>
      </Article>
      <MedlineJournalInfo>
        <Country>England</Country>
        <MedlineTA>Biochem Pharmacol</MedlineTA>
        <NlmUniqueID>0101032</NlmUniqueID>
        <ISSNLinking>0006-2952</ISSNLinking>
      </MedlineJournalInfo>
      <ChemicalList>
        <Chemical>
          <RegistryNumber>143-62-4</RegistryNumber>
          <NameOfSubstance UI="D004073">Digitoxigenin</NameOfSubstance>
        </Chemical>
        <Chemical>
          <RegistryNumber>53-59-8</RegistryNumber>
          <NameOfSubstance UI="D009249">NADP</NameOfSubstance>
        </Chemical>
        <Chemical>
          <RegistryNumber>E90NZP2L9U</RegistryNumber>
          <NameOfSubstance UI="D004074">Digitoxin</NameOfSubstance>
        </Chemical>
      </ChemicalList>
      <CitationSubset>IM</CitationSubset>
      <MeshHeadingList>
        <MeshHeading>
          <DescriptorName UI="D000818" MajorTopicYN="N">Animals</DescriptorName>
        </MeshHeading>
        <MeshHeading>
          <DescriptorName UI="D002855" MajorTopicYN="N">Chromatography, Thin Layer</DescriptorName>
        </MeshHeading>
        <MeshHeading>
          <DescriptorName UI="D004073" MajorTopicYN="N">Digitoxigenin</DescriptorName>
          <QualifierName UI="Q000378" MajorTopicYN="N">metabolism</QualifierName>
        </MeshHeading>
        <MeshHeading>
          <DescriptorName UI="D004074" MajorTopicYN="N">Digitoxin</DescriptorName>
          <QualifierName UI="Q000378" MajorTopicYN="Y">metabolism</QualifierName>
        </MeshHeading>
        <MeshHeading>
          <DescriptorName UI="D006900" MajorTopicYN="N">Hydroxylation</DescriptorName>
        </MeshHeading>
        <MeshHeading>
          <DescriptorName UI="D066298" MajorTopicYN="N">In Vitro Techniques</DescriptorName>
        </MeshHeading>
        <MeshHeading>
          <DescriptorName UI="D008297" MajorTopicYN="N">Male</DescriptorName>
        </MeshHeading>
        <MeshHeading>
          <DescriptorName UI="D008862" MajorTopicYN="N">Microsomes, Liver</DescriptorName>
          <QualifierName UI="Q000378" MajorTopicYN="Y">metabolism</QualifierName>
        </MeshHeading>
        <MeshHeading>
          <DescriptorName UI="D009249" MajorTopicYN="N">NADP</DescriptorName>
          <QualifierName UI="Q000378" MajorTopicYN="N">metabolism</QualifierName>
        </MeshHeading>
        <MeshHeading>
          <DescriptorName UI="D051381" MajorTopicYN="N">Rats</DescriptorName>
        </MeshHeading>
        <MeshHeading>
          <DescriptorName UI="D013997" MajorTopicYN="N">Time Factors</DescriptorName>
        </MeshHeading>
      </MeshHeadingList>
    </MedlineCitation>
    <PubmedData>
      <History>
        <PubMedPubDate PubStatus="pubmed">
          <Year>1975</Year>
          <Month>9</Month>
          <Day>1</Day>
        </PubMedPubDate>
        <PubMedPubDate PubStatus="medline">
          <Year>1975</Year>
          <Month>9</Month>
          <Day>1</Day>
          <Hour>0</Hour>
          <Minute>1</Minute>
        </PubMedPubDate>
        <PubMedPubDate PubStatus="entrez">
          <Year>1975</Year>
          <Month>9</Month>
          <Day>1</Day>
          <Hour>0</Hour>
          <Minute>0</Minute>
        </PubMedPubDate>
      </History>
      <PublicationStatus>ppublish</PublicationStatus>
      <ArticleIdList>
        <ArticleId IdType="pubmed">10</ArticleId>
        <ArticleId IdType="pii">0006-2952(75)90094-5</ArticleId>
      </ArticleIdList>
    </PubmedData>
  </PubmedArticle>
  <PubmedArticle>
    <MedlineCitation Status="MEDLINE" Owner="NLM">
      <PMID Version="1">11</PMID>
      <DateCompleted>
        <Year>1976</Year>
        <Month>01</Month>
        <Day>23</Day>
      </DateCompleted>
      <DateRevised>
        <Year>2020</Year>
        <Month>02</Month>
        <Day>25</Day>
      </DateRevised>
      <Article PubModel="Print">
        <Journal>
          <ISSN IssnType="Print">0006-2952</ISSN>
          <JournalIssue CitedMedium="Print">
            <Volume>24</Volume>
            <Issue>18</Issue>
            <PubDate>
              <Year>1975</Year>
              <Month>Sep</Month>
              <Day>15</Day>
            </PubDate>
          </JournalIssue>
          <Title>Biochemical pharmacology</Title>
          <ISOAbbreviation>Biochem Pharmacol</ISOAbbreviation>
        </Journal>
        <ArticleTitle>Identification of adenylate cyclase-coupled beta-adrenergic receptors with radiolabeled beta-adrenergic antagonists.</ArticleTitle>
        <Pagination>
          <MedlinePgn>1651-8</MedlinePgn>
        </Pagination>
        <AuthorList CompleteYN="Y">
          <Author ValidYN="Y">
            <LastName>Lefkowitz</LastName>
            <ForeName>R J</ForeName>
            <Initials>RJ</Initials>
          </Author>
        </AuthorList>
        <Language>eng</Language>
        <PublicationTypeList>
          <PublicationType UI="D016428">Journal Article</PublicationType>
          <PublicationType UI="D013487">Research Support, U.S. Gov't, P.H.S.</PublicationType>
        </PublicationTypeList>
      </Article>
      <MedlineJournalInfo>
        <Country>England</Country>
        <MedlineTA>Biochem Pharmacol</MedlineTA>
        <NlmUniqueID>0101032</NlmUniqueID>
        <ISSNLinking>0006-2952</ISSNLinking>
      </MedlineJournalInfo>
      <ChemicalList>
        <Chemical>
          <RegistryNumber>0</RegistryNumber>
          <NameOfSubstance UI="D000319">Adrenergic beta-Antagonists</NameOfSubstance>
        </Chemical>
        <Chemical>
          <RegistryNumber>0</RegistryNumber>
          <NameOfSubstance UI="D002395">Catecholamines</NameOfSubstance>
        </Chemical>
        <Chemical>
          <RegistryNumber>0</RegistryNumber>
          <NameOfSubstance UI="D011941">Receptors, Adrenergic</NameOfSubstance>
        </Chemical>
        <Chemical>
          <RegistryNumber>10028-17-8</RegistryNumber>
          <NameOfSubstance UI="D014316">Tritium</NameOfSubstance>
        </Chemical>
        <Chemical>
          <RegistryNumber>877K5MQ27W</RegistryNumber>
          <NameOfSubstance UI="D000526">Alprenolol</NameOfSubstance>
        </Chemical>
        <Chemical>
          <RegistryNumber>9Y8NXQ24VQ</RegistryNumber>
          <NameOfSubstance UI="D011433">Propranolol</NameOfSubstance>
        </Chemical>
        <Chemical>
          <RegistryNumber>EC 4.6.1.1</RegistryNumber>
          <NameOfSubstance UI="D000262">Adenylyl Cyclases</NameOfSubstance>
        </Chemical>
        <Chemical>
          <RegistryNumber>L628TT009W</RegistryNumber>
          <NameOfSubstance UI="D007545">Isoproterenol</NameOfSubstance>
        </Chemical>
      </ChemicalList>
      <CitationSubset>IM</CitationSubset>
      <MeshHeadingList>
        <MeshHeading>
          <DescriptorName UI="D000262" MajorTopicYN="N">Adenylyl Cyclases</DescriptorName>
          <QualifierName UI="Q000097" MajorTopicYN="N">blood</QualifierName>
          <QualifierName UI="Q000378" MajorTopicYN="Y">metabolism</QualifierName>
        </MeshHeading>
        <MeshHeading>
          <DescriptorName UI="D000319" MajorTopicYN="N">Adrenergic beta-Antagonists</DescriptorName>
          <QualifierName UI="Q000494" MajorTopicYN="Y">pharmacology</QualifierName>
        </MeshHeading>
        <MeshHeading>
          <DescriptorName UI="D000526" MajorTopicYN="N">Alprenolol</DescriptorName>
          <QualifierName UI="Q000097" MajorTopicYN="N">blood</QualifierName>
        </MeshHeading>
        <MeshHeading>
          <DescriptorName UI="D000818" MajorTopicYN="N">Animals</DescriptorName>
        </MeshHeading>
        <MeshHeading>
          <DescriptorName UI="D001001" MajorTopicYN="N">Anura</DescriptorName>
        </MeshHeading>
        <MeshHeading>
          <DescriptorName UI="D001665" MajorTopicYN="N">Binding Sites</DescriptorName>
        </MeshHeading>
        <MeshHeading>
          <DescriptorName UI="D002395" MajorTopicYN="N">Catecholamines</DescriptorName>
          <QualifierName UI="Q000494" MajorTopicYN="N">pharmacology</QualifierName>
        </MeshHeading>
        <MeshHeading>
          <DescriptorName UI="D002417" MajorTopicYN="N">Cattle</DescriptorName>
        </MeshHeading>
        <MeshHeading>
          <DescriptorName UI="D002462" MajorTopicYN="N">Cell Membrane</DescriptorName>
          <QualifierName UI="Q000201" MajorTopicYN="N">enzymology</QualifierName>
        </MeshHeading>
        <MeshHeading>
          <DescriptorName UI="D004524" MajorTopicYN="N">Eels</DescriptorName>
        </MeshHeading>
        <MeshHeading>
          <DescriptorName UI="D004912" MajorTopicYN="N">Erythrocytes</DescriptorName>
          <QualifierName UI="Q000201" MajorTopicYN="N">enzymology</QualifierName>
        </MeshHeading>
        <MeshHeading>
          <DescriptorName UI="D006168" MajorTopicYN="N">Guinea Pigs</DescriptorName>
        </MeshHeading>
        <MeshHeading>
          <DescriptorName UI="D066298" MajorTopicYN="N">In Vitro Techniques</DescriptorName>
        </MeshHeading>
        <MeshHeading>
          <DescriptorName UI="D007545" MajorTopicYN="N">Isoproterenol</DescriptorName>
          <QualifierName UI="Q000494" MajorTopicYN="N">pharmacology</QualifierName>
        </MeshHeading>
        <MeshHeading>
          <DescriptorName UI="D007700" MajorTopicYN="N">Kinetics</DescriptorName>
        </MeshHeading>
        <MeshHeading>
          <DescriptorName UI="D011433" MajorTopicYN="N">Propranolol</DescriptorName>
          <QualifierName UI="Q000494" MajorTopicYN="N">pharmacology</QualifierName>
        </MeshHeading>
        <MeshHeading>
          <DescriptorName UI="D011941" MajorTopicYN="N">Receptors, Adrenergic</DescriptorName>
          <QualifierName UI="Q000187" MajorTopicYN="Y">drug effects</QualifierName>
        </MeshHeading>
        <MeshHeading>
          <DescriptorName UI="D013237" MajorTopicYN="N">Stereoisomerism</DescriptorName>
        </MeshHeading>
        <MeshHeading>
          <DescriptorName UI="D014316" MajorTopicYN="N">Tritium</DescriptorName>
        </MeshHeading>
      </MeshHeadingList>
    </MedlineCitation>
    <PubmedData>
      <History>
        <PubMedPubDate PubStatus="pubmed">
          <Year>1975</Year>
          <Month>9</Month>
          <Day>15</Day>
        </PubMedPubDate>
        <PubMedPubDate PubStatus="medline">
          <Year>1975</Year>
          <Month>9</Month>
          <Day>15</Day>
          <Hour>0</Hour>
          <Minute>1</Minute>
        </PubMedPubDate>
        <PubMedPubDate PubStatus="entrez">
          <Year>1975</Year>
          <Month>9</Month>
          <Day>15</Day>
          <Hour>0</Hour>
          <Minute>0</Minute>
        </PubMedPubDate>
      </History>
      <PublicationStatus>ppublish</PublicationStatus>
      <ArticleIdList>
        <ArticleId IdType="pubmed">11</ArticleId>
        <ArticleId IdType="pii">0006-2952(75)90001-5</ArticleId>
        <ArticleId IdType="doi">10.1016/0006-2952(75)90001-5</ArticleId>
      </ArticleIdList>
      <ReferenceList>
        <Reference>
          <Citation>J Am Coll Cardiol. 2002 Jul 3;40(1):142-8</Citation>
          <ArticleIdList>
            <ArticleId IdType="pubmed">12103268</ArticleId>
          </ArticleIdList>
        </Reference>
        <Reference>
          <Citation>Postgrad Med J. 2005 Jul;81(957):442-7</Citation>
          <ArticleIdList>
            <ArticleId IdType="pubmed">15998820</ArticleId>
          </ArticleIdList>
        </Reference>
        <Reference>
          <Citation>Eur Heart J. 2006 Feb;27(3):344-50</Citation>
          <ArticleIdList>
            <ArticleId IdType="pubmed">16223744</ArticleId>
          </ArticleIdList>
        </Reference>
        <Reference>
          <Citation>Heart. 2006 Apr;92(4):559-68</Citation>
          <ArticleIdList>
            <ArticleId IdType="pubmed">16537784</ArticleId>
          </ArticleIdList>
        </Reference>
        <Reference>
          <Citation>Europace. 2006 Sep;8(9):746-837</Citation>
          <ArticleIdList>
            <ArticleId IdType="pubmed">16935866</ArticleId>
          </ArticleIdList>
        </Reference>
        <Reference>
          <Citation>Eur Heart J. 2007 Sep;28(18):2256-95</Citation>
          <ArticleIdList>
            <ArticleId IdType="pubmed">17726042</ArticleId>
          </ArticleIdList>
        </Reference>
        <Reference>
          <Citation>J Cardiovasc Electrophysiol. 2008 Jan;19(1):48-55</Citation>
          <ArticleIdList>
            <ArticleId IdType="pubmed">17916139</ArticleId>
          </ArticleIdList>
        </Reference>
        <Reference>
          <Citation>QJM. 2009 Jul;102(7):485-90</Citation>
          <ArticleIdList>
            <ArticleId IdType="pubmed">19474111</ArticleId>
          </ArticleIdList>
        </Reference>
        <Reference>
          <Citation>Eur Heart J. 2009 Nov;30(21):2631-71</Citation>
          <ArticleIdList>
            <ArticleId IdType="pubmed">19713422</ArticleId>
          </ArticleIdList>
        </Reference>
        <Reference>
          <Citation>Ann Intern Med. 1997 Jun 15;126(12):989-96</Citation>
          <ArticleIdList>
            <ArticleId IdType="pubmed">9182479</ArticleId>
          </ArticleIdList>
        </Reference>
      </ReferenceList>
    </PubmedData>
  </PubmedArticle>
  <PubmedArticle>
    <MedlineCitation Status="MEDLINE" Owner="NLM">
      <PMID Version="1">12</PMID>
      <DateCompleted>
        <Year>1976</Year>
        <Month>01</Month>
        <Day>23</Day>
      </DateCompleted>
      <DateRevised>
        <Year>2020</Year>
        <Month>02</Month>
        <Day>25</Day>
      </DateRevised>
      <Article PubModel="Print">
        <Journal>
          <ISSN IssnType="Print">0006-2952</ISSN>
          <JournalIssue CitedMedium="Print">
            <Volume>24</Volume>
            <Issue>18</Issue>
            <PubDate>
              <Year>1975</Year>
              <Month>Sep</Month>
              <Day>15</Day>
            </PubDate>
          </JournalIssue>
          <Title>Biochemical pharmacology</Title>
          <ISOAbbreviation>Biochem Pharmacol</ISOAbbreviation>
        </Journal>
        <ArticleTitle>The effect of adrenaline and of alpha- and beta-adrenergic blocking agents on ATP concentration and on incorporation of 32Pi into ATP in rat fat cells.</ArticleTitle>
        <Pagination>
          <MedlinePgn>1659-62</MedlinePgn>
        </Pagination>
        <AuthorList CompleteYN="Y">
          <Author ValidYN="Y">
            <LastName>Stein</LastName>
            <ForeName>J M</ForeName>
            <Initials>JM</Initials>
          </Author>
        </AuthorList>
        <Language>eng</Language>
        <GrantList CompleteYN="Y">
          <Grant>
            <GrantID>G1002528</GrantID>
            <Agency>Medical Research Council</Agency>
            <Country>United Kingdom</Country>
          </Grant>
        </GrantList>
        <PublicationTypeList>
          <PublicationType UI="D016428">Journal Article</PublicationType>
        </PublicationTypeList>
      </Article>
      <MedlineJournalInfo>
        <Country>England</Country>
        <MedlineTA>Biochem Pharmacol</MedlineTA>
        <NlmUniqueID>0101032</NlmUniqueID>
        <ISSNLinking>0006-2952</ISSNLinking>
      </MedlineJournalInfo>
      <ChemicalList>
        <Chemical>
          <RegistryNumber>0</RegistryNumber>
          <NameOfSubstance UI="D000317">Adrenergic alpha-Antagonists</NameOfSubstance>
        </Chemical>
        <Chemical>
          <RegistryNumber>0</RegistryNumber>
          <NameOfSubstance UI="D000319">Adrenergic beta-Antagonists</NameOfSubstance>
        </Chemical>
        <Chemical>
          <RegistryNumber>0</RegistryNumber>
          <NameOfSubstance UI="D010761">Phosphorus Radioisotopes</NameOfSubstance>
        </Chemical>
        <Chemical>
          <RegistryNumber>0TTZ664R7Z</RegistryNumber>
          <NameOfSubstance UI="D010643">Phenoxybenzamine</NameOfSubstance>
        </Chemical>
        <Chemical>
          <RegistryNumber>27YLU75U4W</RegistryNumber>
          <NameOfSubstance UI="D010758">Phosphorus</NameOfSubstance>
        </Chemical>
        <Chemical>
          <RegistryNumber>8L70Q75FXE</RegistryNumber>
          <NameOfSubstance UI="D000255">Adenosine Triphosphate</NameOfSubstance>
        </Chemical>
        <Chemical>
          <RegistryNumber>9Y8NXQ24VQ</RegistryNumber>
          <NameOfSubstance UI="D011433">Propranolol</NameOfSubstance>
        </Chemical>
        <Chemical>
          <RegistryNumber>EC 1.13.12.-</RegistryNumber>
          <NameOfSubstance UI="D008156">Luciferases</NameOfSubstance>
        </Chemical>
        <Chemical>
          <RegistryNumber>EC 2.7.1.1</RegistryNumber>
          <NameOfSubstance UI="D006593">Hexokinase</NameOfSubstance>
        </Chemical>
        <Chemical>
          <RegistryNumber>YKH834O4BH</RegistryNumber>
          <NameOfSubstance UI="D004837">Epinephrine</NameOfSubstance>
        </Chemical>
      </ChemicalList>
      <CitationSubset>IM</CitationSubset>
      <MeshHeadingList>
        <MeshHeading>
          <DescriptorName UI="D000255" MajorTopicYN="N">Adenosine Triphosphate</DescriptorName>
          <QualifierName UI="Q000096" MajorTopicYN="N">biosynthesis</QualifierName>
          <QualifierName UI="Q000378" MajorTopicYN="Y">metabolism</QualifierName>
        </MeshHeading>
        <MeshHeading>
          <DescriptorName UI="D000273" MajorTopicYN="N">Adipose Tissue</DescriptorName>
          <QualifierName UI="Q000187" MajorTopicYN="N">drug effects</QualifierName>
          <QualifierName UI="Q000378" MajorTopicYN="Y">metabolism</QualifierName>
        </MeshHeading>
        <MeshHeading>
          <DescriptorName UI="D000317" MajorTopicYN="N">Adrenergic alpha-Antagonists</DescriptorName>
          <QualifierName UI="Q000494" MajorTopicYN="Y">pharmacology</QualifierName>
        </MeshHeading>
        <MeshHeading>
          <DescriptorName UI="D000319" MajorTopicYN="N">Adrenergic beta-Antagonists</DescriptorName>
          <QualifierName UI="Q000494" MajorTopicYN="Y">pharmacology</QualifierName>
        </MeshHeading>
        <MeshHeading>
          <DescriptorName UI="D000818" MajorTopicYN="N">Animals</DescriptorName>
        </MeshHeading>
        <MeshHeading>
          <DescriptorName UI="D004837" MajorTopicYN="N">Epinephrine</DescriptorName>
          <QualifierName UI="Q000494" MajorTopicYN="Y">pharmacology</QualifierName>
        </MeshHeading>
        <MeshHeading>
          <DescriptorName UI="D006593" MajorTopicYN="N">Hexokinase</DescriptorName>
          <QualifierName UI="Q000494" MajorTopicYN="N">pharmacology</QualifierName>
        </MeshHeading>
        <MeshHeading>
          <DescriptorName UI="D066298" MajorTopicYN="N">In Vitro Techniques</DescriptorName>
        </MeshHeading>
        <MeshHeading>
          <DescriptorName UI="D008156" MajorTopicYN="N">Luciferases</DescriptorName>
          <QualifierName UI="Q000494" MajorTopicYN="N">pharmacology</QualifierName>
        </MeshHeading>
        <MeshHeading>
          <DescriptorName UI="D008297" MajorTopicYN="N">Male</DescriptorName>
        </MeshHeading>
        <MeshHeading>
          <DescriptorName UI="D010101" MajorTopicYN="N">Oxygen Consumption</DescriptorName>
          <QualifierName UI="Q000187" MajorTopicYN="N">drug effects</QualifierName>
        </MeshHeading>
        <MeshHeading>
          <DescriptorName UI="D010643" MajorTopicYN="N">Phenoxybenzamine</DescriptorName>
          <QualifierName UI="Q000494" MajorTopicYN="N">pharmacology</QualifierName>
        </MeshHeading>
        <MeshHeading>
          <DescriptorName UI="D010758" MajorTopicYN="N">Phosphorus</DescriptorName>
          <QualifierName UI="Q000378" MajorTopicYN="N">metabolism</QualifierName>
        </MeshHeading>
        <MeshHeading>
          <DescriptorName UI="D010761" MajorTopicYN="N">Phosphorus Radioisotopes</DescriptorName>
        </MeshHeading>
        <MeshHeading>
          <DescriptorName UI="D011433" MajorTopicYN="N">Propranolol</DescriptorName>
          <QualifierName UI="Q000494" MajorTopicYN="N">pharmacology</QualifierName>
        </MeshHeading>
        <MeshHeading>
          <DescriptorName UI="D051381" MajorTopicYN="N">Rats</DescriptorName>
        </MeshHeading>
        <MeshHeading>
          <DescriptorName UI="D013997" MajorTopicYN="N">Time Factors</DescriptorName>
        </MeshHeading>
      </MeshHeadingList>
    </MedlineCitation>
    <PubmedData>
      <History>
        <PubMedPubDate PubStatus="pubmed">
          <Year>1975</Year>
          <Month>9</Month>
          <Day>15</Day>
        </PubMedPubDate>
        <PubMedPubDate PubStatus="medline">
          <Year>1975</Year>
          <Month>9</Month>
          <Day>15</Day>
          <Hour>0</Hour>
          <Minute>1</Minute>
        </PubMedPubDate>
        <PubMedPubDate PubStatus="entrez">
          <Year>1975</Year>
          <Month>9</Month>
          <Day>15</Day>
          <Hour>0</Hour>
          <Minute>0</Minute>
        </PubMedPubDate>
      </History>
      <PublicationStatus>ppublish</PublicationStatus>
      <ArticleIdList>
        <ArticleId IdType="pubmed">12</ArticleId>
        <ArticleId IdType="pii">0006-2952(75)90002-7</ArticleId>
        <ArticleId IdType="doi">10.1016/0006-2952(75)90002-7</ArticleId>
      </ArticleIdList>
      <ReferenceList>
        <Reference>
          <Citation>Int J Qual Health Care. 2007 Feb;19(1):50-5</Citation>
          <ArticleIdList>
            <ArticleId IdType="pubmed">17172600</ArticleId>
          </ArticleIdList>
        </Reference>
        <Reference>
          <Citation>Nurse Educ Pract. 2008 Sep;8(5):299-301</Citation>
          <ArticleIdList>
            <ArticleId IdType="pubmed">18692016</ArticleId>
          </ArticleIdList>
        </Reference>
        <Reference>
          <Citation>BMJ. 2009 Apr 21;338:b1555</Citation>
          <ArticleIdList>
            <ArticleId IdType="pubmed">19383750</ArticleId>
          </ArticleIdList>
        </Reference>
        <Reference>
          <Citation>BMJ. 2009 May 12;338:b1900</Citation>
          <ArticleIdList>
            <ArticleId IdType="pubmed">19435768</ArticleId>
          </ArticleIdList>
        </Reference>
        <Reference>
          <Citation>BMJ. 2011 Feb 03;342:c6646</Citation>
          <ArticleIdList>
            <ArticleId IdType="pubmed">21292716</ArticleId>
          </ArticleIdList>
        </Reference>
        <Reference>
          <Citation>BMJ. 2011 Sep 13;343:d5672</Citation>
          <ArticleIdList>
            <ArticleId IdType="pubmed">21914758</ArticleId>
          </ArticleIdList>
        </Reference>
        <Reference>
          <Citation>BMJ Qual Saf. 2012 Mar;21(3):234-8</Citation>
          <ArticleIdList>
            <ArticleId IdType="pubmed">22282817</ArticleId>
          </ArticleIdList>
        </Reference>
        <Reference>
          <Citation>Clin Med (Lond). 2012 Dec;12(6):520-5</Citation>
          <ArticleIdList>
            <ArticleId IdType="pubmed">23342404</ArticleId>
          </ArticleIdList>
        </Reference>
        <Reference>
          <Citation>BMJ Qual Saf. 2013 Aug;22(8):613-7</Citation>
          <ArticleIdList>
            <ArticleId IdType="pubmed">23661281</ArticleId>
          </ArticleIdList>
        </Reference>
      </ReferenceList>
    </PubmedData>
  </PubmedArticle>
  <PubmedArticle>
    <MedlineCitation Status="MEDLINE" Owner="NLM">
      <PMID Version="1">13</PMID>
      <DateCompleted>
        <Year>1976</Year>
        <Month>01</Month>
        <Day>23</Day>
      </DateCompleted>
      <DateRevised>
        <Year>2019</Year>
        <Month>06</Month>
        <Day>23</Day>
      </DateRevised>
      <Article PubModel="Print">
        <Journal>
          <ISSN IssnType="Print">0006-2952</ISSN>
          <JournalIssue CitedMedium="Print">
            <Volume>24</Volume>
            <Issue>18</Issue>
            <PubDate>
              <Year>1975</Year>
              <Month>Sep</Month>
              <Day>15</Day>
            </PubDate>
          </JournalIssue>
          <Title>Biochemical pharmacology</Title>
          <ISOAbbreviation>Biochem Pharmacol</ISOAbbreviation>
        </Journal>
        <ArticleTitle>Action of propranolol on mitochondrial functions--effects on energized ion fluxes in the presence of valinomycin.</ArticleTitle>
        <Pagination>
          <MedlinePgn>1701-5</MedlinePgn>
        </Pagination>
        <AuthorList CompleteYN="Y">
          <Author ValidYN="Y">
            <LastName>Järvisalo</LastName>
            <ForeName>J</ForeName>
            <Initials>J</Initials>
          </Author>
          <Author ValidYN="Y">
            <LastName>Saris</LastName>
            <ForeName>N E</ForeName>
            <Initials>NE</Initials>
          </Author>
        </AuthorList>
        <Language>eng</Language>
        <GrantList CompleteYN="Y">
          <Grant>
            <GrantID>G9901400</GrantID>
            <Agency>Medical Research Council</Agency>
            <Country>United Kingdom</Country>
          </Grant>
        </GrantList>
        <PublicationTypeList>
          <PublicationType UI="D016428">Journal Article</PublicationType>
        </PublicationTypeList>
      </Article>
      <MedlineJournalInfo>
        <Country>England</Country>
        <MedlineTA>Biochem Pharmacol</MedlineTA>
        <NlmUniqueID>0101032</NlmUniqueID>
        <ISSNLinking>0006-2952</ISSNLinking>
      </MedlineJournalInfo>
      <ChemicalList>
        <Chemical>
          <RegistryNumber>2001-95-8</RegistryNumber>
          <NameOfSubstance UI="D014634">Valinomycin</NameOfSubstance>
        </Chemical>
        <Chemical>
          <RegistryNumber>8L70Q75FXE</RegistryNumber>
          <NameOfSubstance UI="D000255">Adenosine Triphosphate</NameOfSubstance>
        </Chemical>
        <Chemical>
          <RegistryNumber>9Y8NXQ24VQ</RegistryNumber>
          <NameOfSubstance UI="D011433">Propranolol</NameOfSubstance>
        </Chemical>
        <Chemical>
          <RegistryNumber>EC 3.6.1.-</RegistryNumber>
          <NameOfSubstance UI="D000251">Adenosine Triphosphatases</NameOfSubstance>
        </Chemical>
        <Chemical>
          <RegistryNumber>RRU6GY95IS</RegistryNumber>
          <NameOfSubstance UI="D009550">Nigericin</NameOfSubstance>
        </Chemical>
        <Chemical>
          <RegistryNumber>RWP5GA015D</RegistryNumber>
          <NameOfSubstance UI="D011188">Potassium</NameOfSubstance>
        </Chemical>
      </ChemicalList>
      <CitationSubset>IM</CitationSubset>
      <MeshHeadingList>
        <MeshHeading>
          <DescriptorName UI="D000251" MajorTopicYN="N">Adenosine Triphosphatases</DescriptorName>
          <QualifierName UI="Q000378" MajorTopicYN="N">metabolism</QualifierName>
        </MeshHeading>
        <MeshHeading>
          <DescriptorName UI="D000255" MajorTopicYN="N">Adenosine Triphosphate</DescriptorName>
          <QualifierName UI="Q000494" MajorTopicYN="N">pharmacology</QualifierName>
        </MeshHeading>
        <MeshHeading>
          <DescriptorName UI="D000818" MajorTopicYN="N">Animals</DescriptorName>
        </MeshHeading>
        <MeshHeading>
          <DescriptorName UI="D006863" MajorTopicYN="N">Hydrogen-Ion Concentration</DescriptorName>
        </MeshHeading>
        <MeshHeading>
          <DescriptorName UI="D066298" MajorTopicYN="N">In Vitro Techniques</DescriptorName>
        </MeshHeading>
        <MeshHeading>
          <DescriptorName UI="D008928" MajorTopicYN="N">Mitochondria</DescriptorName>
          <QualifierName UI="Q000187" MajorTopicYN="N">drug effects</QualifierName>
        </MeshHeading>
        <MeshHeading>
          <DescriptorName UI="D008930" MajorTopicYN="N">Mitochondria, Liver</DescriptorName>
          <QualifierName UI="Q000201" MajorTopicYN="N">enzymology</QualifierName>
          <QualifierName UI="Q000378" MajorTopicYN="Y">metabolism</QualifierName>
        </MeshHeading>
        <MeshHeading>
          <DescriptorName UI="D008933" MajorTopicYN="N">Mitochondrial Swelling</DescriptorName>
          <QualifierName UI="Q000187" MajorTopicYN="N">drug effects</QualifierName>
        </MeshHeading>
        <MeshHeading>
          <DescriptorName UI="D009550" MajorTopicYN="N">Nigericin</DescriptorName>
          <QualifierName UI="Q000494" MajorTopicYN="N">pharmacology</QualifierName>
        </MeshHeading>
        <MeshHeading>
          <DescriptorName UI="D010085" MajorTopicYN="N">Oxidative Phosphorylation</DescriptorName>
          <QualifierName UI="Q000187" MajorTopicYN="N">drug effects</QualifierName>
        </MeshHeading>
        <MeshHeading>
          <DescriptorName UI="D010101" MajorTopicYN="N">Oxygen Consumption</DescriptorName>
          <QualifierName UI="Q000187" MajorTopicYN="N">drug effects</QualifierName>
        </MeshHeading>
        <MeshHeading>
          <DescriptorName UI="D011188" MajorTopicYN="N">Potassium</DescriptorName>
          <QualifierName UI="Q000494" MajorTopicYN="Y">pharmacology</QualifierName>
        </MeshHeading>
        <MeshHeading>
          <DescriptorName UI="D011433" MajorTopicYN="N">Propranolol</DescriptorName>
          <QualifierName UI="Q000494" MajorTopicYN="Y">pharmacology</QualifierName>
        </MeshHeading>
        <MeshHeading>
          <DescriptorName UI="D051381" MajorTopicYN="N">Rats</DescriptorName>
        </MeshHeading>
        <MeshHeading>
          <DescriptorName UI="D013997" MajorTopicYN="N">Time Factors</DescriptorName>
        </MeshHeading>
        <MeshHeading>
          <DescriptorName UI="D014634" MajorTopicYN="N">Valinomycin</DescriptorName>
          <QualifierName UI="Q000494" MajorTopicYN="Y">pharmacology</QualifierName>
        </MeshHeading>
      </MeshHeadingList>
    </MedlineCitation>
    <PubmedData>
      <History>
        <PubMedPubDate PubStatus="pubmed">
          <Year>1975</Year>
          <Month>9</Month>
          <Day>15</Day>
        </PubMedPubDate>
        <PubMedPubDate PubStatus="medline">
          <Year>1975</Year>
          <Month>9</Month>
          <Day>15</Day>
          <Hour>0</Hour>
          <Minute>1</Minute>
        </PubMedPubDate>
        <PubMedPubDate PubStatus="entrez">
          <Year>1975</Year>
          <Month>9</Month>
          <Day>15</Day>
          <Hour>0</Hour>
          <Minute>0</Minute>
        </PubMedPubDate>
      </History>
      <PublicationStatus>ppublish</PublicationStatus>
      <ArticleIdList>
        <ArticleId IdType="pubmed">13</ArticleId>
        <ArticleId IdType="pii">0006-2952(75)90009-X</ArticleId>
        <ArticleId IdType="doi">10.1016/0006-2952(75)90009-x</ArticleId>
      </ArticleIdList>
    </PubmedData>
  </PubmedArticle>
  <PubmedArticle>
    <MedlineCitation Status="MEDLINE" Owner="NLM">
      <PMID Version="1">14</PMID>
      <DateCompleted>
        <Year>1976</Year>
        <Month>01</Month>
        <Day>23</Day>
      </DateCompleted>
      <DateRevised>
        <Year>2020</Year>
        <Month>02</Month>
        <Day>25</Day>
      </DateRevised>
      <Article PubModel="Print">
        <Journal>
          <ISSN IssnType="Print">0006-2952</ISSN>
          <JournalIssue CitedMedium="Print">
            <Volume>24</Volume>
            <Issue>18</Issue>
            <PubDate>
              <Year>1975</Year>
              <Month>Sep</Month>
              <Day>15</Day>
            </PubDate>
          </JournalIssue>
          <Title>Biochemical pharmacology</Title>
          <ISOAbbreviation>Biochem Pharmacol</ISOAbbreviation>
        </Journal>
        <ArticleTitle>Malathion A and B esterases of mouse liver-I.</ArticleTitle>
        <Pagination>
          <MedlinePgn>1713-7</MedlinePgn>
        </Pagination>
        <AuthorList CompleteYN="Y">
          <Author ValidYN="Y">
            <LastName>Bhagwat</LastName>
            <ForeName>V M</ForeName>
            <Initials>VM</Initials>
          </Author>
          <Author ValidYN="Y">
            <LastName>Ramachandran</LastName>
            <ForeName>B V</ForeName>
            <Initials>BV</Initials>
          </Author>
        </AuthorList>
        <Language>eng</Language>
        <GrantList CompleteYN="Y">
          <Grant>
            <GrantID>G0100165</GrantID>
            <Agency>Medical Research Council</Agency>
            <Country>United Kingdom</Country>
          </Grant>
        </GrantList>
        <PublicationTypeList>
          <PublicationType UI="D016428">Journal Article</PublicationType>
        </PublicationTypeList>
      </Article>
      <MedlineJournalInfo>
        <Country>England</Country>
        <MedlineTA>Biochem Pharmacol</MedlineTA>
        <NlmUniqueID>0101032</NlmUniqueID>
        <ISSNLinking>0006-2952</ISSNLinking>
      </MedlineJournalInfo>
      <ChemicalList>
        <Chemical>
          <RegistryNumber>0</RegistryNumber>
          <NameOfSubstance UI="D008670">Metals</NameOfSubstance>
        </Chemical>
        <Chemical>
          <RegistryNumber>0</RegistryNumber>
          <NameOfSubstance UI="D013438">Sulfhydryl Compounds</NameOfSubstance>
        </Chemical>
        <Chemical>
          <RegistryNumber>EC 3.1.-</RegistryNumber>
          <NameOfSubstance UI="D004950">Esterases</NameOfSubstance>
        </Chemical>
        <Chemical>
          <RegistryNumber>U5N7SU872W</RegistryNumber>
          <NameOfSubstance UI="D008294">Malathion</NameOfSubstance>
        </Chemical>
      </ChemicalList>
      <CitationSubset>IM</CitationSubset>
      <MeshHeadingList>
        <MeshHeading>
          <DescriptorName UI="D000818" MajorTopicYN="N">Animals</DescriptorName>
        </MeshHeading>
        <MeshHeading>
          <DescriptorName UI="D004355" MajorTopicYN="N">Drug Stability</DescriptorName>
        </MeshHeading>
        <MeshHeading>
          <DescriptorName UI="D004950" MajorTopicYN="N">Esterases</DescriptorName>
          <QualifierName UI="Q000032" MajorTopicYN="Y">analysis</QualifierName>
          <QualifierName UI="Q000037" MajorTopicYN="N">antagonists &amp; inhibitors</QualifierName>
          <QualifierName UI="Q000302" MajorTopicYN="N">isolation &amp; purification</QualifierName>
        </MeshHeading>
        <MeshHeading>
          <DescriptorName UI="D005260" MajorTopicYN="N">Female</DescriptorName>
        </MeshHeading>
        <MeshHeading>
          <DescriptorName UI="D006863" MajorTopicYN="N">Hydrogen-Ion Concentration</DescriptorName>
        </MeshHeading>
        <MeshHeading>
          <DescriptorName UI="D008099" MajorTopicYN="N">Liver</DescriptorName>
          <QualifierName UI="Q000201" MajorTopicYN="Y">enzymology</QualifierName>
          <QualifierName UI="Q000648" MajorTopicYN="N">ultrastructure</QualifierName>
        </MeshHeading>
        <MeshHeading>
          <DescriptorName UI="D008294" MajorTopicYN="N">Malathion</DescriptorName>
          <QualifierName UI="Q000378" MajorTopicYN="Y">metabolism</QualifierName>
        </MeshHeading>
        <MeshHeading>
          <DescriptorName UI="D008297" MajorTopicYN="N">Male</DescriptorName>
        </MeshHeading>
        <MeshHeading>
          <DescriptorName UI="D008670" MajorTopicYN="N">Metals</DescriptorName>
          <QualifierName UI="Q000494" MajorTopicYN="N">pharmacology</QualifierName>
        </MeshHeading>
        <MeshHeading>
          <DescriptorName UI="D051379" MajorTopicYN="N">Mice</DescriptorName>
        </MeshHeading>
        <MeshHeading>
          <DescriptorName UI="D012737" MajorTopicYN="N">Sex Factors</DescriptorName>
        </MeshHeading>
        <MeshHeading>
          <DescriptorName UI="D013438" MajorTopicYN="N">Sulfhydryl Compounds</DescriptorName>
          <QualifierName UI="Q000494" MajorTopicYN="N">pharmacology</QualifierName>
        </MeshHeading>
      </MeshHeadingList>
    </MedlineCitation>
    <PubmedData>
      <History>
        <PubMedPubDate PubStatus="pubmed">
          <Year>1975</Year>
          <Month>9</Month>
          <Day>15</Day>
        </PubMedPubDate>
        <PubMedPubDate PubStatus="medline">
          <Year>1975</Year>
          <Month>9</Month>
          <Day>15</Day>
          <Hour>0</Hour>
          <Minute>1</Minute>
        </PubMedPubDate>
        <PubMedPubDate PubStatus="entrez">
          <Year>1975</Year>
          <Month>9</Month>
          <Day>15</Day>
          <Hour>0</Hour>
          <Minute>0</Minute>
        </PubMedPubDate>
      </History>
      <PublicationStatus>ppublish</PublicationStatus>
      <ArticleIdList>
        <ArticleId IdType="pubmed">14</ArticleId>
        <ArticleId IdType="pii">0006-2952(75)90011-8</ArticleId>
        <ArticleId IdType="doi">10.1016/0006-2952(75)90011-8</ArticleId>
      </ArticleIdList>
      <ReferenceList>
        <Reference>
          <Citation>Nature. 2003 Jan 2;421(6918):37-42</Citation>
          <ArticleIdList>
            <ArticleId IdType="pubmed">12511946</ArticleId>
          </ArticleIdList>
        </Reference>
        <Reference>
          <Citation>Proc Biol Sci. 2003 Sep 22;270(1527):1887-92</Citation>
          <ArticleIdList>
            <ArticleId IdType="pubmed">14561301</ArticleId>
          </ArticleIdList>
        </Reference>
        <Reference>
          <Citation>Nature. 2004 Jan 8;427(6970):145-8</Citation>
          <ArticleIdList>
            <ArticleId IdType="pubmed">14712274</ArticleId>
          </ArticleIdList>
        </Reference>
        <Reference>
          <Citation>Nature. 2006 Jan 12;439(7073):161-7</Citation>
          <ArticleIdList>
            <ArticleId IdType="pubmed">16407945</ArticleId>
          </ArticleIdList>
        </Reference>
      </ReferenceList>
    </PubmedData>
  </PubmedArticle>
  <PubmedArticle>
    <MedlineCitation Status="MEDLINE" Owner="NLM">
      <PMID Version="1">15</PMID>
      <DateCompleted>
        <Year>1976</Year>
        <Month>01</Month>
        <Day>23</Day>
      </DateCompleted>
      <DateRevised>
        <Year>2021</Year>
        <Month>01</Month>
        <Day>09</Day>
      </DateRevised>
      <Article PubModel="Print">
        <Journal>
          <ISSN IssnType="Print">0006-2952</ISSN>
          <JournalIssue CitedMedium="Print">
            <Volume>24</Volume>
            <Issue>18</Issue>
            <PubDate>
              <Year>1975</Year>
              <Month>Sep</Month>
              <Day>15</Day>
            </PubDate>
          </JournalIssue>
          <Title>Biochemical pharmacology</Title>
          <ISOAbbreviation>Biochem Pharmacol</ISOAbbreviation>
        </Journal>
        <ArticleTitle>Increase in acetyl CoA synthetase activity after phenobarbital treatment.</ArticleTitle>
        <Pagination>
          <MedlinePgn>1725-7</MedlinePgn>
        </Pagination>
        <AuthorList CompleteYN="Y">
          <Author ValidYN="Y">
            <LastName>Akamatsu</LastName>
            <ForeName>N</ForeName>
            <Initials>N</Initials>
          </Author>
          <Author ValidYN="Y">
            <LastName>Nakajima</LastName>
            <ForeName>H</ForeName>
            <Initials>H</Initials>
          </Author>
          <Author ValidYN="Y">
            <LastName>Ono</LastName>
            <ForeName>M</ForeName>
            <Initials>M</Initials>
          </Author>
          <Author ValidYN="Y">
            <LastName>Miura</LastName>
            <ForeName>Y</ForeName>
            <Initials>Y</Initials>
          </Author>
        </AuthorList>
        <Language>eng</Language>
        <PublicationTypeList>
          <PublicationType UI="D016428">Journal Article</PublicationType>
        </PublicationTypeList>
      </Article>
      <MedlineJournalInfo>
        <Country>England</Country>
        <MedlineTA>Biochem Pharmacol</MedlineTA>
        <NlmUniqueID>0101032</NlmUniqueID>
        <ISSNLinking>0006-2952</ISSNLinking>
      </MedlineJournalInfo>
      <ChemicalList>
        <Chemical>
          <RegistryNumber>0</RegistryNumber>
          <NameOfSubstance UI="D011506">Proteins</NameOfSubstance>
        </Chemical>
        <Chemical>
          <RegistryNumber>98600C0908</RegistryNumber>
          <NameOfSubstance UI="D003513">Cycloheximide</NameOfSubstance>
        </Chemical>
        <Chemical>
          <RegistryNumber>EC 2.6.1.16</RegistryNumber>
          <NameOfSubstance UI="D005945">Glutamine-Fructose-6-Phosphate Transaminase (Isomerizing)</NameOfSubstance>
        </Chemical>
        <Chemical>
          <RegistryNumber>EC 2.7.-</RegistryNumber>
          <NameOfSubstance UI="D010770">Phosphotransferases</NameOfSubstance>
        </Chemical>
        <Chemical>
          <RegistryNumber>EC 3.1.1.6</RegistryNumber>
          <NameOfSubstance UI="D000115">Acetylesterase</NameOfSubstance>
        </Chemical>
        <Chemical>
          <RegistryNumber>EC 6.2.1.-</RegistryNumber>
          <NameOfSubstance UI="D003066">Coenzyme A Ligases</NameOfSubstance>
        </Chemical>
        <Chemical>
          <RegistryNumber>EC 6.2.1.1</RegistryNumber>
          <NameOfSubstance UI="D000106">Acetate-CoA Ligase</NameOfSubstance>
        </Chemical>
        <Chemical>
          <RegistryNumber>N08U5BOQ1K</RegistryNumber>
          <NameOfSubstance UI="D005944">Glucosamine</NameOfSubstance>
        </Chemical>
        <Chemical>
          <RegistryNumber>V956696549</RegistryNumber>
          <NameOfSubstance UI="D000117">Acetylglucosamine</NameOfSubstance>
        </Chemical>
        <Chemical>
          <RegistryNumber>YQE403BP4D</RegistryNumber>
          <NameOfSubstance UI="D010634">Phenobarbital</NameOfSubstance>
        </Chemical>
      </ChemicalList>
      <CitationSubset>IM</CitationSubset>
      <MeshHeadingList>
        <MeshHeading>
          <DescriptorName UI="D000106" MajorTopicYN="N">Acetate-CoA Ligase</DescriptorName>
          <QualifierName UI="Q000378" MajorTopicYN="Y">metabolism</QualifierName>
        </MeshHeading>
        <MeshHeading>
          <DescriptorName UI="D000115" MajorTopicYN="N">Acetylesterase</DescriptorName>
          <QualifierName UI="Q000378" MajorTopicYN="N">metabolism</QualifierName>
        </MeshHeading>
        <MeshHeading>
          <DescriptorName UI="D000117" MajorTopicYN="N">Acetylglucosamine</DescriptorName>
        </MeshHeading>
        <MeshHeading>
          <DescriptorName UI="D000818" MajorTopicYN="N">Animals</DescriptorName>
        </MeshHeading>
        <MeshHeading>
          <DescriptorName UI="D003066" MajorTopicYN="N">Coenzyme A Ligases</DescriptorName>
          <QualifierName UI="Q000378" MajorTopicYN="Y">metabolism</QualifierName>
        </MeshHeading>
        <MeshHeading>
          <DescriptorName UI="D003513" MajorTopicYN="N">Cycloheximide</DescriptorName>
          <QualifierName UI="Q000494" MajorTopicYN="N">pharmacology</QualifierName>
        </MeshHeading>
        <MeshHeading>
          <DescriptorName UI="D005944" MajorTopicYN="N">Glucosamine</DescriptorName>
        </MeshHeading>
        <MeshHeading>
          <DescriptorName UI="D005945" MajorTopicYN="N">Glutamine-Fructose-6-Phosphate Transaminase (Isomerizing)</DescriptorName>
          <QualifierName UI="Q000378" MajorTopicYN="N">metabolism</QualifierName>
        </MeshHeading>
        <MeshHeading>
          <DescriptorName UI="D008099" MajorTopicYN="N">Liver</DescriptorName>
          <QualifierName UI="Q000187" MajorTopicYN="N">drug effects</QualifierName>
          <QualifierName UI="Q000201" MajorTopicYN="Y">enzymology</QualifierName>
        </MeshHeading>
        <MeshHeading>
          <DescriptorName UI="D008297" MajorTopicYN="N">Male</DescriptorName>
        </MeshHeading>
        <MeshHeading>
          <DescriptorName UI="D010634" MajorTopicYN="N">Phenobarbital</DescriptorName>
          <QualifierName UI="Q000494" MajorTopicYN="Y">pharmacology</QualifierName>
        </MeshHeading>
        <MeshHeading>
          <DescriptorName UI="D010770" MajorTopicYN="N">Phosphotransferases</DescriptorName>
          <QualifierName UI="Q000378" MajorTopicYN="N">metabolism</QualifierName>
        </MeshHeading>
        <MeshHeading>
          <DescriptorName UI="D011506" MajorTopicYN="N">Proteins</DescriptorName>
          <QualifierName UI="Q000378" MajorTopicYN="N">metabolism</QualifierName>
        </MeshHeading>
        <MeshHeading>
          <DescriptorName UI="D051381" MajorTopicYN="N">Rats</DescriptorName>
        </MeshHeading>
        <MeshHeading>
          <DescriptorName UI="D013268" MajorTopicYN="N">Stimulation, Chemical</DescriptorName>
        </MeshHeading>
      </MeshHeadingList>
    </MedlineCitation>
    <PubmedData>
      <History>
        <PubMedPubDate PubStatus="pubmed">
          <Year>1975</Year>
          <Month>9</Month>
          <Day>15</Day>
        </PubMedPubDate>
        <PubMedPubDate PubStatus="medline">
          <Year>1975</Year>
          <Month>9</Month>
          <Day>15</Day>
          <Hour>0</Hour>
          <Minute>1</Minute>
        </PubMedPubDate>
        <PubMedPubDate PubStatus="entrez">
          <Year>1975</Year>
          <Month>9</Month>
          <Day>15</Day>
          <Hour>0</Hour>
          <Minute>0</Minute>
        </PubMedPubDate>
      </History>
      <PublicationStatus>ppublish</PublicationStatus>
      <ArticleIdList>
        <ArticleId IdType="pubmed">15</ArticleId>
        <ArticleId IdType="pii">0006-2952(75)90013-1</ArticleId>
        <ArticleId IdType="doi">10.1016/0006-2952(75)90013-1</ArticleId>
      </ArticleIdList>
      <ReferenceList>
        <Reference>
          <Citation>Clin Med (Lond). 2005 Jul-Aug;5(4):344-8</Citation>
          <ArticleIdList>
            <ArticleId IdType="pubmed">16138488</ArticleId>
          </ArticleIdList>
        </Reference>
        <Reference>
          <Citation>Arch Dis Child. 2007 Jul;92(7):573-5</Citation>
          <ArticleIdList>
            <ArticleId IdType="pubmed">17588971</ArticleId>
          </ArticleIdList>
        </Reference>
        <Reference>
          <Citation>Arch Dis Child. 2007 Dec;92(12):1143</Citation>
          <ArticleIdList>
            <ArticleId IdType="pubmed">18032643</ArticleId>
          </ArticleIdList>
        </Reference>
        <Reference>
          <Citation>Pediatrics. 2010 Nov;126(5):851-5</Citation>
          <ArticleIdList>
            <ArticleId IdType="pubmed">20956413</ArticleId>
          </ArticleIdList>
        </Reference>
        <Reference>
          <Citation>J Health Serv Res Policy. 2011 Apr;16(2):75-80</Citation>
          <ArticleIdList>
            <ArticleId IdType="pubmed">21389060</ArticleId>
          </ArticleIdList>
        </Reference>
        <Reference>
          <Citation>BMJ. 2011 Apr 18;342:d2421</Citation>
          <ArticleIdList>
            <ArticleId IdType="pubmed">21502273</ArticleId>
          </ArticleIdList>
        </Reference>
        <Reference>
          <Citation>Clin Med (Lond). 2011 Oct;11(5):420-1</Citation>
          <ArticleIdList>
            <ArticleId IdType="pubmed">22034695</ArticleId>
          </ArticleIdList>
        </Reference>
        <Reference>
          <Citation>Bull Hist Med. 1998 Summer;72(2):246-78</Citation>
          <ArticleIdList>
            <ArticleId IdType="pubmed">9628051</ArticleId>
          </ArticleIdList>
        </Reference>
      </ReferenceList>
    </PubmedData>
  </PubmedArticle>
  <PubmedArticle>
    <MedlineCitation Status="MEDLINE" Owner="NLM">
      <PMID Version="1">16</PMID>
      <DateCompleted>
        <Year>1976</Year>
        <Month>01</Month>
        <Day>23</Day>
      </DateCompleted>
      <DateRevised>
        <Year>2020</Year>
        <Month>02</Month>
        <Day>25</Day>
      </DateRevised>
      <Article PubModel="Print">
        <Journal>
          <ISSN IssnType="Print">0006-2952</ISSN>
          <JournalIssue CitedMedium="Print">
            <Volume>24</Volume>
            <Issue>18</Issue>
            <PubDate>
              <Year>1975</Year>
              <Month>Sep</Month>
              <Day>15</Day>
            </PubDate>
          </JournalIssue>
          <Title>Biochemical pharmacology</Title>
          <ISOAbbreviation>Biochem Pharmacol</ISOAbbreviation>
        </Journal>
        <ArticleTitle>Inhibition of aldehyde reductase by acidic metabolites of the biogenic amines.</ArticleTitle>
        <Pagination>
          <MedlinePgn>1731-3</MedlinePgn>
        </Pagination>
        <AuthorList CompleteYN="Y">
          <Author ValidYN="Y">
            <LastName>Turner</LastName>
            <ForeName>A J</ForeName>
            <Initials>AJ</Initials>
          </Author>
          <Author ValidYN="Y">
            <LastName>Hick</LastName>
            <ForeName>P E</ForeName>
            <Initials>PE</Initials>
          </Author>
        </AuthorList>
        <Language>eng</Language>
        <PublicationTypeList>
          <PublicationType UI="D016428">Journal Article</PublicationType>
        </PublicationTypeList>
      </Article>
      <MedlineJournalInfo>
        <Country>England</Country>
        <MedlineTA>Biochem Pharmacol</MedlineTA>
        <NlmUniqueID>0101032</NlmUniqueID>
        <ISSNLinking>0006-2952</ISSNLinking>
      </MedlineJournalInfo>
      <ChemicalList>
        <Chemical>
          <RegistryNumber>0</RegistryNumber>
          <NameOfSubstance UI="D001679">Biogenic Amines</NameOfSubstance>
        </Chemical>
        <Chemical>
          <RegistryNumber>0</RegistryNumber>
          <NameOfSubstance UI="D011743">Pyrimidines</NameOfSubstance>
        </Chemical>
        <Chemical>
          <RegistryNumber>53-59-8</RegistryNumber>
          <NameOfSubstance UI="D009249">NADP</NameOfSubstance>
        </Chemical>
        <Chemical>
          <RegistryNumber>EC 1.2.-</RegistryNumber>
          <NameOfSubstance UI="D000445">Aldehyde Oxidoreductases</NameOfSubstance>
        </Chemical>
        <Chemical>
          <RegistryNumber>X77S6GMS36</RegistryNumber>
          <NameOfSubstance UI="D006719">Homovanillic Acid</NameOfSubstance>
        </Chemical>
      </ChemicalList>
      <CitationSubset>IM</CitationSubset>
      <MeshHeadingList>
        <MeshHeading>
          <DescriptorName UI="D000445" MajorTopicYN="N">Aldehyde Oxidoreductases</DescriptorName>
          <QualifierName UI="Q000037" MajorTopicYN="Y">antagonists &amp; inhibitors</QualifierName>
        </MeshHeading>
        <MeshHeading>
          <DescriptorName UI="D000818" MajorTopicYN="N">Animals</DescriptorName>
        </MeshHeading>
        <MeshHeading>
          <DescriptorName UI="D001679" MajorTopicYN="N">Biogenic Amines</DescriptorName>
          <QualifierName UI="Q000378" MajorTopicYN="Y">metabolism</QualifierName>
          <QualifierName UI="Q000494" MajorTopicYN="N">pharmacology</QualifierName>
        </MeshHeading>
        <MeshHeading>
          <DescriptorName UI="D001921" MajorTopicYN="N">Brain</DescriptorName>
          <QualifierName UI="Q000201" MajorTopicYN="N">enzymology</QualifierName>
        </MeshHeading>
        <MeshHeading>
          <DescriptorName UI="D006719" MajorTopicYN="N">Homovanillic Acid</DescriptorName>
          <QualifierName UI="Q000494" MajorTopicYN="N">pharmacology</QualifierName>
        </MeshHeading>
        <MeshHeading>
          <DescriptorName UI="D066298" MajorTopicYN="N">In Vitro Techniques</DescriptorName>
        </MeshHeading>
        <MeshHeading>
          <DescriptorName UI="D007700" MajorTopicYN="N">Kinetics</DescriptorName>
        </MeshHeading>
        <MeshHeading>
          <DescriptorName UI="D009249" MajorTopicYN="N">NADP</DescriptorName>
        </MeshHeading>
        <MeshHeading>
          <DescriptorName UI="D011743" MajorTopicYN="N">Pyrimidines</DescriptorName>
          <QualifierName UI="Q000494" MajorTopicYN="N">pharmacology</QualifierName>
        </MeshHeading>
        <MeshHeading>
          <DescriptorName UI="D012756" MajorTopicYN="N">Sheep</DescriptorName>
        </MeshHeading>
      </MeshHeadingList>
    </MedlineCitation>
    <PubmedData>
      <History>
        <PubMedPubDate PubStatus="pubmed">
          <Year>1975</Year>
          <Month>9</Month>
          <Day>15</Day>
        </PubMedPubDate>
        <PubMedPubDate PubStatus="medline">
          <Year>1975</Year>
          <Month>9</Month>
          <Day>15</Day>
          <Hour>0</Hour>
          <Minute>1</Minute>
        </PubMedPubDate>
        <PubMedPubDate PubStatus="entrez">
          <Year>1975</Year>
          <Month>9</Month>
          <Day>15</Day>
          <Hour>0</Hour>
          <Minute>0</Minute>
        </PubMedPubDate>
      </History>
      <PublicationStatus>ppublish</PublicationStatus>
      <ArticleIdList>
        <ArticleId IdType="pubmed">16</ArticleId>
        <ArticleId IdType="pii">0006-2952(75)90016-7</ArticleId>
        <ArticleId IdType="doi">10.1016/0006-2952(75)90016-7</ArticleId>
      </ArticleIdList>
      <ReferenceList>
        <Reference>
          <Citation>J Clin Endocrinol Metab. 2000 Feb;85(2):637-44</Citation>
          <ArticleIdList>
            <ArticleId IdType="pubmed">10690869</ArticleId>
          </ArticleIdList>
        </Reference>
        <Reference>
          <Citation>NIH Consens State Sci Statements. 2002 Feb 4-6;19(2):1-25</Citation>
          <ArticleIdList>
            <ArticleId IdType="pubmed">14768652</ArticleId>
          </ArticleIdList>
        </Reference>
        <Reference>
          <Citation>Endocr Rev. 2004 Apr;25(2):309-40</Citation>
          <ArticleIdList>
            <ArticleId IdType="pubmed">15082524</ArticleId>
          </ArticleIdList>
        </Reference>
        <Reference>
          <Citation>J Endocrinol Invest. 2006 Apr;29(4):298-302</Citation>
          <ArticleIdList>
            <ArticleId IdType="pubmed">16699294</ArticleId>
          </ArticleIdList>
        </Reference>
        <Reference>
          <Citation>N Engl J Med. 2007 Feb 8;356(6):601-10</Citation>
          <ArticleIdList>
            <ArticleId IdType="pubmed">17287480</ArticleId>
          </ArticleIdList>
        </Reference>
        <Reference>
          <Citation>Endocr Pract. 2008 Apr;14(3):279-84</Citation>
          <ArticleIdList>
            <ArticleId IdType="pubmed">18463033</ArticleId>
          </ArticleIdList>
        </Reference>
        <Reference>
          <Citation>Endocr Pract. 2009 Jul-Aug;15 Suppl 1:1-20</Citation>
          <ArticleIdList>
            <ArticleId IdType="pubmed">19632967</ArticleId>
          </ArticleIdList>
        </Reference>
        <Reference>
          <Citation>Endocrine. 2010 Feb;37(1):40-6</Citation>
          <ArticleIdList>
            <ArticleId IdType="pubmed">19882253</ArticleId>
          </ArticleIdList>
        </Reference>
        <Reference>
          <Citation>J Clin Endocrinol Metab. 2010 Sep;95(9):4106-13</Citation>
          <ArticleIdList>
            <ArticleId IdType="pubmed">20823463</ArticleId>
          </ArticleIdList>
        </Reference>
        <Reference>
          <Citation>Endocrine. 2011 Aug;40(1):80-3</Citation>
          <ArticleIdList>
            <ArticleId IdType="pubmed">21547511</ArticleId>
          </ArticleIdList>
        </Reference>
        <Reference>
          <Citation>Endocrine. 2011 Aug;40(1):134-6</Citation>
          <ArticleIdList>
            <ArticleId IdType="pubmed">21562920</ArticleId>
          </ArticleIdList>
        </Reference>
        <Reference>
          <Citation>Br J Surg. 2011 Oct;98(10):1383-91</Citation>
          <ArticleIdList>
            <ArticleId IdType="pubmed">21618498</ArticleId>
          </ArticleIdList>
        </Reference>
        <Reference>
          <Citation>Horm Metab Res. 2011 Dec;43(13):962-9</Citation>
          <ArticleIdList>
            <ArticleId IdType="pubmed">22048862</ArticleId>
          </ArticleIdList>
        </Reference>
        <Reference>
          <Citation>BMJ. 2012 May 28;344:e3502</Citation>
          <ArticleIdList>
            <ArticleId IdType="pubmed">22645185</ArticleId>
          </ArticleIdList>
        </Reference>
      </ReferenceList>
    </PubmedData>
  </PubmedArticle>
  <PubmedArticle>
    <MedlineCitation Status="MEDLINE" Owner="NLM">
      <PMID Version="1">17</PMID>
      <DateCompleted>
        <Year>1976</Year>
        <Month>01</Month>
        <Day>23</Day>
      </DateCompleted>
      <DateRevised>
        <Year>2021</Year>
        <Month>01</Month>
        <Day>07</Day>
      </DateRevised>
      <Article PubModel="Print">
        <Journal>
          <ISSN IssnType="Print">0006-2952</ISSN>
          <JournalIssue CitedMedium="Print">
            <Volume>24</Volume>
            <Issue>18</Issue>
            <PubDate>
              <Year>1975</Year>
              <Month>Sep</Month>
              <Day>15</Day>
            </PubDate>
          </JournalIssue>
          <Title>Biochemical pharmacology</Title>
          <ISOAbbreviation>Biochem Pharmacol</ISOAbbreviation>
        </Journal>
        <ArticleTitle>Effects of 5,6-dihydroxytryptamine on tyrosine-hydroxylase activity in central catecholaminergic neurons of the rat.</ArticleTitle>
        <Pagination>
          <MedlinePgn>1739-42</MedlinePgn>
        </Pagination>
        <AuthorList CompleteYN="Y">
          <Author ValidYN="Y">
            <LastName>Renaud</LastName>
            <ForeName>B</ForeName>
            <Initials>B</Initials>
          </Author>
          <Author ValidYN="Y">
            <LastName>Buda</LastName>
            <ForeName>M</ForeName>
            <Initials>M</Initials>
          </Author>
          <Author ValidYN="Y">
            <LastName>Lewis</LastName>
            <ForeName>B D</ForeName>
            <Initials>BD</Initials>
          </Author>
          <Author ValidYN="Y">
            <LastName>Pujol</LastName>
            <ForeName>J F</ForeName>
            <Initials>JF</Initials>
          </Author>
        </AuthorList>
        <Language>eng</Language>
        <GrantList CompleteYN="Y">
          <Grant>
            <GrantID>HERU1</GrantID>
            <Acronym>CSO_</Acronym>
            <Agency>Chief Scientist Office</Agency>
            <Country>United Kingdom</Country>
          </Grant>
        </GrantList>
        <PublicationTypeList>
          <PublicationType UI="D016428">Journal Article</PublicationType>
        </PublicationTypeList>
      </Article>
      <MedlineJournalInfo>
        <Country>England</Country>
        <MedlineTA>Biochem Pharmacol</MedlineTA>
        <NlmUniqueID>0101032</NlmUniqueID>
        <ISSNLinking>0006-2952</ISSNLinking>
      </MedlineJournalInfo>
      <ChemicalList>
        <Chemical>
          <RegistryNumber>0</RegistryNumber>
          <NameOfSubstance UI="D002395">Catecholamines</NameOfSubstance>
        </Chemical>
        <Chemical>
          <RegistryNumber>0</RegistryNumber>
          <NameOfSubstance UI="D014363">Tryptamines</NameOfSubstance>
        </Chemical>
        <Chemical>
          <RegistryNumber>EC 1.14.16.2</RegistryNumber>
          <NameOfSubstance UI="D014446">Tyrosine 3-Monooxygenase</NameOfSubstance>
        </Chemical>
        <Chemical>
          <RegistryNumber>W2QY253O8S</RegistryNumber>
          <NameOfSubstance UI="D015115">5,6-Dihydroxytryptamine</NameOfSubstance>
        </Chemical>
      </ChemicalList>
      <CitationSubset>IM</CitationSubset>
      <MeshHeadingList>
        <MeshHeading>
          <DescriptorName UI="D015115" MajorTopicYN="N">5,6-Dihydroxytryptamine</DescriptorName>
          <QualifierName UI="Q000008" MajorTopicYN="N">administration &amp; dosage</QualifierName>
          <QualifierName UI="Q000494" MajorTopicYN="Y">pharmacology</QualifierName>
        </MeshHeading>
        <MeshHeading>
          <DescriptorName UI="D000818" MajorTopicYN="N">Animals</DescriptorName>
        </MeshHeading>
        <MeshHeading>
          <DescriptorName UI="D001921" MajorTopicYN="N">Brain</DescriptorName>
          <QualifierName UI="Q000201" MajorTopicYN="N">enzymology</QualifierName>
        </MeshHeading>
        <MeshHeading>
          <DescriptorName UI="D002395" MajorTopicYN="N">Catecholamines</DescriptorName>
          <QualifierName UI="Q000502" MajorTopicYN="Y">physiology</QualifierName>
        </MeshHeading>
        <MeshHeading>
          <DescriptorName UI="D002540" MajorTopicYN="N">Cerebral Cortex</DescriptorName>
          <QualifierName UI="Q000201" MajorTopicYN="N">enzymology</QualifierName>
        </MeshHeading>
        <MeshHeading>
          <DescriptorName UI="D002946" MajorTopicYN="N">Cisterna Magna</DescriptorName>
        </MeshHeading>
        <MeshHeading>
          <DescriptorName UI="D003342" MajorTopicYN="N">Corpus Striatum</DescriptorName>
          <QualifierName UI="Q000201" MajorTopicYN="N">enzymology</QualifierName>
        </MeshHeading>
        <MeshHeading>
          <DescriptorName UI="D066298" MajorTopicYN="N">In Vitro Techniques</DescriptorName>
        </MeshHeading>
        <MeshHeading>
          <DescriptorName UI="D007267" MajorTopicYN="N">Injections</DescriptorName>
        </MeshHeading>
        <MeshHeading>
          <DescriptorName UI="D008297" MajorTopicYN="N">Male</DescriptorName>
        </MeshHeading>
        <MeshHeading>
          <DescriptorName UI="D009474" MajorTopicYN="N">Neurons</DescriptorName>
          <QualifierName UI="Q000201" MajorTopicYN="Y">enzymology</QualifierName>
        </MeshHeading>
        <MeshHeading>
          <DescriptorName UI="D051381" MajorTopicYN="N">Rats</DescriptorName>
        </MeshHeading>
        <MeshHeading>
          <DescriptorName UI="D011919" MajorTopicYN="N">Rats, Inbred Strains</DescriptorName>
        </MeshHeading>
        <MeshHeading>
          <DescriptorName UI="D013268" MajorTopicYN="N">Stimulation, Chemical</DescriptorName>
        </MeshHeading>
        <MeshHeading>
          <DescriptorName UI="D013378" MajorTopicYN="N">Substantia Nigra</DescriptorName>
          <QualifierName UI="Q000201" MajorTopicYN="N">enzymology</QualifierName>
        </MeshHeading>
        <MeshHeading>
          <DescriptorName UI="D013997" MajorTopicYN="N">Time Factors</DescriptorName>
        </MeshHeading>
        <MeshHeading>
          <DescriptorName UI="D014363" MajorTopicYN="N">Tryptamines</DescriptorName>
          <QualifierName UI="Q000494" MajorTopicYN="Y">pharmacology</QualifierName>
        </MeshHeading>
        <MeshHeading>
          <DescriptorName UI="D014446" MajorTopicYN="N">Tyrosine 3-Monooxygenase</DescriptorName>
          <QualifierName UI="Q000378" MajorTopicYN="Y">metabolism</QualifierName>
        </MeshHeading>
      </MeshHeadingList>
    </MedlineCitation>
    <PubmedData>
      <History>
        <PubMedPubDate PubStatus="pubmed">
          <Year>1975</Year>
          <Month>9</Month>
          <Day>15</Day>
        </PubMedPubDate>
        <PubMedPubDate PubStatus="medline">
          <Year>1975</Year>
          <Month>9</Month>
          <Day>15</Day>
          <Hour>0</Hour>
          <Minute>1</Minute>
        </PubMedPubDate>
        <PubMedPubDate PubStatus="entrez">
          <Year>1975</Year>
          <Month>9</Month>
          <Day>15</Day>
          <Hour>0</Hour>
          <Minute>0</Minute>
        </PubMedPubDate>
      </History>
      <PublicationStatus>ppublish</PublicationStatus>
      <ArticleIdList>
        <ArticleId IdType="pubmed">17</ArticleId>
        <ArticleId IdType="pii">0006-2952(75)90018-0</ArticleId>
        <ArticleId IdType="doi">10.1016/0006-2952(75)90018-0</ArticleId>
      </ArticleIdList>
      <ReferenceList>
        <Reference>
          <Citation>BMJ. 2010 Apr 20;340:c2016</Citation>
          <ArticleIdList>
            <ArticleId IdType="pubmed">20406861</ArticleId>
          </ArticleIdList>
        </Reference>
      </ReferenceList>
    </PubmedData>
  </PubmedArticle>
  <PubmedArticle>
    <MedlineCitation Status="MEDLINE" Owner="NLM">
      <PMID Version="1">18</PMID>
      <DateCompleted>
        <Year>1976</Year>
        <Month>01</Month>
        <Day>29</Day>
      </DateCompleted>
      <DateRevised>
        <Year>2019</Year>
        <Month>06</Month>
        <Day>23</Day>
      </DateRevised>
      <Article PubModel="Print">
        <Journal>
          <ISSN IssnType="Print">0006-2952</ISSN>
          <JournalIssue CitedMedium="Print">
            <Volume>24</Volume>
            <Issue>20</Issue>
            <PubDate>
              <Year>1975</Year>
              <Month>Oct</Month>
              <Day>15</Day>
            </PubDate>
          </JournalIssue>
          <Title>Biochemical pharmacology</Title>
          <ISOAbbreviation>Biochem Pharmacol</ISOAbbreviation>
        </Journal>
        <ArticleTitle>Inhibition of aldehyde reductase isoenzymes in human and rat brain.</ArticleTitle>
        <Pagination>
          <MedlinePgn>1865-9</MedlinePgn>
        </Pagination>
        <AuthorList CompleteYN="Y">
          <Author ValidYN="Y">
            <LastName>Ris</LastName>
            <ForeName>M M</ForeName>
            <Initials>MM</Initials>
          </Author>
          <Author ValidYN="Y">
            <LastName>Deitrich</LastName>
            <ForeName>R A</ForeName>
            <Initials>RA</Initials>
          </Author>
          <Author ValidYN="Y">
            <LastName>Von Wartburg</LastName>
            <ForeName>J P</ForeName>
            <Initials>JP</Initials>
          </Author>
        </AuthorList>
        <Language>eng</Language>
        <PublicationTypeList>
          <PublicationType UI="D016428">Journal Article</PublicationType>
          <PublicationType UI="D013486">Research Support, U.S. Gov't, Non-P.H.S.</PublicationType>
          <PublicationType UI="D013487">Research Support, U.S. Gov't, P.H.S.</PublicationType>
        </PublicationTypeList>
      </Article>
      <MedlineJournalInfo>
        <Country>England</Country>
        <MedlineTA>Biochem Pharmacol</MedlineTA>
        <NlmUniqueID>0101032</NlmUniqueID>
        <ISSNLinking>0006-2952</ISSNLinking>
      </MedlineJournalInfo>
      <ChemicalList>
        <Chemical>
          <RegistryNumber>0</RegistryNumber>
          <NameOfSubstance UI="D000927">Anticonvulsants</NameOfSubstance>
        </Chemical>
        <Chemical>
          <RegistryNumber>0</RegistryNumber>
          <NameOfSubstance UI="D001463">Barbiturates</NameOfSubstance>
        </Chemical>
        <Chemical>
          <RegistryNumber>0</RegistryNumber>
          <NameOfSubstance UI="D006827">Hydantoins</NameOfSubstance>
        </Chemical>
        <Chemical>
          <RegistryNumber>0</RegistryNumber>
          <NameOfSubstance UI="D007527">Isoenzymes</NameOfSubstance>
        </Chemical>
        <Chemical>
          <RegistryNumber>0</RegistryNumber>
          <NameOfSubstance UI="D013388">Succinimides</NameOfSubstance>
        </Chemical>
        <Chemical>
          <RegistryNumber>0U46U6E8UK</RegistryNumber>
          <NameOfSubstance UI="D009243">NAD</NameOfSubstance>
        </Chemical>
        <Chemical>
          <RegistryNumber>53-59-8</RegistryNumber>
          <NameOfSubstance UI="D009249">NADP</NameOfSubstance>
        </Chemical>
        <Chemical>
          <RegistryNumber>C8I4BVN78E</RegistryNumber>
          <NameOfSubstance UI="D005984">Glutethimide</NameOfSubstance>
        </Chemical>
        <Chemical>
          <RegistryNumber>EC 1.2.-</RegistryNumber>
          <NameOfSubstance UI="D000445">Aldehyde Oxidoreductases</NameOfSubstance>
        </Chemical>
      </ChemicalList>
      <CitationSubset>IM</CitationSubset>
      <MeshHeadingList>
        <MeshHeading>
          <DescriptorName UI="D000445" MajorTopicYN="N">Aldehyde Oxidoreductases</DescriptorName>
          <QualifierName UI="Q000037" MajorTopicYN="Y">antagonists &amp; inhibitors</QualifierName>
        </MeshHeading>
        <MeshHeading>
          <DescriptorName UI="D000818" MajorTopicYN="N">Animals</DescriptorName>
        </MeshHeading>
        <MeshHeading>
          <DescriptorName UI="D000927" MajorTopicYN="N">Anticonvulsants</DescriptorName>
          <QualifierName UI="Q000494" MajorTopicYN="N">pharmacology</QualifierName>
        </MeshHeading>
        <MeshHeading>
          <DescriptorName UI="D001463" MajorTopicYN="N">Barbiturates</DescriptorName>
          <QualifierName UI="Q000494" MajorTopicYN="N">pharmacology</QualifierName>
        </MeshHeading>
        <MeshHeading>
          <DescriptorName UI="D001921" MajorTopicYN="N">Brain</DescriptorName>
          <QualifierName UI="Q000201" MajorTopicYN="Y">enzymology</QualifierName>
        </MeshHeading>
        <MeshHeading>
          <DescriptorName UI="D005984" MajorTopicYN="N">Glutethimide</DescriptorName>
          <QualifierName UI="Q000494" MajorTopicYN="N">pharmacology</QualifierName>
        </MeshHeading>
        <MeshHeading>
          <DescriptorName UI="D006801" MajorTopicYN="N">Humans</DescriptorName>
        </MeshHeading>
        <MeshHeading>
          <DescriptorName UI="D006827" MajorTopicYN="N">Hydantoins</DescriptorName>
          <QualifierName UI="Q000494" MajorTopicYN="N">pharmacology</QualifierName>
        </MeshHeading>
        <MeshHeading>
          <DescriptorName UI="D066298" MajorTopicYN="N">In Vitro Techniques</DescriptorName>
        </MeshHeading>
        <MeshHeading>
          <DescriptorName UI="D007527" MajorTopicYN="N">Isoenzymes</DescriptorName>
          <QualifierName UI="Q000037" MajorTopicYN="Y">antagonists &amp; inhibitors</QualifierName>
        </MeshHeading>
        <MeshHeading>
          <DescriptorName UI="D007700" MajorTopicYN="N">Kinetics</DescriptorName>
        </MeshHeading>
        <MeshHeading>
          <DescriptorName UI="D009243" MajorTopicYN="N">NAD</DescriptorName>
          <QualifierName UI="Q000378" MajorTopicYN="N">metabolism</QualifierName>
        </MeshHeading>
        <MeshHeading>
          <DescriptorName UI="D009249" MajorTopicYN="N">NADP</DescriptorName>
          <QualifierName UI="Q000494" MajorTopicYN="N">pharmacology</QualifierName>
        </MeshHeading>
        <MeshHeading>
          <DescriptorName UI="D051381" MajorTopicYN="N">Rats</DescriptorName>
        </MeshHeading>
        <MeshHeading>
          <DescriptorName UI="D013388" MajorTopicYN="N">Succinimides</DescriptorName>
          <QualifierName UI="Q000494" MajorTopicYN="N">pharmacology</QualifierName>
        </MeshHeading>
      </MeshHeadingList>
    </MedlineCitation>
    <PubmedData>
      <History>
        <PubMedPubDate PubStatus="pubmed">
          <Year>1975</Year>
          <Month>10</Month>
          <Day>15</Day>
        </PubMedPubDate>
        <PubMedPubDate PubStatus="medline">
          <Year>1975</Year>
          <Month>10</Month>
          <Day>15</Day>
          <Hour>0</Hour>
          <Minute>1</Minute>
        </PubMedPubDate>
        <PubMedPubDate PubStatus="entrez">
          <Year>1975</Year>
          <Month>10</Month>
          <Day>15</Day>
          <Hour>0</Hour>
          <Minute>0</Minute>
        </PubMedPubDate>
      </History>
      <PublicationStatus>ppublish</PublicationStatus>
      <ArticleIdList>
        <ArticleId IdType="pubmed">18</ArticleId>
        <ArticleId IdType="pii">0006-2952(75)90405-0</ArticleId>
        <ArticleId IdType="doi">10.1016/0006-2952(75)90405-0</ArticleId>
      </ArticleIdList>
    </PubmedData>
  </PubmedArticle>
  <PubmedArticle>
    <MedlineCitation Status="MEDLINE" Owner="NLM">
      <PMID Version="1">19</PMID>
      <DateCompleted>
        <Year>1976</Year>
        <Month>01</Month>
        <Day>29</Day>
      </DateCompleted>
      <DateRevised>
        <Year>2020</Year>
        <Month>02</Month>
        <Day>25</Day>
      </DateRevised>
      <Article PubModel="Print">
        <Journal>
          <ISSN IssnType="Print">0006-2952</ISSN>
          <JournalIssue CitedMedium="Print">
            <Volume>24</Volume>
            <Issue>20</Issue>
            <PubDate>
              <Year>1975</Year>
              <Month>Oct</Month>
              <Day>15</Day>
            </PubDate>
          </JournalIssue>
          <Title>Biochemical pharmacology</Title>
          <ISOAbbreviation>Biochem Pharmacol</ISOAbbreviation>
        </Journal>
        <ArticleTitle>Antidepressant drugs affect dopamine uptake.</ArticleTitle>
        <Pagination>
          <MedlinePgn>1896-7</MedlinePgn>
        </Pagination>
        <AuthorList CompleteYN="Y">
          <Author ValidYN="Y">
            <LastName>Halaris</LastName>
            <ForeName>A E</ForeName>
            <Initials>AE</Initials>
          </Author>
          <Author ValidYN="Y">
            <LastName>Belendiuk</LastName>
            <ForeName>K T</ForeName>
            <Initials>KT</Initials>
          </Author>
          <Author ValidYN="Y">
            <LastName>Freedman</LastName>
            <ForeName>D X</ForeName>
            <Initials>DX</Initials>
          </Author>
        </AuthorList>
        <Language>eng</Language>
        <PublicationTypeList>
          <PublicationType UI="D016428">Journal Article</PublicationType>
          <PublicationType UI="D013486">Research Support, U.S. Gov't, Non-P.H.S.</PublicationType>
        </PublicationTypeList>
      </Article>
      <MedlineJournalInfo>
        <Country>England</Country>
        <MedlineTA>Biochem Pharmacol</MedlineTA>
        <NlmUniqueID>0101032</NlmUniqueID>
        <ISSNLinking>0006-2952</ISSNLinking>
      </MedlineJournalInfo>
      <ChemicalList>
        <Chemical>
          <RegistryNumber>0</RegistryNumber>
          <NameOfSubstance UI="D000928">Antidepressive Agents</NameOfSubstance>
        </Chemical>
        <Chemical>
          <RegistryNumber>0</RegistryNumber>
          <NameOfSubstance UI="D000697">Central Nervous System Stimulants</NameOfSubstance>
        </Chemical>
        <Chemical>
          <RegistryNumber>VTD58H1Z2X</RegistryNumber>
          <NameOfSubstance UI="D004298">Dopamine</NameOfSubstance>
        </Chemical>
      </ChemicalList>
      <CitationSubset>IM</CitationSubset>
      <MeshHeadingList>
        <MeshHeading>
          <DescriptorName UI="D000818" MajorTopicYN="N">Animals</DescriptorName>
        </MeshHeading>
        <MeshHeading>
          <DescriptorName UI="D000928" MajorTopicYN="N">Antidepressive Agents</DescriptorName>
          <QualifierName UI="Q000494" MajorTopicYN="Y">pharmacology</QualifierName>
        </MeshHeading>
        <MeshHeading>
          <DescriptorName UI="D001921" MajorTopicYN="N">Brain</DescriptorName>
          <QualifierName UI="Q000187" MajorTopicYN="N">drug effects</QualifierName>
          <QualifierName UI="Q000378" MajorTopicYN="N">metabolism</QualifierName>
        </MeshHeading>
        <MeshHeading>
          <DescriptorName UI="D000697" MajorTopicYN="N">Central Nervous System Stimulants</DescriptorName>
          <QualifierName UI="Q000494" MajorTopicYN="N">pharmacology</QualifierName>
        </MeshHeading>
        <MeshHeading>
          <DescriptorName UI="D003864" MajorTopicYN="N">Depression, Chemical</DescriptorName>
        </MeshHeading>
        <MeshHeading>
          <DescriptorName UI="D004298" MajorTopicYN="N">Dopamine</DescriptorName>
          <QualifierName UI="Q000378" MajorTopicYN="Y">metabolism</QualifierName>
        </MeshHeading>
        <MeshHeading>
          <DescriptorName UI="D066298" MajorTopicYN="N">In Vitro Techniques</DescriptorName>
        </MeshHeading>
        <MeshHeading>
          <DescriptorName UI="D008297" MajorTopicYN="N">Male</DescriptorName>
        </MeshHeading>
        <MeshHeading>
          <DescriptorName UI="D051381" MajorTopicYN="N">Rats</DescriptorName>
        </MeshHeading>
      </MeshHeadingList>
    </MedlineCitation>
    <PubmedData>
      <History>
        <PubMedPubDate PubStatus="pubmed">
          <Year>1975</Year>
          <Month>10</Month>
          <Day>15</Day>
        </PubMedPubDate>
        <PubMedPubDate PubStatus="medline">
          <Year>1975</Year>
          <Month>10</Month>
          <Day>15</Day>
          <Hour>0</Hour>
          <Minute>1</Minute>
        </PubMedPubDate>
        <PubMedPubDate PubStatus="entrez">
          <Year>1975</Year>
          <Month>10</Month>
          <Day>15</Day>
          <Hour>0</Hour>
          <Minute>0</Minute>
        </PubMedPubDate>
      </History>
      <PublicationStatus>ppublish</PublicationStatus>
      <ArticleIdList>
        <ArticleId IdType="pubmed">19</ArticleId>
        <ArticleId IdType="pii">0006-2952(75)90412-8</ArticleId>
        <ArticleId IdType="doi">10.1016/0006-2952(75)90412-8</ArticleId>
      </ArticleIdList>
      <ReferenceList>
        <Reference>
          <Citation>JAMA. 2001 Jun 13;285(22):2871-9</Citation>
          <ArticleIdList>
            <ArticleId IdType="pubmed">11401608</ArticleId>
          </ArticleIdList>
        </Reference>
        <Reference>
          <Citation>Med Care. 2001 Aug;39(8 Suppl 2):II2-45</Citation>
          <ArticleIdList>
            <ArticleId IdType="pubmed">11583120</ArticleId>
          </ArticleIdList>
        </Reference>
        <Reference>
          <Citation>Health Serv Manage Res. 2002 May;15(2):126-37</Citation>
          <ArticleIdList>
            <ArticleId IdType="pubmed">12028801</ArticleId>
          </ArticleIdList>
        </Reference>
        <Reference>
          <Citation>Qual Saf Health Care. 2003 Dec;12(6):458-64</Citation>
          <ArticleIdList>
            <ArticleId IdType="pubmed">14645763</ArticleId>
          </ArticleIdList>
        </Reference>
        <Reference>
          <Citation>J Am Soc Nephrol. 2004 Mar;15(3):754-60</Citation>
          <ArticleIdList>
            <ArticleId IdType="pubmed">14978178</ArticleId>
          </ArticleIdList>
        </Reference>
        <Reference>
          <Citation>Lancet. 2004 Apr 3;363(9415):1147-54</Citation>
          <ArticleIdList>
            <ArticleId IdType="pubmed">15064036</ArticleId>
          </ArticleIdList>
        </Reference>
        <Reference>
          <Citation>BMJ. 2005 Apr 2;330(7494):781-3</Citation>
          <ArticleIdList>
            <ArticleId IdType="pubmed">15802723</ArticleId>
          </ArticleIdList>
        </Reference>
        <Reference>
          <Citation>J Am Coll Cardiol. 2005 Oct 4;46(7):1236-41</Citation>
          <ArticleIdList>
            <ArticleId IdType="pubmed">16198837</ArticleId>
          </ArticleIdList>
        </Reference>
        <Reference>
          <Citation>Milbank Q. 2005;83(4):691-729</Citation>
          <ArticleIdList>
            <ArticleId IdType="pubmed">16279964</ArticleId>
          </ArticleIdList>
        </Reference>
        <Reference>
          <Citation>JAMA. 2006 Jan 18;295(3):324-7</Citation>
          <ArticleIdList>
            <ArticleId IdType="pubmed">16418469</ArticleId>
          </ArticleIdList>
        </Reference>
        <Reference>
          <Citation>N Engl J Med. 2006 Nov 30;355(22):2308-20</Citation>
          <ArticleIdList>
            <ArticleId IdType="pubmed">17101617</ArticleId>
          </ArticleIdList>
        </Reference>
        <Reference>
          <Citation>J Eval Clin Pract. 2007 Apr;13(2):161-8</Citation>
          <ArticleIdList>
            <ArticleId IdType="pubmed">17378860</ArticleId>
          </ArticleIdList>
        </Reference>
        <Reference>
          <Citation>N Engl J Med. 2007 Aug 9;357(6):608-13</Citation>
          <ArticleIdList>
            <ArticleId IdType="pubmed">17687138</ArticleId>
          </ArticleIdList>
        </Reference>
        <Reference>
          <Citation>Qual Saf Health Care. 2007 Oct;16(5):387-99</Citation>
          <ArticleIdList>
            <ArticleId IdType="pubmed">17913782</ArticleId>
          </ArticleIdList>
        </Reference>
        <Reference>
          <Citation>BMJ. 2008 Jun 28;336(7659):1491-4</Citation>
          <ArticleIdList>
            <ArticleId IdType="pubmed">18577559</ArticleId>
          </ArticleIdList>
        </Reference>
        <Reference>
          <Citation>BMJ. 2008 Aug 13;337:a957</Citation>
          <ArticleIdList>
            <ArticleId IdType="pubmed">18703659</ArticleId>
          </ArticleIdList>
        </Reference>
        <Reference>
          <Citation>JAMA. 2008 Dec 24;300(24):2913-5</Citation>
          <ArticleIdList>
            <ArticleId IdType="pubmed">19109120</ArticleId>
          </ArticleIdList>
        </Reference>
        <Reference>
          <Citation>Clin Med (Lond). 2009 Apr;9(2):140-4</Citation>
          <ArticleIdList>
            <ArticleId IdType="pubmed">19435119</ArticleId>
          </ArticleIdList>
        </Reference>
        <Reference>
          <Citation>BMJ. 2009 Nov 19;339:b4809</Citation>
          <ArticleIdList>
            <ArticleId IdType="pubmed">19926689</ArticleId>
          </ArticleIdList>
        </Reference>
        <Reference>
          <Citation>BMJ. 2009 Nov 19;339:b4811</Citation>
          <ArticleIdList>
            <ArticleId IdType="pubmed">19926690</ArticleId>
          </ArticleIdList>
        </Reference>
        <Reference>
          <Citation>BMJ. 2010 Mar 31;340:c1234</Citation>
          <ArticleIdList>
            <ArticleId IdType="pubmed">20360220</ArticleId>
          </ArticleIdList>
        </Reference>
        <Reference>
          <Citation>BMJ. 2010 Apr 20;340:c2016</Citation>
          <ArticleIdList>
            <ArticleId IdType="pubmed">20406861</ArticleId>
          </ArticleIdList>
        </Reference>
        <Reference>
          <Citation>BMJ. 2010 Apr 23;340:c2153</Citation>
          <ArticleIdList>
            <ArticleId IdType="pubmed">20418546</ArticleId>
          </ArticleIdList>
        </Reference>
        <Reference>
          <Citation>N Engl J Med. 2010 Jul 1;363(1):45-53</Citation>
          <ArticleIdList>
            <ArticleId IdType="pubmed">20463332</ArticleId>
          </ArticleIdList>
        </Reference>
        <Reference>
          <Citation>BMJ. 2010 Aug 13;341:c4078</Citation>
          <ArticleIdList>
            <ArticleId IdType="pubmed">20709715</ArticleId>
          </ArticleIdList>
        </Reference>
        <Reference>
          <Citation>N Engl J Med. 2010 Dec 23;363(26):2477-81</Citation>
          <ArticleIdList>
            <ArticleId IdType="pubmed">21142528</ArticleId>
          </ArticleIdList>
        </Reference>
        <Reference>
          <Citation>J Am Soc Nephrol. 2011 Feb;22(2):225-34</Citation>
          <ArticleIdList>
            <ArticleId IdType="pubmed">21289212</ArticleId>
          </ArticleIdList>
        </Reference>
        <Reference>
          <Citation>BMJ. 2011 Feb 03;342:d199</Citation>
          <ArticleIdList>
            <ArticleId IdType="pubmed">21292720</ArticleId>
          </ArticleIdList>
        </Reference>
        <Reference>
          <Citation>Clin Med (Lond). 2010 Dec;10(6):537-9</Citation>
          <ArticleIdList>
            <ArticleId IdType="pubmed">21413472</ArticleId>
          </ArticleIdList>
        </Reference>
        <Reference>
          <Citation>Nephron Clin Pract. 2011;119(1):c10-7; discussion c17</Citation>
          <ArticleIdList>
            <ArticleId IdType="pubmed">21659780</ArticleId>
          </ArticleIdList>
        </Reference>
        <Reference>
          <Citation>Kidney Int. 2011 Nov;80(10):1021-34</Citation>
          <ArticleIdList>
            <ArticleId IdType="pubmed">21775971</ArticleId>
          </ArticleIdList>
        </Reference>
        <Reference>
          <Citation>Implement Sci. 2011 Oct 24;6:119</Citation>
          <ArticleIdList>
            <ArticleId IdType="pubmed">22024188</ArticleId>
          </ArticleIdList>
        </Reference>
        <Reference>
          <Citation>BMJ. 2012 Mar 01;344:e1001</Citation>
          <ArticleIdList>
            <ArticleId IdType="pubmed">22381521</ArticleId>
          </ArticleIdList>
        </Reference>
        <Reference>
          <Citation>Methods Inf Med. 2012;51(3):189-98</Citation>
          <ArticleIdList>
            <ArticleId IdType="pubmed">22476327</ArticleId>
          </ArticleIdList>
        </Reference>
        <Reference>
          <Citation>Ann Intern Med. 1998 Feb 15;128(4):289-92</Citation>
          <ArticleIdList>
            <ArticleId IdType="pubmed">9471932</ArticleId>
          </ArticleIdList>
        </Reference>
        <Reference>
          <Citation>Int J Qual Health Care. 1998 Oct;10(5):443-7</Citation>
          <ArticleIdList>
            <ArticleId IdType="pubmed">9828034</ArticleId>
          </ArticleIdList>
        </Reference>
      </ReferenceList>
    </PubmedData>
  </PubmedArticle>
  <PubmedArticle>
    <MedlineCitation Status="MEDLINE" Owner="NLM">
      <PMID Version="1">20</PMID>
      <DateCompleted>
        <Year>1976</Year>
        <Month>01</Month>
        <Day>29</Day>
      </DateCompleted>
      <DateRevised>
        <Year>2020</Year>
        <Month>02</Month>
        <Day>25</Day>
      </DateRevised>
      <Article PubModel="Print">
        <Journal>
          <ISSN IssnType="Print">0006-2952</ISSN>
          <JournalIssue CitedMedium="Print">
            <Volume>24</Volume>
            <Issue>20</Issue>
            <PubDate>
              <Year>1975</Year>
              <Month>Oct</Month>
              <Day>15</Day>
            </PubDate>
          </JournalIssue>
          <Title>Biochemical pharmacology</Title>
          <ISOAbbreviation>Biochem Pharmacol</ISOAbbreviation>
        </Journal>
        <ArticleTitle>Aggregation of blood platelets by adrenaline and its uptake.</ArticleTitle>
        <Pagination>
          <MedlinePgn>1903-4</MedlinePgn>
        </Pagination>
        <AuthorList CompleteYN="Y">
          <Author ValidYN="Y">
            <LastName>Barthel</LastName>
            <ForeName>W</ForeName>
            <Initials>W</Initials>
          </Author>
          <Author ValidYN="Y">
            <LastName>Markwardt</LastName>
            <ForeName>F</ForeName>
            <Initials>F</Initials>
          </Author>
        </AuthorList>
        <Language>eng</Language>
        <PublicationTypeList>
          <PublicationType UI="D016428">Journal Article</PublicationType>
        </PublicationTypeList>
      </Article>
      <MedlineJournalInfo>
        <Country>England</Country>
        <MedlineTA>Biochem Pharmacol</MedlineTA>
        <NlmUniqueID>0101032</NlmUniqueID>
        <ISSNLinking>0006-2952</ISSNLinking>
      </MedlineJournalInfo>
      <ChemicalList>
        <Chemical>
          <RegistryNumber>436O5HM03C</RegistryNumber>
          <NameOfSubstance UI="D004087">Dihydroergotamine</NameOfSubstance>
        </Chemical>
        <Chemical>
          <RegistryNumber>8NA5SWF92O</RegistryNumber>
          <NameOfSubstance UI="D008238">Lysergic Acid Diethylamide</NameOfSubstance>
        </Chemical>
        <Chemical>
          <RegistryNumber>YKH834O4BH</RegistryNumber>
          <NameOfSubstance UI="D004837">Epinephrine</NameOfSubstance>
        </Chemical>
      </ChemicalList>
      <CitationSubset>IM</CitationSubset>
      <MeshHeadingList>
        <MeshHeading>
          <DescriptorName UI="D000818" MajorTopicYN="N">Animals</DescriptorName>
        </MeshHeading>
        <MeshHeading>
          <DescriptorName UI="D001792" MajorTopicYN="N">Blood Platelets</DescriptorName>
          <QualifierName UI="Q000378" MajorTopicYN="Y">metabolism</QualifierName>
        </MeshHeading>
        <MeshHeading>
          <DescriptorName UI="D004087" MajorTopicYN="N">Dihydroergotamine</DescriptorName>
          <QualifierName UI="Q000494" MajorTopicYN="N">pharmacology</QualifierName>
        </MeshHeading>
        <MeshHeading>
          <DescriptorName UI="D004347" MajorTopicYN="N">Drug Interactions</DescriptorName>
        </MeshHeading>
        <MeshHeading>
          <DescriptorName UI="D004837" MajorTopicYN="N">Epinephrine</DescriptorName>
          <QualifierName UI="Q000097" MajorTopicYN="N">blood</QualifierName>
          <QualifierName UI="Q000494" MajorTopicYN="Y">pharmacology</QualifierName>
        </MeshHeading>
        <MeshHeading>
          <DescriptorName UI="D066298" MajorTopicYN="N">In Vitro Techniques</DescriptorName>
        </MeshHeading>
        <MeshHeading>
          <DescriptorName UI="D008238" MajorTopicYN="N">Lysergic Acid Diethylamide</DescriptorName>
          <QualifierName UI="Q000494" MajorTopicYN="N">pharmacology</QualifierName>
        </MeshHeading>
        <MeshHeading>
          <DescriptorName UI="D010974" MajorTopicYN="N">Platelet Aggregation</DescriptorName>
          <QualifierName UI="Q000187" MajorTopicYN="Y">drug effects</QualifierName>
        </MeshHeading>
        <MeshHeading>
          <DescriptorName UI="D011817" MajorTopicYN="N">Rabbits</DescriptorName>
        </MeshHeading>
      </MeshHeadingList>
    </MedlineCitation>
    <PubmedData>
      <History>
        <PubMedPubDate PubStatus="pubmed">
          <Year>1975</Year>
          <Month>10</Month>
          <Day>15</Day>
        </PubMedPubDate>
        <PubMedPubDate PubStatus="medline">
          <Year>1975</Year>
          <Month>10</Month>
          <Day>15</Day>
          <Hour>0</Hour>
          <Minute>1</Minute>
        </PubMedPubDate>
        <PubMedPubDate PubStatus="entrez">
          <Year>1975</Year>
          <Month>10</Month>
          <Day>15</Day>
          <Hour>0</Hour>
          <Minute>0</Minute>
        </PubMedPubDate>
      </History>
      <PublicationStatus>ppublish</PublicationStatus>
      <ArticleIdList>
        <ArticleId IdType="pubmed">20</ArticleId>
        <ArticleId IdType="pii">0006-2952(75)90415-3</ArticleId>
        <ArticleId IdType="doi">10.1016/0006-2952(75)90415-3</ArticleId>
      </ArticleIdList>
      <ReferenceList>
        <Reference>
          <Citation>Int J Qual Health Care. 2008 Feb;20(1):22-30</Citation>
          <ArticleIdList>
            <ArticleId IdType="pubmed">18073269</ArticleId>
          </ArticleIdList>
        </Reference>
        <Reference>
          <Citation>Qual Health Res. 2008 Mar;18(3):380-90</Citation>
          <ArticleIdList>
            <ArticleId IdType="pubmed">18235161</ArticleId>
          </ArticleIdList>
        </Reference>
        <Reference>
          <Citation>N Engl J Med. 2009 Jan 29;360(5):491-9</Citation>
          <ArticleIdList>
            <ArticleId IdType="pubmed">19144931</ArticleId>
          </ArticleIdList>
        </Reference>
        <Reference>
          <Citation>Med Educ. 1998 May;32(3):239-43</Citation>
          <ArticleIdList>
            <ArticleId IdType="pubmed">9743776</ArticleId>
          </ArticleIdList>
        </Reference>
      </ReferenceList>
    </PubmedData>
  </PubmedArticle>
  <PubmedArticle>
    <MedlineCitation Status="MEDLINE" Owner="NLM">
      <PMID Version="1">21</PMID>
      <DateCompleted>
        <Year>1976</Year>
        <Month>01</Month>
        <Day>26</Day>
      </DateCompleted>
      <DateRevised>
        <Year>2017</Year>
        <Month>03</Month>
        <Day>22</Day>
      </DateRevised>
      <Article PubModel="Print">
        <Journal>
          <ISSN IssnType="Print">0004-4172</ISSN>
          <JournalIssue CitedMedium="Print">
            <Volume>25</Volume>
            <Issue>9</Issue>
            <PubDate>
              <Year>1975</Year>
              <Month>Sep</Month>
            </PubDate>
          </JournalIssue>
          <Title>Arzneimittel-Forschung</Title>
          <ISOAbbreviation>Arzneimittelforschung</ISOAbbreviation>
        </Journal>
        <ArticleTitle>[Biochemical studies on camomile components/III. In vitro studies about the antipeptic activity of (--)-alpha-bisabolol (author's transl)].</ArticleTitle>
        <Pagination>
          <MedlinePgn>1352-4</MedlinePgn>
        </Pagination>
        <Abstract>
          <AbstractText>(--)-alpha-Bisabolol has a primary antipeptic action depending on dosage, which is not caused by an alteration of the pH-value. The proteolytic activity of pepsin is reduced by 50 percent through addition of bisabolol in the ratio of 1/0.5. The antipeptic action of bisabolol only occurs in case of direct contact. In case of a previous contact with the substrate, the inhibiting effect is lost.</AbstractText>
        </Abstract>
        <AuthorList CompleteYN="Y">
          <Author ValidYN="Y">
            <LastName>Isaac</LastName>
            <ForeName>O</ForeName>
            <Initials>O</Initials>
          </Author>
          <Author ValidYN="Y">
            <LastName>Thiemer</LastName>
            <ForeName>K</ForeName>
            <Initials>K</Initials>
          </Author>
        </AuthorList>
        <Language>ger</Language>
        <PublicationTypeList>
          <PublicationType UI="D004740">English Abstract</PublicationType>
          <PublicationType UI="D016428">Journal Article</PublicationType>
        </PublicationTypeList>
        <VernacularTitle>Biochemische Untersuchungen von Kamilleninhaltsstoffen. III. In-vitro-Versuche über die antipeptische Wirkung des (-)-alpha-Bisabolols</VernacularTitle>
      </Article>
      <MedlineJournalInfo>
        <Country>Germany</Country>
        <MedlineTA>Arzneimittelforschung</MedlineTA>
        <NlmUniqueID>0372660</NlmUniqueID>
        <ISSNLinking>0004-4172</ISSNLinking>
      </MedlineJournalInfo>
      <ChemicalList>
        <Chemical>
          <RegistryNumber>0</RegistryNumber>
          <NameOfSubstance UI="D006454">Hemoglobins</NameOfSubstance>
        </Chemical>
        <Chemical>
          <RegistryNumber>0</RegistryNumber>
          <NameOfSubstance UI="D012717">Sesquiterpenes</NameOfSubstance>
        </Chemical>
        <Chemical>
          <RegistryNumber>42HK56048U</RegistryNumber>
          <NameOfSubstance UI="D014443">Tyrosine</NameOfSubstance>
        </Chemical>
        <Chemical>
          <RegistryNumber>5V2JDO056X</RegistryNumber>
          <NameOfSubstance UI="D014238">Trichloroacetic Acid</NameOfSubstance>
        </Chemical>
        <Chemical>
          <RegistryNumber>EC 3.4.23.1</RegistryNumber>
          <NameOfSubstance UI="D010434">Pepsin A</NameOfSubstance>
        </Chemical>
      </ChemicalList>
      <CitationSubset>IM</CitationSubset>
      <MeshHeadingList>
        <MeshHeading>
          <DescriptorName UI="D004305" MajorTopicYN="N">Dose-Response Relationship, Drug</DescriptorName>
        </MeshHeading>
        <MeshHeading>
          <DescriptorName UI="D006454" MajorTopicYN="N">Hemoglobins</DescriptorName>
          <QualifierName UI="Q000378" MajorTopicYN="N">metabolism</QualifierName>
        </MeshHeading>
        <MeshHeading>
          <DescriptorName UI="D006863" MajorTopicYN="N">Hydrogen-Ion Concentration</DescriptorName>
        </MeshHeading>
        <MeshHeading>
          <DescriptorName UI="D066298" MajorTopicYN="N">In Vitro Techniques</DescriptorName>
        </MeshHeading>
        <MeshHeading>
          <DescriptorName UI="D008722" MajorTopicYN="N">Methods</DescriptorName>
        </MeshHeading>
        <MeshHeading>
          <DescriptorName UI="D010434" MajorTopicYN="N">Pepsin A</DescriptorName>
          <QualifierName UI="Q000037" MajorTopicYN="Y">antagonists &amp; inhibitors</QualifierName>
          <QualifierName UI="Q000378" MajorTopicYN="N">metabolism</QualifierName>
        </MeshHeading>
        <MeshHeading>
          <DescriptorName UI="D010946" MajorTopicYN="N">Plants, Medicinal</DescriptorName>
        </MeshHeading>
        <MeshHeading>
          <DescriptorName UI="D012717" MajorTopicYN="N">Sesquiterpenes</DescriptorName>
          <QualifierName UI="Q000494" MajorTopicYN="Y">pharmacology</QualifierName>
        </MeshHeading>
        <MeshHeading>
          <DescriptorName UI="D013056" MajorTopicYN="N">Spectrophotometry, Ultraviolet</DescriptorName>
        </MeshHeading>
        <MeshHeading>
          <DescriptorName UI="D014238" MajorTopicYN="N">Trichloroacetic Acid</DescriptorName>
        </MeshHeading>
        <MeshHeading>
          <DescriptorName UI="D014443" MajorTopicYN="N">Tyrosine</DescriptorName>
          <QualifierName UI="Q000378" MajorTopicYN="N">metabolism</QualifierName>
        </MeshHeading>
      </MeshHeadingList>
    </MedlineCitation>
    <PubmedData>
      <History>
        <PubMedPubDate PubStatus="pubmed">
          <Year>1975</Year>
          <Month>9</Month>
          <Day>1</Day>
        </PubMedPubDate>
        <PubMedPubDate PubStatus="medline">
          <Year>1975</Year>
          <Month>9</Month>
          <Day>1</Day>
          <Hour>0</Hour>
          <Minute>1</Minute>
        </PubMedPubDate>
        <PubMedPubDate PubStatus="entrez">
          <Year>1975</Year>
          <Month>9</Month>
          <Day>1</Day>
          <Hour>0</Hour>
          <Minute>0</Minute>
        </PubMedPubDate>
      </History>
      <PublicationStatus>ppublish</PublicationStatus>
      <ArticleIdList>
        <ArticleId IdType="pubmed">21</ArticleId>
      </ArticleIdList>
    </PubmedData>
  </PubmedArticle>
  <PubmedArticle>
    <MedlineCitation Status="MEDLINE" Owner="NLM">
      <PMID Version="1">22</PMID>
      <DateCompleted>
        <Year>1976</Year>
        <Month>01</Month>
        <Day>26</Day>
      </DateCompleted>
      <DateRevised>
        <Year>2021</Year>
        <Month>12</Month>
        <Day>03</Day>
      </DateRevised>
      <Article PubModel="Print">
        <Journal>
          <ISSN IssnType="Print">0004-4172</ISSN>
          <JournalIssue CitedMedium="Print">
            <Volume>25</Volume>
            <Issue>9</Issue>
            <PubDate>
              <Year>1975</Year>
              <Month>Sep</Month>
            </PubDate>
          </JournalIssue>
          <Title>Arzneimittel-Forschung</Title>
          <ISOAbbreviation>Arzneimittelforschung</ISOAbbreviation>
        </Journal>
        <ArticleTitle>[Demonstration of tumor inhibiting properties of a strongly immunostimulating low-molecular weight substance. Comparative studies with ifosfamide on the immuno-labile DS carcinosarcoma. Stimulation of the autoimmune activity for approx. 20 days by BA 1, a N-(2-cyanoethylene)-urea. Novel prophylactic possibilities].</ArticleTitle>
        <Pagination>
          <MedlinePgn>1369-79</MedlinePgn>
        </Pagination>
        <Abstract>
          <AbstractText>A report is given on the recent discovery of outstanding immunological properties in BA 1 [N-(2-cyanoethylene)-urea] having a (low) molecular mass M = 111.104. Experiments in 214 DS carcinosarcoma bearing Wistar rats have shown that BA 1, at a dosage of only about 12 percent LD50 (150 mg kg) and negligible lethality (1.7 percent), results in a recovery rate of 40 percent without hyperglycemia and, in one test, of 80 percent with hyperglycemia. Under otherwise unchanged conditions the reference substance ifosfamide (IF) -- a further development of cyclophosphamide -- applied without hyperglycemia in its most efficient dosage of 47 percent LD50 (150 mg kg) brought about a recovery rate of 25 percent at a lethality of 18 percent. (Contrary to BA 1, 250-min hyperglycemia caused no further improvement of the recovery rate.) However this comparison is characterized by the fact that both substances exhibit two quite different (complementary) mechanisms of action. Leucocyte counts made after application of the said cancerostatics and dosages have shown a pronounced stimulation with BA 1 and with ifosfamide, the known suppression in the post-therapeutic interval usually found with standard cancerostatics. In combination with the cited plaque test for BA 1, blood pictures then allow conclusions on the immunity status. Since IF can be taken as one of the most efficient cancerostatics--there is no other chemotherapeutic known up to now that has a more significant effect on the DS carcinosarcoma in rats -- these findings are of special importance. Finally, the total amount of leucocytes and lymphocytes as well as their time behaviour was determined from the blood picture of tumour-free rats after i.v. application of BA 1. The thus obtained numerical values clearly show that further research work on the prophylactic use of this substance seems to be necessary and very promising.</AbstractText>
        </Abstract>
        <AuthorList CompleteYN="Y">
          <Author ValidYN="Y">
            <LastName>Ardenne</LastName>
            <ForeName>M</ForeName>
            <Initials>M</Initials>
          </Author>
          <Author ValidYN="Y">
            <LastName>Reitnauer</LastName>
            <ForeName>P G</ForeName>
            <Initials>PG</Initials>
          </Author>
        </AuthorList>
        <Language>ger</Language>
        <PublicationTypeList>
          <PublicationType UI="D003160">Comparative Study</PublicationType>
          <PublicationType UI="D016428">Journal Article</PublicationType>
        </PublicationTypeList>
        <VernacularTitle>Nachweis krebshemmender Eigenschaften einer stark immunstimulierenden Verbindung kleiner Molekülmasse. Versuche am immunlabilen DS-Karzinosarkom im Vergleich mit Ifosfamid. Stimulierung der körpereigenen Abwehr über etwa 20 Tage durch BA 1, einen N-(2-Cyanthylen)-harnstoff. Neue prophylaktische Möglichkeiten</VernacularTitle>
      </Article>
      <MedlineJournalInfo>
        <Country>Germany</Country>
        <MedlineTA>Arzneimittelforschung</MedlineTA>
        <NlmUniqueID>0372660</NlmUniqueID>
        <ISSNLinking>0004-4172</ISSNLinking>
      </MedlineJournalInfo>
      <ChemicalList>
        <Chemical>
          <RegistryNumber>0</RegistryNumber>
          <NameOfSubstance UI="D000970">Antineoplastic Agents</NameOfSubstance>
        </Chemical>
        <Chemical>
          <RegistryNumber>8N3DW7272P</RegistryNumber>
          <NameOfSubstance UI="D003520">Cyclophosphamide</NameOfSubstance>
        </Chemical>
        <Chemical>
          <RegistryNumber>8W8T17847W</RegistryNumber>
          <NameOfSubstance UI="D014508">Urea</NameOfSubstance>
        </Chemical>
        <Chemical>
          <RegistryNumber>UM20QQM95Y</RegistryNumber>
          <NameOfSubstance UI="D007069">Ifosfamide</NameOfSubstance>
        </Chemical>
      </ChemicalList>
      <CitationSubset>IM</CitationSubset>
      <MeshHeadingList>
        <MeshHeading>
          <DescriptorName UI="D000818" MajorTopicYN="N">Animals</DescriptorName>
        </MeshHeading>
        <MeshHeading>
          <DescriptorName UI="D000970" MajorTopicYN="N">Antineoplastic Agents</DescriptorName>
          <QualifierName UI="Q000494" MajorTopicYN="N">pharmacology</QualifierName>
          <QualifierName UI="Q000627" MajorTopicYN="Y">therapeutic use</QualifierName>
        </MeshHeading>
        <MeshHeading>
          <DescriptorName UI="D002296" MajorTopicYN="N">Carcinosarcoma</DescriptorName>
          <QualifierName UI="Q000188" MajorTopicYN="Y">drug therapy</QualifierName>
        </MeshHeading>
        <MeshHeading>
          <DescriptorName UI="D003520" MajorTopicYN="N">Cyclophosphamide</DescriptorName>
          <QualifierName UI="Q000031" MajorTopicYN="Y">analogs &amp; derivatives</QualifierName>
        </MeshHeading>
        <MeshHeading>
          <DescriptorName UI="D004353" MajorTopicYN="N">Drug Evaluation, Preclinical</DescriptorName>
        </MeshHeading>
        <MeshHeading>
          <DescriptorName UI="D004361" MajorTopicYN="N">Drug Tolerance</DescriptorName>
        </MeshHeading>
        <MeshHeading>
          <DescriptorName UI="D004906" MajorTopicYN="N">Erythrocyte Count</DescriptorName>
        </MeshHeading>
        <MeshHeading>
          <DescriptorName UI="D006863" MajorTopicYN="N">Hydrogen-Ion Concentration</DescriptorName>
        </MeshHeading>
        <MeshHeading>
          <DescriptorName UI="D006943" MajorTopicYN="N">Hyperglycemia</DescriptorName>
        </MeshHeading>
        <MeshHeading>
          <DescriptorName UI="D007069" MajorTopicYN="Y">Ifosfamide</DescriptorName>
          <QualifierName UI="Q000494" MajorTopicYN="N">pharmacology</QualifierName>
          <QualifierName UI="Q000627" MajorTopicYN="N">therapeutic use</QualifierName>
        </MeshHeading>
        <MeshHeading>
          <DescriptorName UI="D007109" MajorTopicYN="N">Immunity</DescriptorName>
          <QualifierName UI="Q000187" MajorTopicYN="Y">drug effects</QualifierName>
        </MeshHeading>
        <MeshHeading>
          <DescriptorName UI="D007165" MajorTopicYN="N">Immunosuppression Therapy</DescriptorName>
        </MeshHeading>
        <MeshHeading>
          <DescriptorName UI="D007928" MajorTopicYN="N">Lethal Dose 50</DescriptorName>
        </MeshHeading>
        <MeshHeading>
          <DescriptorName UI="D007958" MajorTopicYN="N">Leukocyte Count</DescriptorName>
        </MeshHeading>
        <MeshHeading>
          <DescriptorName UI="D008297" MajorTopicYN="N">Male</DescriptorName>
        </MeshHeading>
        <MeshHeading>
          <DescriptorName UI="D051379" MajorTopicYN="N">Mice</DescriptorName>
        </MeshHeading>
        <MeshHeading>
          <DescriptorName UI="D009374" MajorTopicYN="N">Neoplasms, Experimental</DescriptorName>
          <QualifierName UI="Q000188" MajorTopicYN="N">drug therapy</QualifierName>
        </MeshHeading>
        <MeshHeading>
          <DescriptorName UI="D051381" MajorTopicYN="N">Rats</DescriptorName>
        </MeshHeading>
        <MeshHeading>
          <DescriptorName UI="D013268" MajorTopicYN="N">Stimulation, Chemical</DescriptorName>
        </MeshHeading>
        <MeshHeading>
          <DescriptorName UI="D013997" MajorTopicYN="N">Time Factors</DescriptorName>
        </MeshHeading>
        <MeshHeading>
          <DescriptorName UI="D014508" MajorTopicYN="N">Urea</DescriptorName>
          <QualifierName UI="Q000031" MajorTopicYN="Y">analogs &amp; derivatives</QualifierName>
          <QualifierName UI="Q000494" MajorTopicYN="N">pharmacology</QualifierName>
          <QualifierName UI="Q000627" MajorTopicYN="N">therapeutic use</QualifierName>
        </MeshHeading>
      </MeshHeadingList>
    </MedlineCitation>
    <PubmedData>
      <History>
        <PubMedPubDate PubStatus="pubmed">
          <Year>1975</Year>
          <Month>9</Month>
          <Day>1</Day>
        </PubMedPubDate>
        <PubMedPubDate PubStatus="medline">
          <Year>1975</Year>
          <Month>9</Month>
          <Day>1</Day>
          <Hour>0</Hour>
          <Minute>1</Minute>
        </PubMedPubDate>
        <PubMedPubDate PubStatus="entrez">
          <Year>1975</Year>
          <Month>9</Month>
          <Day>1</Day>
          <Hour>0</Hour>
          <Minute>0</Minute>
        </PubMedPubDate>
      </History>
      <PublicationStatus>ppublish</PublicationStatus>
      <ArticleIdList>
        <ArticleId IdType="pubmed">22</ArticleId>
      </ArticleIdList>
      <ReferenceList>
        <Reference>
          <Citation>Crit Care Med. 2006 Jul;34(7):1913-7</Citation>
          <ArticleIdList>
            <ArticleId IdType="pubmed">16715038</ArticleId>
          </ArticleIdList>
        </Reference>
        <Reference>
          <Citation>Crit Care. 2007;11(2):R31</Citation>
          <ArticleIdList>
            <ArticleId IdType="pubmed">17331245</ArticleId>
          </ArticleIdList>
        </Reference>
        <Reference>
          <Citation>J Am Soc Nephrol. 2010 Feb;21(2):345-52</Citation>
          <ArticleIdList>
            <ArticleId IdType="pubmed">20019168</ArticleId>
          </ArticleIdList>
        </Reference>
        <Reference>
          <Citation>Am J Kidney Dis. 2010 Oct;56(4):651-60</Citation>
          <ArticleIdList>
            <ArticleId IdType="pubmed">20673605</ArticleId>
          </ArticleIdList>
        </Reference>
        <Reference>
          <Citation>Blood Purif. 2010;30(2):120-6</Citation>
          <ArticleIdList>
            <ArticleId IdType="pubmed">20714143</ArticleId>
          </ArticleIdList>
        </Reference>
        <Reference>
          <Citation>Nephrol Dial Transplant. 2011 Jul;26(7):2161-8</Citation>
          <ArticleIdList>
            <ArticleId IdType="pubmed">21148028</ArticleId>
          </ArticleIdList>
        </Reference>
        <Reference>
          <Citation>Am J Kidney Dis. 2011 Feb;57(2):228-34</Citation>
          <ArticleIdList>
            <ArticleId IdType="pubmed">21195518</ArticleId>
          </ArticleIdList>
        </Reference>
        <Reference>
          <Citation>Clin J Am Soc Nephrol. 2012 Apr;7(4):533-40</Citation>
          <ArticleIdList>
            <ArticleId IdType="pubmed">22362062</ArticleId>
          </ArticleIdList>
        </Reference>
        <Reference>
          <Citation>QJM. 2012 Aug;105(8):729-40</Citation>
          <ArticleIdList>
            <ArticleId IdType="pubmed">22408153</ArticleId>
          </ArticleIdList>
        </Reference>
        <Reference>
          <Citation>Clin J Am Soc Nephrol. 2012 May;7(5):712-9</Citation>
          <ArticleIdList>
            <ArticleId IdType="pubmed">22422536</ArticleId>
          </ArticleIdList>
        </Reference>
        <Reference>
          <Citation>QJM. 2013 Apr;106(4):323-32</Citation>
          <ArticleIdList>
            <ArticleId IdType="pubmed">23345468</ArticleId>
          </ArticleIdList>
        </Reference>
        <Reference>
          <Citation>J R Coll Physicians Edinb. 2013;43(1):37-8</Citation>
          <ArticleIdList>
            <ArticleId IdType="pubmed">23516690</ArticleId>
          </ArticleIdList>
        </Reference>
      </ReferenceList>
    </PubmedData>
  </PubmedArticle>
</PubmedArticleSet>